
--------------------------------------------------------------------------------
                                 MP(2) Summary                                  
--------------------------------------------------------------------------------
  MP energy contribution:                                   -0.0633184975 a.u.
  Total energy:                                            -14.6362777067 a.u.
--------------------------------------------------------------------------------
  Starting Davidson ... 
--------------------------------------------------------------------------------
   It NVec Conv  Avg. Norm  Max. Norm  Conv. states           Remark
--------------------------------------------------------------------------------
        10    0  5.685e-02  2.235e-01  0.2161 n n n n n n n n Guess.
    1   20    0  8.065e-03  4.663e-02  0.2069 n n n n n n n n 
    2   30    0  1.135e-03  9.361e-03  0.2069 n n n n n n n n 
    3   40    0  9.711e-05  6.978e-04  0.2069 n n n n n n n n 
    4   50    0  1.046e-05  9.387e-05  0.2069 n n n n n n n n 
    5   20    6  7.251e-07  6.454e-06  0.2069 y y y y y y n n Subspace collapsed.
    6   30    9  1.536e-07  1.161e-06  0.2069 y y y y y y y n 
    7   40   10  3.470e-08  3.008e-07  0.2069 y y y y y y y y Converged.
--------------------------------------------------------------------------------
  Davidson Summary: 
 ------------------------------------------------------------
  State  0: excitation energy =   0.2069 a.u.   (converged)
  State  1: excitation energy =   0.2069 a.u.   (converged)
  State  2: excitation energy =   0.2069 a.u.   (converged)
  State  3: excitation energy =   0.2665 a.u.   (converged)
  State  4: excitation energy =   0.3179 a.u.   (converged)
  State  5: excitation energy =   0.3179 a.u.   (converged)
  State  6: excitation energy =   0.3179 a.u.   (converged)
  State  7: excitation energy =   0.4881 a.u.   (converged)
  State  8: excitation energy =   0.5318 a.u.   (converged)
  State  9: excitation energy =   0.5318 a.u.   (converged)
 ------------------------------------------------------------

  Starting Davidson ... 
--------------------------------------------------------------------------------
   It NVec Conv  Avg. Norm  Max. Norm  Conv. states           Remark
--------------------------------------------------------------------------------
        10    0  5.082e-02  1.970e-01  0.0914 n n n n n n n n Guess.
    1   20    0  8.756e-03  4.394e-02  0.0870 n n n n n n n n 
    2   30    0  9.905e-04  6.586e-03  0.0870 n n n n n n n n 
    3   40    0  8.505e-05  5.995e-04  0.0870 n n n n n n n n 
    4   50    0  6.248e-06  4.086e-05  0.0870 n n n n n n n n 
    5   20    5  5.345e-07  3.560e-06  0.0870 y y n y y y n n Subspace collapsed.
    6   30   10  3.061e-08  2.162e-07  0.0870 y y y y y y y y Converged.
--------------------------------------------------------------------------------
  Davidson Summary: 
 ------------------------------------------------------------
  State  0: excitation energy =   0.0870 a.u.   (converged)
  State  1: excitation energy =   0.0870 a.u.   (converged)
  State  2: excitation energy =   0.0870 a.u.   (converged)
  State  3: excitation energy =   0.2381 a.u.   (converged)
  State  4: excitation energy =   0.2933 a.u.   (converged)
  State  5: excitation energy =   0.2933 a.u.   (converged)
  State  6: excitation energy =   0.2933 a.u.   (converged)
  State  7: excitation energy =   0.4589 a.u.   (converged)
  State  8: excitation energy =   0.5212 a.u.   (converged)
  State  9: excitation energy =   0.5212 a.u.   (converged)
 ------------------------------------------------------------


--------------------------------------------------------------------------------
                             Excited State Summary
--------------------------------------------------------------------------------
--------------------------------------------------------------------------------

  Excited state  1 (triplet, A)                                    [converged]
  ----------------------------------------------------------------------------
  Term symbol:  1 (3) A                                     R^2 =  8.66450e-08

  Total energy:                                            -14.5492912075 a.u.
  Excitation energy:                                               2.367023 eV


  V1^2 = 0.9985, V2^2 = 0.0015

  Important amplitudes:
      occ i     occ j     vir a      vir b          v   
    -----------------------------------------------------
     2 (A) A              5 (A) A                -0.5663
     2 (A) A              7 (A) A                 0.3334
    -----------------------------------------------------
  ----------------------------------------------------------------------------


  Excited state  2 (triplet, A)                                    [converged]
  ----------------------------------------------------------------------------
  Term symbol:  2 (3) A                                     R^2 =  4.89856e-08

  Total energy:                                            -14.5492912075 a.u.
  Excitation energy:                                               2.367023 eV


  V1^2 = 0.9985, V2^2 = 0.0015

  Important amplitudes:
      occ i     occ j     vir a      vir b          v   
    -----------------------------------------------------
     2 (A) A              3 (A) A                -0.5637
     2 (A) A              9 (A) A                -0.3333
    -----------------------------------------------------
  ----------------------------------------------------------------------------


  Excited state  3 (triplet, A)                                    [converged]
  ----------------------------------------------------------------------------
  Term symbol:  3 (3) A                                     R^2 =  3.47786e-08

  Total energy:                                            -14.5492912075 a.u.
  Excitation energy:                                               2.367023 eV


  V1^2 = 0.9985, V2^2 = 0.0015

  Important amplitudes:
      occ i     occ j     vir a      vir b          v   
    -----------------------------------------------------
     2 (A) A              4 (A) A                -0.6085
     2 (A) A              8 (A) A                -0.3337
    -----------------------------------------------------
  ----------------------------------------------------------------------------


  Excited state  4 (singlet, A)                                    [converged]
  ----------------------------------------------------------------------------
  Term symbol:  2 (1) A                                     R^2 =  3.79436e-09

  Total energy:                                            -14.4293879227 a.u.
  Excitation energy:                                               5.629757 eV



  V1^2 = 0.9923, V2^2 = 0.0077

  Important amplitudes:
      occ i     occ j     vir a      vir b          v   
    -----------------------------------------------------
     2 (A) A              5 (A) A                 0.6760
     2 (A) A              3 (A) A                 0.1520
    -----------------------------------------------------
  ----------------------------------------------------------------------------


  Excited state  5 (singlet, A)                                    [converged]
  ----------------------------------------------------------------------------
  Term symbol:  3 (1) A                                     R^2 =  1.34767e-09

  Total energy:                                            -14.4293879227 a.u.
  Excitation energy:                                               5.629757 eV



  V1^2 = 0.9923, V2^2 = 0.0077

  Important amplitudes:
      occ i     occ j     vir a      vir b          v   
    -----------------------------------------------------
     2 (A) A              3 (A) A                -0.6732
     2 (A) A              5 (A) A                 0.1515
    -----------------------------------------------------
  ----------------------------------------------------------------------------


  Excited state  6 (singlet, A)                                    [converged]
  ----------------------------------------------------------------------------
  Term symbol:  4 (1) A                                     R^2 =  9.92702e-10

  Total energy:                                            -14.4293879227 a.u.
  Excitation energy:                                               5.629757 eV



  V1^2 = 0.9923, V2^2 = 0.0077

  Important amplitudes:
      occ i     occ j     vir a      vir b          v   
    -----------------------------------------------------
     2 (A) A              4 (A) A                -0.6901
     2 (A) A              8 (A) A                -0.1230
    -----------------------------------------------------
  ----------------------------------------------------------------------------


  Excited state  7 (triplet, A)                                    [converged]
  ----------------------------------------------------------------------------
  Term symbol:  4 (3) A                                     R^2 =  4.64307e-08

  Total energy:                                            -14.3981990136 a.u.
  Excitation energy:                                               6.478451 eV


  V1^2 = 0.9923, V2^2 = 0.0077

  Important amplitudes:
      occ i     occ j     vir a      vir b          v   
    -----------------------------------------------------
     2 (A) A              6 (A) A                 0.6826
     2 (A) A             10 (A) A                -0.1691
    -----------------------------------------------------
  ----------------------------------------------------------------------------


  Excited state  8 (singlet, A)                                    [converged]
  ----------------------------------------------------------------------------
  Term symbol:  5 (1) A                                     R^2 =  2.20998e-08

  Total energy:                                            -14.3697998091 a.u.
  Excitation energy:                                               7.251232 eV



  V1^2 = 0.9740, V2^2 = 0.0260

  Important amplitudes:
      occ i     occ j     vir a      vir b          v   
    -----------------------------------------------------
     2 (A) A              6 (A) A                 0.6935
     2 (A) A             10 (A) A                -0.0775
    -----------------------------------------------------
  ----------------------------------------------------------------------------


  Excited state  9 (triplet, A)                                    [converged]
  ----------------------------------------------------------------------------
  Term symbol:  5 (3) A                                     R^2 =  2.16184e-07

  Total energy:                                            -14.3430074908 a.u.
  Excitation energy:                                               7.980288 eV


  V1^2 = 0.9911, V2^2 = 0.0089

  Important amplitudes:
      occ i     occ j     vir a      vir b          v   
    -----------------------------------------------------
     2 (A) A              7 (A) A                 0.5574
     2 (A) A              5 (A) A                 0.3489
    -----------------------------------------------------
  ----------------------------------------------------------------------------


  Excited state 10 (triplet, A)                                    [converged]
  ----------------------------------------------------------------------------
  Term symbol:  6 (3) A                                     R^2 =  4.66180e-08

  Total energy:                                            -14.3430074908 a.u.
  Excitation energy:                                               7.980288 eV


  V1^2 = 0.9911, V2^2 = 0.0089

  Important amplitudes:
      occ i     occ j     vir a      vir b          v   
    -----------------------------------------------------
     2 (A) A              9 (A) A                -0.5144
     2 (A) A              3 (A) A                 0.3365
    -----------------------------------------------------
  ----------------------------------------------------------------------------


  Excited state 11 (triplet, A)                                    [converged]
  ----------------------------------------------------------------------------
  Term symbol:  7 (3) A                                     R^2 =  3.38711e-08

  Total energy:                                            -14.3430074908 a.u.
  Excitation energy:                                               7.980288 eV


  V1^2 = 0.9911, V2^2 = 0.0089

  Important amplitudes:
      occ i     occ j     vir a      vir b          v   
    -----------------------------------------------------
     2 (A) A              8 (A) A                -0.5411
     2 (A) A              4 (A) A                 0.3394
    -----------------------------------------------------
  ----------------------------------------------------------------------------


  Excited state 12 (singlet, A)                                    [converged]
  ----------------------------------------------------------------------------
  Term symbol:  6 (1) A                                     R^2 =  3.00784e-07

  Total energy:                                            -14.3184212936 a.u.
  Excitation energy:                                               8.649313 eV



  V1^2 = 0.9817, V2^2 = 0.0183

  Important amplitudes:
      occ i     occ j     vir a      vir b          v   
    -----------------------------------------------------
     2 (A) A              7 (A) A                -0.6497
     2 (A) A              9 (A) A                -0.1763
    -----------------------------------------------------
  ----------------------------------------------------------------------------


  Excited state 13 (singlet, A)                                    [converged]
  ----------------------------------------------------------------------------
  Term symbol:  7 (1) A                                     R^2 =  5.99869e-08

  Total energy:                                            -14.3184212936 a.u.
  Excitation energy:                                               8.649313 eV



  V1^2 = 0.9817, V2^2 = 0.0183

  Important amplitudes:
      occ i     occ j     vir a      vir b          v   
    -----------------------------------------------------
     2 (A) A              9 (A) A                -0.6414
     2 (A) A              7 (A) A                 0.1772
    -----------------------------------------------------
  ----------------------------------------------------------------------------


  Excited state 14 (singlet, A)                                    [converged]
  ----------------------------------------------------------------------------
  Term symbol:  8 (1) A                                     R^2 =  2.22262e-09

  Total energy:                                            -14.3184212936 a.u.
  Excitation energy:                                               8.649313 eV



  V1^2 = 0.9817, V2^2 = 0.0183

  Important amplitudes:
      occ i     occ j     vir a      vir b          v   
    -----------------------------------------------------
     2 (A) A              8 (A) A                -0.6652
     2 (A) A             13 (A) A                 0.1468
    -----------------------------------------------------
  ----------------------------------------------------------------------------


  Excited state 15 (triplet, A)                                    [converged]
  ----------------------------------------------------------------------------
  Term symbol:  8 (3) A                                     R^2 =  1.12661e-07

  Total energy:                                            -14.1773282136 a.u.
  Excitation energy:                                              12.488651 eV


  V1^2 = 0.9869, V2^2 = 0.0131

  Important amplitudes:
      occ i     occ j     vir a      vir b          v   
    -----------------------------------------------------
     2 (A) A             10 (A) A                -0.6724
     2 (A) A              6 (A) A                -0.1711
    -----------------------------------------------------
  ----------------------------------------------------------------------------


  Excited state 16 (singlet, A)                                    [converged]
  ----------------------------------------------------------------------------
  Term symbol:  9 (1) A                                     R^2 =  1.26039e-07

  Total energy:                                            -14.1482171945 a.u.
  Excitation energy:                                              13.280802 eV



  V1^2 = 0.9694, V2^2 = 0.0306

  Important amplitudes:
      occ i     occ j     vir a      vir b          v   
    -----------------------------------------------------
     2 (A) A             10 (A) A                -0.6882
     2 (A) A              6 (A) A                -0.0812
    -----------------------------------------------------
  ----------------------------------------------------------------------------


  Excited state 17 (triplet, A)                                    [converged]
  ----------------------------------------------------------------------------
  Term symbol:  9 (3) A                                     R^2 =  9.40717e-08

  Total energy:                                            -14.1150437041 a.u.
  Excitation energy:                                              14.183499 eV


  V1^2 = 0.9912, V2^2 = 0.0088

  Important amplitudes:
      occ i     occ j     vir a      vir b          v   
    -----------------------------------------------------
     2 (A) A             12 (A) A                 0.5753
     2 (A) A             13 (A) A                -0.3266
    -----------------------------------------------------
  ----------------------------------------------------------------------------


  Excited state 18 (triplet, A)                                    [converged]
  ----------------------------------------------------------------------------
  Term symbol:  10 (3) A                                    R^2 =  9.40717e-08

  Total energy:                                            -14.1150437041 a.u.
  Excitation energy:                                              14.183499 eV


  V1^2 = 0.9912, V2^2 = 0.0088

  Important amplitudes:
      occ i     occ j     vir a      vir b          v   
    -----------------------------------------------------
     2 (A) A             13 (A) A                 0.5753
     2 (A) A             12 (A) A                 0.3266
    -----------------------------------------------------
  ----------------------------------------------------------------------------


  Excited state 19 (singlet, A)                                    [converged]
  ----------------------------------------------------------------------------
  Term symbol:  10 (1) A                                    R^2 =  7.05978e-08

  Total energy:                                            -14.1045216201 a.u.
  Excitation energy:                                              14.469819 eV



  V1^2 = 0.9641, V2^2 = 0.0359

  Important amplitudes:
      occ i     occ j     vir a      vir b          v   
    -----------------------------------------------------
     2 (A) A             12 (A) A                -0.6661
     2 (A) A              9 (A) A                -0.1391
    -----------------------------------------------------
  ----------------------------------------------------------------------------


  Excited state 20 (singlet, A)                                    [converged]
  ----------------------------------------------------------------------------
  Term symbol:  11 (1) A                                    R^2 =  7.05977e-08

  Total energy:                                            -14.1045216201 a.u.
  Excitation energy:                                              14.469819 eV



  V1^2 = 0.9641, V2^2 = 0.0359

  Important amplitudes:
      occ i     occ j     vir a      vir b          v   
    -----------------------------------------------------
     2 (A) A             13 (A) A                -0.6661
     2 (A) A              8 (A) A                -0.1556
    -----------------------------------------------------
  ----------------------------------------------------------------------------


eri_bbbb False
eri_ffff False
neweri maximag 9.47592698752e-17
neweri True
trans_bas True 0.0
focks agree True
fock True
fock diagonal True
max imags 1.24189775073e-07 6.10622663544e-16 6.10622663544e-16
overlap True
--------------------------------------------------------------------------------
