
--------------------------------------------------------------------------------
                                 MP(2) Summary                                  
--------------------------------------------------------------------------------
  MP energy contribution:                                   -0.0536914219 a.u.
  Total energy:                                            -14.5214981919 a.u.
--------------------------------------------------------------------------------
  Starting Davidson ... 
--------------------------------------------------------------------------------
   It NVec Conv  Avg. Norm  Max. Norm  Conv. states           Remark
--------------------------------------------------------------------------------
        10    0  1.386e-01  6.966e-01  0.2866 n n n n n n n n Guess.
    1   20    0  1.787e-01  1.163e+00  0.2802 n n n n n n n n 
    2   30    0  3.317e-02  3.071e-01  0.2802 n n n n n n n n 
    3   40    2  2.524e-03  2.491e-02  0.2802 y y n n n n n n 
    4   50    6  6.795e-05  6.794e-04  0.2802 y y y n n y y y 
    5   20    9  4.210e-06  4.209e-05  0.2802 y y y n y y y y Subspace collapsed.
    6   30    9  1.041e-07  1.041e-06  0.2802 y y y n y y y y 
    7   31    9  1.041e-07  1.041e-06  0.2802 y y y n y y y y 
    8   39   10  8.096e-09  8.095e-08  0.2802 y y y y y y y y Converged.
--------------------------------------------------------------------------------
  Davidson Summary: 
 ------------------------------------------------------------
  State  0: excitation energy =   0.2802 a.u.   (converged)
  State  1: excitation energy =   0.2802 a.u.   (converged)
  State  2: excitation energy =   0.2802 a.u.   (converged)
  State  3: excitation energy =   0.9486 a.u.   (converged)
  State  4: excitation energy =   1.0678 a.u.   (converged)
  State  5: excitation energy =   1.0971 a.u.   (converged)
  State  6: excitation energy =   1.0971 a.u.   (converged)
  State  7: excitation energy =   1.0971 a.u.   (converged)
  State  8: excitation energy =   1.8673 a.u.   (converged)
  State  9: excitation energy =   1.8673 a.u.   (converged)
 ------------------------------------------------------------

  Starting Davidson ... 
--------------------------------------------------------------------------------
   It NVec Conv  Avg. Norm  Max. Norm  Conv. states           Remark
--------------------------------------------------------------------------------
        10    0  1.341e-01  7.077e-01  0.1053 n n n n n n n n Guess.
    1   20    0  2.205e-01  2.189e+00  0.1031 n n n n n n n n 
    2   30    0  4.009e-01  2.824e+00  0.1031 n n n n n n n n 
    3   40    2  1.532e-01  1.082e+00  0.1031 y y n n n n n n 
    4   50    7  2.811e-02  1.988e-01  0.1031 y y y y y y y n 
    5   20    7  2.765e-02  1.955e-01  0.1031 y y y y y y y n Subspace collapsed.
    6   21    7  2.765e-02  1.955e-01  0.1031 y y y y y y y n 
    7   29    7  9.568e-03  6.766e-02  0.1031 y y y y y y y n 
    8   31    8  9.564e-03  6.766e-02  0.1031 y y y y y y y n 
    9   32    8  9.564e-03  6.766e-02  0.1031 y y y y y y y n 
   10   32    8  9.564e-03  6.766e-02  0.1031 y y y y y y y n 
   11   32    8  9.564e-03  6.766e-02  0.1031 y y y y y y y n 
   12   42    7  1.055e-01  1.055e+00  0.1031 y y y y y y y n 
   13   45    7  3.395e-02  3.395e-01  0.1031 y y y y y y y n 
   14   45    7  3.395e-02  3.395e-01  0.1031 y y y y y y y n 
   15   45    7  3.395e-02  3.395e-01  0.1031 y y y y y y y n 
   16   45    7  3.395e-02  3.395e-01  0.1031 y y y y y y y n 
   17   50    7  2.835e-02  2.835e-01  0.1031 y y y y y y y n 
   18   14    7  1.142e-02  1.142e-01  0.1031 y y y y y y y n Subspace collapsed.
   19   14    7  1.142e-02  1.142e-01  0.1031 y y y y y y y n 
   20   16    7  1.126e-02  1.126e-01  0.1031 y y y y y y y n 
   21   17    7  1.063e-02  1.063e-01  0.1031 y y y y y y y n 
   22   20    7  4.347e-03  4.347e-02  0.1031 y y y y y y y n 
   23   23    8  3.576e-03  3.576e-02  0.1031 y y y y y y y y 
   24   26    9  1.445e-03  1.445e-02  0.1031 y y y y y y y y 
   25   29    9  9.884e-05  9.884e-04  0.1031 y y y y y y y y 
   26   32    9  3.592e-06  3.592e-05  0.1031 y y y y y y y y 
   27   35   10  6.918e-08  6.918e-07  0.1031 y y y y y y y y Converged.
--------------------------------------------------------------------------------
  Davidson Summary: 
 ------------------------------------------------------------
  State  0: excitation energy =   0.1031 a.u.   (converged)
  State  1: excitation energy =   0.1031 a.u.   (converged)
  State  2: excitation energy =   0.1031 a.u.   (converged)
  State  3: excitation energy =   0.9774 a.u.   (converged)
  State  4: excitation energy =   1.0819 a.u.   (converged)
  State  5: excitation energy =   1.0819 a.u.   (converged)
  State  6: excitation energy =   1.0819 a.u.   (converged)
  State  7: excitation energy =   1.8453 a.u.   (converged)
  State  8: excitation energy =   1.8453 a.u.   (converged)
  State  9: excitation energy =   1.8453 a.u.   (converged)
 ------------------------------------------------------------


--------------------------------------------------------------------------------
                             Excited State Summary
--------------------------------------------------------------------------------
--------------------------------------------------------------------------------

  Excited state  1 (triplet, A)                                    [converged]
  ----------------------------------------------------------------------------
  Term symbol:  1 (3) A                                     R^2 =  6.89177e-15

  Total energy:                                            -14.4184435054 a.u.
  Excitation energy:                                               2.804261 eV


  V1^2 = 0.9996, V2^2 = 0.0004

  Important amplitudes:
      occ i     occ j     vir a      vir b          v   
    -----------------------------------------------------
     2 (A) A              5 (A) A                 0.6981
     2 (A) A              3 (A) A                -0.0998
    -----------------------------------------------------
  ----------------------------------------------------------------------------


  Excited state  2 (triplet, A)                                    [converged]
  ----------------------------------------------------------------------------
  Term symbol:  2 (3) A                                     R^2 =  5.62598e-15

  Total energy:                                            -14.4184435054 a.u.
  Excitation energy:                                               2.804261 eV


  V1^2 = 0.9996, V2^2 = 0.0004

  Important amplitudes:
      occ i     occ j     vir a      vir b          v   
    -----------------------------------------------------
     2 (A) A              4 (A) A                -0.6680
     2 (A) A              3 (A) A                -0.2221
    -----------------------------------------------------
  ----------------------------------------------------------------------------


  Excited state  3 (triplet, A)                                    [converged]
  ----------------------------------------------------------------------------
  Term symbol:  3 (3) A                                     R^2 =  1.97958e-13

  Total energy:                                            -14.4184435054 a.u.
  Excitation energy:                                               2.804261 eV


  V1^2 = 0.9996, V2^2 = 0.0004

  Important amplitudes:
      occ i     occ j     vir a      vir b          v   
    -----------------------------------------------------
     2 (A) A              3 (A) A                 0.6620
     2 (A) A              4 (A) A                -0.2261
    -----------------------------------------------------
  ----------------------------------------------------------------------------


  Excited state  4 (singlet, A)                                    [converged]
  ----------------------------------------------------------------------------
  Term symbol:  2 (1) A                                     R^2 =  1.09460e-12

  Total energy:                                            -14.2413191789 a.u.
  Excitation energy:                                               7.624059 eV



  V1^2 = 0.9987, V2^2 = 0.0013

  Important amplitudes:
      occ i     occ j     vir a      vir b          v   
    -----------------------------------------------------
     2 (A) A              5 (A) A                 0.7033
     2 (A) A              9 (A) A                -0.0428
    -----------------------------------------------------
  ----------------------------------------------------------------------------


  Excited state  5 (singlet, A)                                    [converged]
  ----------------------------------------------------------------------------
  Term symbol:  3 (1) A                                     R^2 =  5.09675e-13

  Total energy:                                            -14.2413191789 a.u.
  Excitation energy:                                               7.624059 eV



  V1^2 = 0.9987, V2^2 = 0.0013

  Important amplitudes:
      occ i     occ j     vir a      vir b          v   
    -----------------------------------------------------
     2 (A) A              3 (A) A                 0.5883
     2 (A) A              4 (A) A                 0.3877
    -----------------------------------------------------
  ----------------------------------------------------------------------------


  Excited state  6 (singlet, A)                                    [converged]
  ----------------------------------------------------------------------------
  Term symbol:  4 (1) A                                     R^2 =  5.09164e-13

  Total energy:                                            -14.2413191789 a.u.
  Excitation energy:                                               7.624059 eV



  V1^2 = 0.9987, V2^2 = 0.0013

  Important amplitudes:
      occ i     occ j     vir a      vir b          v   
    -----------------------------------------------------
     2 (A) A              4 (A) A                 0.5869
     2 (A) A              3 (A) A                -0.3877
    -----------------------------------------------------
  ----------------------------------------------------------------------------


  Excited state  7 (singlet, A)                                    [converged]
  ----------------------------------------------------------------------------
  Term symbol:  5 (1) A                                     R^2 =  8.09483e-08

  Total energy:                                            -13.5729103498 a.u.
  Excitation energy:                                              25.812388 eV



  V1^2 = 0.0286, V2^2 = 0.9714

  Important amplitudes:
      occ i     occ j     vir a      vir b          v   
    -----------------------------------------------------
     2 (A) A   2 (A) B    3 (A) A    3 (A) B     -0.2844
     2 (A) A   2 (A) B    4 (A) A    4 (A) B     -0.2844
    -----------------------------------------------------
  ----------------------------------------------------------------------------


  Excited state  8 (triplet, A)                                    [converged]
  ----------------------------------------------------------------------------
  Term symbol:  4 (3) A                                     R^2 =  2.68964e-15

  Total energy:                                            -13.5441268931 a.u.
  Excitation energy:                                              26.595626 eV


  V1^2 = 0.9907, V2^2 = 0.0093

  Important amplitudes:
      occ i     occ j     vir a      vir b          v   
    -----------------------------------------------------
     2 (A) A              6 (A) A                -0.7037
     2 (A) A   2 (A) B    4 (A) A    8 (A) B     -0.0185
    -----------------------------------------------------
  ----------------------------------------------------------------------------


  Excited state  9 (singlet, A)                                    [converged]
  ----------------------------------------------------------------------------
  Term symbol:  6 (1) A                                     R^2 =  1.19183e-09

  Total energy:                                            -13.4537108330 a.u.
  Excitation energy:                                              29.055972 eV



  V1^2 = 0.9352, V2^2 = 0.0648

  Important amplitudes:
      occ i     occ j     vir a      vir b          v   
    -----------------------------------------------------
     2 (A) A              6 (A) A                -0.6838
     2 (A) A   2 (A) B    5 (A) A    5 (A) B      0.0495
    -----------------------------------------------------
  ----------------------------------------------------------------------------


  Excited state 10 (triplet, A)                                    [converged]
  ----------------------------------------------------------------------------
  Term symbol:  5 (3) A                                     R^2 =  3.11805e-13

  Total energy:                                            -13.4395975381 a.u.
  Excitation energy:                                              29.440014 eV


  V1^2 = 0.9986, V2^2 = 0.0014

  Important amplitudes:
      occ i     occ j     vir a      vir b          v   
    -----------------------------------------------------
     2 (A) A              9 (A) A                 0.5382
     2 (A) A              7 (A) A                 0.4508
    -----------------------------------------------------
  ----------------------------------------------------------------------------


  Excited state 11 (triplet, A)                                    [converged]
  ----------------------------------------------------------------------------
  Term symbol:  6 (3) A                                     R^2 =  2.93166e-13

  Total energy:                                            -13.4395975381 a.u.
  Excitation energy:                                              29.440014 eV


  V1^2 = 0.9986, V2^2 = 0.0014

  Important amplitudes:
      occ i     occ j     vir a      vir b          v   
    -----------------------------------------------------
     2 (A) A              7 (A) A                 0.5229
     2 (A) A              9 (A) A                -0.4536
    -----------------------------------------------------
  ----------------------------------------------------------------------------


  Excited state 12 (triplet, A)                                    [converged]
  ----------------------------------------------------------------------------
  Term symbol:  7 (3) A                                     R^2 =  8.95470e-14

  Total energy:                                            -13.4395975381 a.u.
  Excitation energy:                                              29.440014 eV


  V1^2 = 0.9986, V2^2 = 0.0014

  Important amplitudes:
      occ i     occ j     vir a      vir b          v   
    -----------------------------------------------------
     2 (A) A              8 (A) A                -0.6893
     2 (A) A              7 (A) A                -0.1423
    -----------------------------------------------------
  ----------------------------------------------------------------------------


  Excited state 13 (singlet, A)                                    [converged]
  ----------------------------------------------------------------------------
  Term symbol:  7 (1) A                                     R^2 =  1.77607e-10

  Total energy:                                            -13.4244184708 a.u.
  Excitation energy:                                              29.853057 eV



  V1^2 = 0.9691, V2^2 = 0.0309

  Important amplitudes:
      occ i     occ j     vir a      vir b          v   
    -----------------------------------------------------
     2 (A) A              9 (A) A                -0.5942
     2 (A) A              7 (A) A                -0.3577
    -----------------------------------------------------
  ----------------------------------------------------------------------------


  Excited state 14 (singlet, A)                                    [converged]
  ----------------------------------------------------------------------------
  Term symbol:  8 (1) A                                     R^2 =  1.13824e-12

  Total energy:                                            -13.4244184708 a.u.
  Excitation energy:                                              29.853057 eV



  V1^2 = 0.9691, V2^2 = 0.0309

  Important amplitudes:
      occ i     occ j     vir a      vir b          v   
    -----------------------------------------------------
     2 (A) A              8 (A) A                 0.5637
     2 (A) A              7 (A) A                 0.3375
    -----------------------------------------------------
  ----------------------------------------------------------------------------


  Excited state 15 (singlet, A)                                    [converged]
  ----------------------------------------------------------------------------
  Term symbol:  9 (1) A                                     R^2 =  6.51682e-12

  Total energy:                                            -13.4244184708 a.u.
  Excitation energy:                                              29.853057 eV



  V1^2 = 0.9691, V2^2 = 0.0309

  Important amplitudes:
      occ i     occ j     vir a      vir b          v   
    -----------------------------------------------------
     2 (A) A              7 (A) A                -0.4895
     2 (A) A              8 (A) A                 0.4041
    -----------------------------------------------------
  ----------------------------------------------------------------------------


  Excited state 16 (triplet, A)                                    [converged]
  ----------------------------------------------------------------------------
  Term symbol:  8 (3) A                                     R^2 =  3.37633e-11

  Total energy:                                            -12.6762380348 a.u.
  Excitation energy:                                              50.212083 eV


  V1^2 = 0.0007, V2^2 = 0.9993

  Important amplitudes:
      occ i     occ j     vir a      vir b          v   
    -----------------------------------------------------
     2 (A) A   2 (A) B    3 (A) A    6 (A) B     -0.3202
     2 (A) A              7 (A) A                 0.0115
    -----------------------------------------------------
  ----------------------------------------------------------------------------


  Excited state 17 (triplet, A)                                    [converged]
  ----------------------------------------------------------------------------
  Term symbol:  9 (3) A                                     R^2 =  1.18889e-10

  Total energy:                                            -12.6762380348 a.u.
  Excitation energy:                                              50.212083 eV


  V1^2 = 0.0007, V2^2 = 0.9993

  Important amplitudes:
      occ i     occ j     vir a      vir b          v   
    -----------------------------------------------------
     2 (A) A   2 (A) B    4 (A) A    6 (A) B      0.3206
     2 (A) A              8 (A) A                -0.0131
    -----------------------------------------------------
  ----------------------------------------------------------------------------


  Excited state 18 (triplet, A)                                    [converged]
  ----------------------------------------------------------------------------
  Term symbol:  10 (3) A                                    R^2 =  6.91767e-07

  Total energy:                                            -12.6762380347 a.u.
  Excitation energy:                                              50.212083 eV


  V1^2 = 0.0007, V2^2 = 0.9993

  Important amplitudes:
      occ i     occ j     vir a      vir b          v   
    -----------------------------------------------------
     2 (A) A   2 (A) B    5 (A) A    6 (A) B     -0.3508
     2 (A) A              9 (A) A                 0.0145
    -----------------------------------------------------
  ----------------------------------------------------------------------------


  Excited state 19 (singlet, A)                                    [converged]
  ----------------------------------------------------------------------------
  Term symbol:  10 (1) A                                    R^2 =  3.51483e-10

  Total energy:                                            -12.6542170441 a.u.
  Excitation energy:                                              50.811304 eV



  V1^2 = 0.0292, V2^2 = 0.9708

  Important amplitudes:
      occ i     occ j     vir a      vir b          v   
    -----------------------------------------------------
     2 (A) A   2 (A) B    3 (A) A    6 (A) B      0.2910
     2 (A) A              8 (A) A                 0.0860
    -----------------------------------------------------
  ----------------------------------------------------------------------------


  Excited state 20 (singlet, A)                                    [converged]
  ----------------------------------------------------------------------------
  Term symbol:  11 (1) A                                    R^2 =  3.51654e-10

  Total energy:                                            -12.6542170441 a.u.
  Excitation energy:                                              50.811304 eV



  V1^2 = 0.0292, V2^2 = 0.9708

  Important amplitudes:
      occ i     occ j     vir a      vir b          v   
    -----------------------------------------------------
     2 (A) A   2 (A) B    4 (A) A    6 (A) B      0.2910
     2 (A) A              8 (A) A                 0.0841
    -----------------------------------------------------
  ----------------------------------------------------------------------------


eri_bbbb False
eri_ffff False
neweri maximag 9.71445146547e-17
neweri True
trans_bas True 0.0
focks agree True
fock True
fock diagonal True
max imags 7.3172912744e-09 4.85722573274e-17 4.85722573274e-17
overlap True
--------------------------------------------------------------------------------
