
--------------------------------------------------------------------------------
                                 MP(2) Summary                                  
--------------------------------------------------------------------------------
  MP energy contribution:                                   -0.0536914219 a.u.
  Total energy:                                            -14.5214981919 a.u.
--------------------------------------------------------------------------------
  Starting Davidson ... 
--------------------------------------------------------------------------------
   It NVec Conv  Avg. Norm  Max. Norm  Conv. states           Remark
--------------------------------------------------------------------------------
        10    0  1.386e-01  6.966e-01  0.2866 n n n n n n n n Guess.
    1   20    0  1.787e-01  1.163e+00  0.2802 n n n n n n n n 
    2   30    0  3.317e-02  3.071e-01  0.2802 n n n n n n n n 
    3   40    2  2.524e-03  2.491e-02  0.2802 y y n n n n n n 
    4   50    6  6.795e-05  6.794e-04  0.2802 y y y n n y y y 
    5   20    9  4.210e-06  4.209e-05  0.2802 y y y n y y y y Subspace collapsed.
    6   30    9  1.041e-07  1.041e-06  0.2802 y y y n y y y y 
    7   31    9  1.041e-07  1.041e-06  0.2802 y y y n y y y y 
    8   39   10  8.096e-09  8.095e-08  0.2802 y y y y y y y y Converged.
--------------------------------------------------------------------------------
  Davidson Summary: 
 ------------------------------------------------------------
  State  0: excitation energy =   0.2802 a.u.   (converged)
  State  1: excitation energy =   0.2802 a.u.   (converged)
  State  2: excitation energy =   0.2802 a.u.   (converged)
  State  3: excitation energy =   0.9486 a.u.   (converged)
  State  4: excitation energy =   1.0678 a.u.   (converged)
  State  5: excitation energy =   1.0971 a.u.   (converged)
  State  6: excitation energy =   1.0971 a.u.   (converged)
  State  7: excitation energy =   1.0971 a.u.   (converged)
  State  8: excitation energy =   1.8673 a.u.   (converged)
  State  9: excitation energy =   1.8673 a.u.   (converged)
 ------------------------------------------------------------

  Starting Davidson ... 
--------------------------------------------------------------------------------
   It NVec Conv  Avg. Norm  Max. Norm  Conv. states           Remark
--------------------------------------------------------------------------------
        10    0  1.341e-01  7.077e-01  0.1053 n n n n n n n n Guess.
    1   20    0  2.205e-01  2.189e+00  0.1031 n n n n n n n n 
    2   30    0  4.009e-01  2.824e+00  0.1031 n n n n n n n n 
    3   40    2  1.532e-01  1.082e+00  0.1031 y y n n n n n n 
    4   50    7  2.811e-02  1.988e-01  0.1031 y y y y y y y n 
    5   20    7  2.765e-02  1.955e-01  0.1031 y y y y y y y n Subspace collapsed.
    6   21    7  2.765e-02  1.955e-01  0.1031 y y y y y y y n 
    7   29    7  9.567e-03  6.765e-02  0.1031 y y y y y y y n 
    8   34    8  1.858e-03  1.314e-02  0.1031 y y y y y y y n 
    9   34    8  1.858e-03  1.314e-02  0.1031 y y y y y y y n 
   10   34    8  1.858e-03  1.314e-02  0.1031 y y y y y y y n 
   11   44    8  2.863e-05  2.027e-04  0.1031 y y y y y y y n 
   12   47    7  2.285e-02  2.285e-01  0.1031 y y y y y y y n 
   13   50    7  1.030e-03  1.030e-02  0.1031 y y y y y y y n 
   14   13    9  7.561e-05  7.561e-04  0.1031 y y y y y y y y Subspace collapsed.
   15   16    9  3.757e-05  3.757e-04  0.1031 y y y y y y y y 
   16   19    9  5.731e-06  5.731e-05  0.1031 y y y y y y y y 
   17   22    9  6.027e-07  6.027e-06  0.1031 y y y y y y y y 
   18   25   10  6.336e-08  6.334e-07  0.1031 y y y y y y y y Converged.
--------------------------------------------------------------------------------
  Davidson Summary: 
 ------------------------------------------------------------
  State  0: excitation energy =   0.1031 a.u.   (converged)
  State  1: excitation energy =   0.1031 a.u.   (converged)
  State  2: excitation energy =   0.1031 a.u.   (converged)
  State  3: excitation energy =   0.9774 a.u.   (converged)
  State  4: excitation energy =   1.0819 a.u.   (converged)
  State  5: excitation energy =   1.0819 a.u.   (converged)
  State  6: excitation energy =   1.0819 a.u.   (converged)
  State  7: excitation energy =   1.8453 a.u.   (converged)
  State  8: excitation energy =   1.8453 a.u.   (converged)
  State  9: excitation energy =   1.8453 a.u.   (converged)
 ------------------------------------------------------------


--------------------------------------------------------------------------------
                             Excited State Summary
--------------------------------------------------------------------------------
--------------------------------------------------------------------------------

  Excited state  1 (triplet, A)                                    [converged]
  ----------------------------------------------------------------------------
  Term symbol:  1 (3) A                                     R^2 =  1.74671e-14

  Total energy:                                            -14.4184435053 a.u.
  Excitation energy:                                               2.804261 eV


  V1^2 = 0.9996, V2^2 = 0.0004

  Important amplitudes:
      occ i     occ j     vir a      vir b          v   
    -----------------------------------------------------
     2 (A) A              5 (A) A                -0.7053
     2 (A) A              9 (A) A                -0.0458
    -----------------------------------------------------
  ----------------------------------------------------------------------------


  Excited state  2 (triplet, A)                                    [converged]
  ----------------------------------------------------------------------------
  Term symbol:  2 (3) A                                     R^2 =  3.07081e-14

  Total energy:                                            -14.4184435053 a.u.
  Excitation energy:                                               2.804261 eV


  V1^2 = 0.9996, V2^2 = 0.0004

  Important amplitudes:
      occ i     occ j     vir a      vir b          v   
    -----------------------------------------------------
     2 (A) A              4 (A) A                -0.6111
     2 (A) A              3 (A) A                 0.3521
    -----------------------------------------------------
  ----------------------------------------------------------------------------


  Excited state  3 (triplet, A)                                    [converged]
  ----------------------------------------------------------------------------
  Term symbol:  3 (3) A                                     R^2 =  2.87594e-14

  Total energy:                                            -14.4184435053 a.u.
  Excitation energy:                                               2.804261 eV


  V1^2 = 0.9996, V2^2 = 0.0004

  Important amplitudes:
      occ i     occ j     vir a      vir b          v   
    -----------------------------------------------------
     2 (A) A              3 (A) A                -0.6111
     2 (A) A              4 (A) A                -0.3522
    -----------------------------------------------------
  ----------------------------------------------------------------------------


  Excited state  4 (singlet, A)                                    [converged]
  ----------------------------------------------------------------------------
  Term symbol:  2 (1) A                                     R^2 =  1.08678e-12

  Total energy:                                            -14.2413191789 a.u.
  Excitation energy:                                               7.624059 eV



  V1^2 = 0.9987, V2^2 = 0.0013

  Important amplitudes:
      occ i     occ j     vir a      vir b          v   
    -----------------------------------------------------
     2 (A) A              5 (A) A                -0.7046
     2 (A) A              9 (A) A                -0.0485
    -----------------------------------------------------
  ----------------------------------------------------------------------------


  Excited state  5 (singlet, A)                                    [converged]
  ----------------------------------------------------------------------------
  Term symbol:  3 (1) A                                     R^2 =  5.09472e-13

  Total energy:                                            -14.2413191789 a.u.
  Excitation energy:                                               7.624059 eV



  V1^2 = 0.9987, V2^2 = 0.0013

  Important amplitudes:
      occ i     occ j     vir a      vir b          v   
    -----------------------------------------------------
     2 (A) A              3 (A) A                 0.5611
     2 (A) A              4 (A) A                -0.4263
    -----------------------------------------------------
  ----------------------------------------------------------------------------


  Excited state  6 (singlet, A)                                    [converged]
  ----------------------------------------------------------------------------
  Term symbol:  4 (1) A                                     R^2 =  5.08857e-13

  Total energy:                                            -14.2413191789 a.u.
  Excitation energy:                                               7.624059 eV



  V1^2 = 0.9987, V2^2 = 0.0013

  Important amplitudes:
      occ i     occ j     vir a      vir b          v   
    -----------------------------------------------------
     2 (A) A              4 (A) A                 0.5611
     2 (A) A              3 (A) A                 0.4263
    -----------------------------------------------------
  ----------------------------------------------------------------------------


  Excited state  7 (singlet, A)                                    [converged]
  ----------------------------------------------------------------------------
  Term symbol:  5 (1) A                                     R^2 =  8.09482e-08

  Total energy:                                            -13.5729103500 a.u.
  Excitation energy:                                              25.812388 eV



  V1^2 = 0.0286, V2^2 = 0.9714

  Important amplitudes:
      occ i     occ j     vir a      vir b          v   
    -----------------------------------------------------
     2 (A) A   2 (A) B    4 (A) A    4 (A) B     -0.2844
     2 (A) A   2 (A) B    3 (A) A    3 (A) B     -0.2844
    -----------------------------------------------------
  ----------------------------------------------------------------------------


  Excited state  8 (triplet, A)                                    [converged]
  ----------------------------------------------------------------------------
  Term symbol:  4 (3) A                                     R^2 =  4.05229e-14

  Total energy:                                            -13.5441268930 a.u.
  Excitation energy:                                              26.595626 eV


  V1^2 = 0.9907, V2^2 = 0.0093

  Important amplitudes:
      occ i     occ j     vir a      vir b          v   
    -----------------------------------------------------
     2 (A) A              6 (A) A                 0.7037
     2 (A) A   2 (A) B    5 (A) A    9 (A) B     -0.0180
    -----------------------------------------------------
  ----------------------------------------------------------------------------


  Excited state  9 (singlet, A)                                    [converged]
  ----------------------------------------------------------------------------
  Term symbol:  6 (1) A                                     R^2 =  1.19183e-09

  Total energy:                                            -13.4537108330 a.u.
  Excitation energy:                                              29.055972 eV



  V1^2 = 0.9352, V2^2 = 0.0648

  Important amplitudes:
      occ i     occ j     vir a      vir b          v   
    -----------------------------------------------------
     2 (A) A              6 (A) A                -0.6838
     2 (A) A   2 (A) B    5 (A) A    5 (A) B      0.0495
    -----------------------------------------------------
  ----------------------------------------------------------------------------


  Excited state 10 (triplet, A)                                    [converged]
  ----------------------------------------------------------------------------
  Term symbol:  5 (3) A                                     R^2 =  2.59517e-13

  Total energy:                                            -13.4395975380 a.u.
  Excitation energy:                                              29.440014 eV


  V1^2 = 0.9986, V2^2 = 0.0014

  Important amplitudes:
      occ i     occ j     vir a      vir b          v   
    -----------------------------------------------------
     2 (A) A              9 (A) A                -0.6764
     2 (A) A              7 (A) A                -0.1980
    -----------------------------------------------------
  ----------------------------------------------------------------------------


  Excited state 11 (triplet, A)                                    [converged]
  ----------------------------------------------------------------------------
  Term symbol:  6 (3) A                                     R^2 =  4.85389e-13

  Total energy:                                            -13.4395975380 a.u.
  Excitation energy:                                              29.440014 eV


  V1^2 = 0.9986, V2^2 = 0.0014

  Important amplitudes:
      occ i     occ j     vir a      vir b          v   
    -----------------------------------------------------
     2 (A) A              8 (A) A                -0.7030
     2 (A) A              7 (A) A                -0.0432
    -----------------------------------------------------
  ----------------------------------------------------------------------------


  Excited state 12 (triplet, A)                                    [converged]
  ----------------------------------------------------------------------------
  Term symbol:  7 (3) A                                     R^2 =  5.66534e-13

  Total energy:                                            -13.4395975380 a.u.
  Excitation energy:                                              29.440014 eV


  V1^2 = 0.9986, V2^2 = 0.0014

  Important amplitudes:
      occ i     occ j     vir a      vir b          v   
    -----------------------------------------------------
     2 (A) A              7 (A) A                -0.6751
     2 (A) A              9 (A) A                 0.1967
    -----------------------------------------------------
  ----------------------------------------------------------------------------


  Excited state 13 (singlet, A)                                    [converged]
  ----------------------------------------------------------------------------
  Term symbol:  7 (1) A                                     R^2 =  1.77657e-10

  Total energy:                                            -13.4244184707 a.u.
  Excitation energy:                                              29.853057 eV



  V1^2 = 0.9691, V2^2 = 0.0309

  Important amplitudes:
      occ i     occ j     vir a      vir b          v   
    -----------------------------------------------------
     2 (A) A              9 (A) A                 0.6641
     2 (A) A              7 (A) A                 0.2002
    -----------------------------------------------------
  ----------------------------------------------------------------------------


  Excited state 14 (singlet, A)                                    [converged]
  ----------------------------------------------------------------------------
  Term symbol:  8 (1) A                                     R^2 =  1.59929e-12

  Total energy:                                            -13.4244184707 a.u.
  Excitation energy:                                              29.853057 eV



  V1^2 = 0.9691, V2^2 = 0.0309

  Important amplitudes:
      occ i     occ j     vir a      vir b          v   
    -----------------------------------------------------
     2 (A) A              7 (A) A                -0.6643
     2 (A) A              9 (A) A                 0.2005
    -----------------------------------------------------
  ----------------------------------------------------------------------------


  Excited state 15 (singlet, A)                                    [converged]
  ----------------------------------------------------------------------------
  Term symbol:  9 (1) A                                     R^2 =  3.51437e-12

  Total energy:                                            -13.4244184707 a.u.
  Excitation energy:                                              29.853057 eV



  V1^2 = 0.9691, V2^2 = 0.0309

  Important amplitudes:
      occ i     occ j     vir a      vir b          v   
    -----------------------------------------------------
     2 (A) A              8 (A) A                -0.6936
     2 (A) A   2 (A) B    4 (A) A    6 (A) B      0.0479
    -----------------------------------------------------
  ----------------------------------------------------------------------------


  Excited state 16 (triplet, A)                                    [converged]
  ----------------------------------------------------------------------------
  Term symbol:  8 (3) A                                     R^2 =  9.74044e-09

  Total energy:                                            -12.6762380349 a.u.
  Excitation energy:                                              50.212083 eV


  V1^2 = 0.0007, V2^2 = 0.9993

  Important amplitudes:
      occ i     occ j     vir a      vir b          v   
    -----------------------------------------------------
     2 (A) A   2 (A) B    3 (A) A    6 (A) B      0.3480
     2 (A) A              7 (A) A                -0.0139
    -----------------------------------------------------
  ----------------------------------------------------------------------------


  Excited state 17 (triplet, A)                                    [converged]
  ----------------------------------------------------------------------------
  Term symbol:  9 (3) A                                     R^2 =  6.06237e-09

  Total energy:                                            -12.6762380349 a.u.
  Excitation energy:                                              50.212083 eV


  V1^2 = 0.0007, V2^2 = 0.9993

  Important amplitudes:
      occ i     occ j     vir a      vir b          v   
    -----------------------------------------------------
     2 (A) A   2 (A) B    4 (A) A    6 (A) B      0.3478
     2 (A) A              8 (A) A                -0.0145
    -----------------------------------------------------
  ----------------------------------------------------------------------------


  Excited state 18 (triplet, A)                                    [converged]
  ----------------------------------------------------------------------------
  Term symbol:  10 (3) A                                    R^2 =  6.33448e-07

  Total energy:                                            -12.6762380349 a.u.
  Excitation energy:                                              50.212083 eV


  V1^2 = 0.0007, V2^2 = 0.9993

  Important amplitudes:
      occ i     occ j     vir a      vir b          v   
    -----------------------------------------------------
     2 (A) A   2 (A) B    5 (A) A    6 (A) B     -0.3532
     2 (A) A              9 (A) A                -0.0157
    -----------------------------------------------------
  ----------------------------------------------------------------------------


  Excited state 19 (singlet, A)                                    [converged]
  ----------------------------------------------------------------------------
  Term symbol:  10 (1) A                                    R^2 =  3.51356e-10

  Total energy:                                            -12.6542170442 a.u.
  Excitation energy:                                              50.811304 eV



  V1^2 = 0.0292, V2^2 = 0.9708

  Important amplitudes:
      occ i     occ j     vir a      vir b          v   
    -----------------------------------------------------
     2 (A) A   2 (A) B    4 (A) A    6 (A) B      0.2774
     2 (A) A              8 (A) A                 0.1202
    -----------------------------------------------------
  ----------------------------------------------------------------------------


  Excited state 20 (singlet, A)                                    [converged]
  ----------------------------------------------------------------------------
  Term symbol:  11 (1) A                                    R^2 =  3.51173e-10

  Total energy:                                            -12.6542170442 a.u.
  Excitation energy:                                              50.811304 eV



  V1^2 = 0.0292, V2^2 = 0.9708

  Important amplitudes:
      occ i     occ j     vir a      vir b          v   
    -----------------------------------------------------
     2 (A) A   2 (A) B    3 (A) A    6 (A) B      0.2773
     2 (A) A              7 (A) A                 0.1154
    -----------------------------------------------------
  ----------------------------------------------------------------------------


eri_bbbb False
eri_ffff False
neweri maximag 6.93889390391e-17
neweri True
trans_bas True 0.0
focks agree True
fock True
fock diagonal True
max imags 5.71701642503e-10 5.55111512313e-17 5.55111512313e-17
overlap True
--------------------------------------------------------------------------------
