
--------------------------------------------------------------------------------
                                 MP(2) Summary                                  
--------------------------------------------------------------------------------
  MP energy contribution:                                   -0.0595913856 a.u.
  Total energy:                                            -14.5273981555 a.u.
--------------------------------------------------------------------------------
  Starting Davidson ... 
--------------------------------------------------------------------------------
   It NVec Conv  Avg. Norm  Max. Norm  Conv. states           Remark
--------------------------------------------------------------------------------
        10    0  9.964e-02  3.923e-01  0.2925 n n n n n n n n Guess.
    1   20    0  3.795e-02  3.370e-01  0.2511 n n n n n n n n 
    2   30    0  3.985e-02  3.983e-01  0.2510 n n n n n n n n 
    3   40    0  1.078e-02  1.078e-01  0.2510 n n n n n n n n 
    4   50    0  9.909e-04  9.909e-03  0.2510 n n n n n n n n 
    5   20    6  3.938e-05  3.938e-04  0.2510 n n n y y y y y Subspace collapsed.
    6   30    9  8.319e-06  8.319e-05  0.2510 y y y y y y y y 
    7   40    9  1.778e-06  1.778e-05  0.2510 y y y y y y y y 
    8   50    9  9.357e-07  9.356e-06  0.2510 y y y y y y y y 
    9   20    9  8.397e-07  8.396e-06  0.2510 y y y y y y y y Subspace collapsed.
   10   30   10  7.826e-08  7.798e-07  0.2510 y y y y y y y y Converged.
--------------------------------------------------------------------------------
  Davidson Summary: 
 ------------------------------------------------------------
  State  0: excitation energy =   0.2510 a.u.   (converged)
  State  1: excitation energy =   0.2510 a.u.   (converged)
  State  2: excitation energy =   0.2510 a.u.   (converged)
  State  3: excitation energy =   0.6972 a.u.   (converged)
  State  4: excitation energy =   0.6972 a.u.   (converged)
  State  5: excitation energy =   0.6972 a.u.   (converged)
  State  6: excitation energy =   0.6972 a.u.   (converged)
  State  7: excitation energy =   0.6972 a.u.   (converged)
  State  8: excitation energy =   0.9487 a.u.   (converged)
  State  9: excitation energy =   1.0253 a.u.   (converged)
 ------------------------------------------------------------

  Starting Davidson ... 
--------------------------------------------------------------------------------
   It NVec Conv  Avg. Norm  Max. Norm  Conv. states           Remark
--------------------------------------------------------------------------------
        10    0  6.883e-02  3.237e-01  0.1109 n n n n n n n n Guess.
    1   20    0  3.862e-03  2.004e-02  0.1031 n n n n n n n n 
    2   30    0  3.719e-04  1.540e-03  0.1031 n n n n n n n n 
    3   40    0  2.090e-05  1.144e-04  0.1031 n n n n n n n n 
    4   50    0  1.199e-06  6.965e-06  0.1031 n n n n n n n n 
    5   20   10  1.087e-07  7.310e-07  0.1031 y y y y y y y y Converged.
--------------------------------------------------------------------------------
  Davidson Summary: 
 ------------------------------------------------------------
  State  0: excitation energy =   0.1031 a.u.   (converged)
  State  1: excitation energy =   0.1031 a.u.   (converged)
  State  2: excitation energy =   0.1031 a.u.   (converged)
  State  3: excitation energy =   0.7031 a.u.   (converged)
  State  4: excitation energy =   0.7031 a.u.   (converged)
  State  5: excitation energy =   0.7031 a.u.   (converged)
  State  6: excitation energy =   0.7031 a.u.   (converged)
  State  7: excitation energy =   0.7031 a.u.   (converged)
  State  8: excitation energy =   0.9822 a.u.   (converged)
  State  9: excitation energy =   1.0794 a.u.   (converged)
 ------------------------------------------------------------


--------------------------------------------------------------------------------
                             Excited State Summary
--------------------------------------------------------------------------------
--------------------------------------------------------------------------------

  Excited state  1 (triplet, A)                                    [converged]
  ----------------------------------------------------------------------------
  Term symbol:  1 (3) A                                     R^2 =  3.85665e-07

  Total energy:                                            -14.4243208699 a.u.
  Excitation energy:                                               2.804876 eV


  V1^2 = 0.9971, V2^2 = 0.0029

  Important amplitudes:
      occ i     occ j     vir a      vir b          v   
    -----------------------------------------------------
     2 (A) A              3 (A) A                -0.5992
     2 (A) A              5 (A) A                -0.3678
    -----------------------------------------------------
  ----------------------------------------------------------------------------


  Excited state  2 (triplet, A)                                    [converged]
  ----------------------------------------------------------------------------
  Term symbol:  2 (3) A                                     R^2 =  7.30957e-07

  Total energy:                                            -14.4243208649 a.u.
  Excitation energy:                                               2.804876 eV


  V1^2 = 0.9971, V2^2 = 0.0029

  Important amplitudes:
      occ i     occ j     vir a      vir b          v   
    -----------------------------------------------------
     2 (A) A              4 (A) A                 0.6601
     2 (A) A              5 (A) A                -0.2274
    -----------------------------------------------------
  ----------------------------------------------------------------------------


  Excited state  3 (triplet, A)                                    [converged]
  ----------------------------------------------------------------------------
  Term symbol:  3 (3) A                                     R^2 =  6.52801e-07

  Total energy:                                            -14.4243208560 a.u.
  Excitation energy:                                               2.804876 eV


  V1^2 = 0.9971, V2^2 = 0.0029

  Important amplitudes:
      occ i     occ j     vir a      vir b          v   
    -----------------------------------------------------
     2 (A) A              5 (A) A                 0.5560
     2 (A) A              3 (A) A                -0.3584
    -----------------------------------------------------
  ----------------------------------------------------------------------------


  Excited state  4 (singlet, A)                                    [converged]
  ----------------------------------------------------------------------------
  Term symbol:  2 (1) A                                     R^2 =  3.06869e-08

  Total energy:                                            -14.2763614973 a.u.
  Excitation energy:                                               6.831055 eV



  V1^2 = 0.9766, V2^2 = 0.0234

  Important amplitudes:
      occ i     occ j     vir a      vir b          v   
    -----------------------------------------------------
     2 (A) A              5 (A) A                -0.5512
     2 (A) A              3 (A) A                 0.3509
    -----------------------------------------------------
  ----------------------------------------------------------------------------


  Excited state  5 (singlet, A)                                    [converged]
  ----------------------------------------------------------------------------
  Term symbol:  3 (1) A                                     R^2 =  3.43481e-08

  Total energy:                                            -14.2763614683 a.u.
  Excitation energy:                                               6.831056 eV



  V1^2 = 0.9766, V2^2 = 0.0234

  Important amplitudes:
      occ i     occ j     vir a      vir b          v   
    -----------------------------------------------------
     2 (A) A              4 (A) A                -0.6528
     2 (A) A              5 (A) A                 0.2197
    -----------------------------------------------------
  ----------------------------------------------------------------------------


  Excited state  6 (singlet, A)                                    [converged]
  ----------------------------------------------------------------------------
  Term symbol:  4 (1) A                                     R^2 =  1.83378e-08

  Total energy:                                            -14.2763614514 a.u.
  Excitation energy:                                               6.831056 eV



  V1^2 = 0.9766, V2^2 = 0.0234

  Important amplitudes:
      occ i     occ j     vir a      vir b          v   
    -----------------------------------------------------
     2 (A) A              3 (A) A                -0.5927
     2 (A) A              5 (A) A                -0.3653
    -----------------------------------------------------
  ----------------------------------------------------------------------------


  Excited state  7 (singlet, A)                                    [converged]
  ----------------------------------------------------------------------------
  Term symbol:  5 (1) A                                     R^2 =  2.26392e-12

  Total energy:                                            -13.8301739296 a.u.
  Excitation energy:                                              18.972436 eV



  V1^2 = 0.7663, V2^2 = 0.2337

  Important amplitudes:
      occ i     occ j     vir a      vir b          v   
    -----------------------------------------------------
     2 (A) A             10 (A) A                -0.5009
     2 (A) A              9 (A) A                 0.3104
    -----------------------------------------------------
  ----------------------------------------------------------------------------


  Excited state  8 (singlet, A)                                    [converged]
  ----------------------------------------------------------------------------
  Term symbol:  6 (1) A                                     R^2 =  2.47758e-12

  Total energy:                                            -13.8301739285 a.u.
  Excitation energy:                                              18.972436 eV



  V1^2 = 0.7663, V2^2 = 0.2337

  Important amplitudes:
      occ i     occ j     vir a      vir b          v   
    -----------------------------------------------------
     2 (A) A              7 (A) A                -0.4315
     2 (A) A              8 (A) A                -0.3003
    -----------------------------------------------------
  ----------------------------------------------------------------------------


  Excited state  9 (singlet, A)                                    [converged]
  ----------------------------------------------------------------------------
  Term symbol:  7 (1) A                                     R^2 =  4.25418e-12

  Total energy:                                            -13.8301739262 a.u.
  Excitation energy:                                              18.972436 eV



  V1^2 = 0.7663, V2^2 = 0.2337

  Important amplitudes:
      occ i     occ j     vir a      vir b          v   
    -----------------------------------------------------
     2 (A) A              8 (A) A                -0.4313
     2 (A) A              6 (A) A                 0.4041
    -----------------------------------------------------
  ----------------------------------------------------------------------------


  Excited state 10 (singlet, A)                                    [converged]
  ----------------------------------------------------------------------------
  Term symbol:  8 (1) A                                     R^2 =  3.36848e-12

  Total energy:                                            -13.8301739247 a.u.
  Excitation energy:                                              18.972436 eV



  V1^2 = 0.7663, V2^2 = 0.2337

  Important amplitudes:
      occ i     occ j     vir a      vir b          v   
    -----------------------------------------------------
     2 (A) A              7 (A) A                -0.3591
     2 (A) A              6 (A) A                 0.3164
    -----------------------------------------------------
  ----------------------------------------------------------------------------


  Excited state 11 (singlet, A)                                    [converged]
  ----------------------------------------------------------------------------
  Term symbol:  9 (1) A                                     R^2 =  1.72311e-12

  Total energy:                                            -13.8301739229 a.u.
  Excitation energy:                                              18.972436 eV



  V1^2 = 0.7663, V2^2 = 0.2337

  Important amplitudes:
      occ i     occ j     vir a      vir b          v   
    -----------------------------------------------------
     2 (A) A              9 (A) A                 0.4568
     2 (A) A             10 (A) A                 0.3152
    -----------------------------------------------------
  ----------------------------------------------------------------------------


  Excited state 12 (triplet, A)                                    [converged]
  ----------------------------------------------------------------------------
  Term symbol:  4 (3) A                                     R^2 =  6.33575e-08

  Total energy:                                            -13.8242687984 a.u.
  Excitation energy:                                              19.133123 eV


  V1^2 = 0.9971, V2^2 = 0.0029

  Important amplitudes:
      occ i     occ j     vir a      vir b          v   
    -----------------------------------------------------
     2 (A) A             10 (A) A                 0.5702
     2 (A) A              9 (A) A                -0.3189
    -----------------------------------------------------
  ----------------------------------------------------------------------------


  Excited state 13 (triplet, A)                                    [converged]
  ----------------------------------------------------------------------------
  Term symbol:  5 (3) A                                     R^2 =  6.33575e-08

  Total energy:                                            -13.8242687979 a.u.
  Excitation energy:                                              19.133123 eV


  V1^2 = 0.9971, V2^2 = 0.0029

  Important amplitudes:
      occ i     occ j     vir a      vir b          v   
    -----------------------------------------------------
     2 (A) A              7 (A) A                 0.5038
     2 (A) A              6 (A) A                 0.3381
    -----------------------------------------------------
  ----------------------------------------------------------------------------


  Excited state 14 (triplet, A)                                    [converged]
  ----------------------------------------------------------------------------
  Term symbol:  6 (3) A                                     R^2 =  6.33575e-08

  Total energy:                                            -13.8242687911 a.u.
  Excitation energy:                                              19.133123 eV


  V1^2 = 0.9971, V2^2 = 0.0029

  Important amplitudes:
      occ i     occ j     vir a      vir b          v   
    -----------------------------------------------------
     2 (A) A              8 (A) A                 0.6535
     2 (A) A              6 (A) A                -0.1891
    -----------------------------------------------------
  ----------------------------------------------------------------------------


  Excited state 15 (triplet, A)                                    [converged]
  ----------------------------------------------------------------------------
  Term symbol:  7 (3) A                                     R^2 =  6.33575e-08

  Total energy:                                            -13.8242687867 a.u.
  Excitation energy:                                              19.133123 eV


  V1^2 = 0.9971, V2^2 = 0.0029

  Important amplitudes:
      occ i     occ j     vir a      vir b          v   
    -----------------------------------------------------
     2 (A) A              6 (A) A                -0.5230
     2 (A) A              7 (A) A                 0.4016
    -----------------------------------------------------
  ----------------------------------------------------------------------------


  Excited state 16 (triplet, A)                                    [converged]
  ----------------------------------------------------------------------------
  Term symbol:  8 (3) A                                     R^2 =  6.33575e-08

  Total energy:                                            -13.8242687854 a.u.
  Excitation energy:                                              19.133123 eV


  V1^2 = 0.9971, V2^2 = 0.0029

  Important amplitudes:
      occ i     occ j     vir a      vir b          v   
    -----------------------------------------------------
     2 (A) A              9 (A) A                 0.5786
     2 (A) A             10 (A) A                 0.2960
    -----------------------------------------------------
  ----------------------------------------------------------------------------


  Excited state 17 (singlet, A)                                    [converged]
  ----------------------------------------------------------------------------
  Term symbol:  10 (1) A                                    R^2 =  7.79825e-07

  Total energy:                                            -13.5787394824 a.u.
  Excitation energy:                                              25.814315 eV



  V1^2 = 0.0275, V2^2 = 0.9725

  Important amplitudes:
      occ i     occ j     vir a      vir b          v   
    -----------------------------------------------------
     2 (A) A   2 (A) B    5 (A) A    5 (A) B      0.2846
     2 (A) A   2 (A) B    4 (A) A    4 (A) B      0.2846
    -----------------------------------------------------
  ----------------------------------------------------------------------------


  Excited state 18 (triplet, A)                                    [converged]
  ----------------------------------------------------------------------------
  Term symbol:  9 (3) A                                     R^2 =  1.36977e-07

  Total energy:                                            -13.5451493938 a.u.
  Excitation energy:                                              26.728348 eV


  V1^2 = 0.9905, V2^2 = 0.0095

  Important amplitudes:
      occ i     occ j     vir a      vir b          v   
    -----------------------------------------------------
     2 (A) A             11 (A) A                 0.7036
     2 (A) A   2 (A) B    5 (A) A   13 (A) B     -0.0190
    -----------------------------------------------------
  ----------------------------------------------------------------------------


  Excited state 19 (singlet, A)                                    [converged]
  ----------------------------------------------------------------------------
  Term symbol:  11 (1) A                                    R^2 =  4.39686e-08

  Total energy:                                            -13.5020857418 a.u.
  Excitation energy:                                              27.900170 eV



  V1^2 = 0.2221, V2^2 = 0.7779

  Important amplitudes:
      occ i     occ j     vir a      vir b          v   
    -----------------------------------------------------
     2 (A) A   2 (A) B    4 (A) A    5 (A) B      0.2321
     2 (A) A              9 (A) A                -0.2128
    -----------------------------------------------------
  ----------------------------------------------------------------------------


  Excited state 20 (triplet, A)                                    [converged]
  ----------------------------------------------------------------------------
  Term symbol:  10 (3) A                                    R^2 =  1.81338e-07

  Total energy:                                            -13.4479899299 a.u.
  Excitation energy:                                              29.372192 eV


  V1^2 = 0.9957, V2^2 = 0.0043

  Important amplitudes:
      occ i     occ j     vir a      vir b          v   
    -----------------------------------------------------
     2 (A) A             14 (A) A                -0.7038
     2 (A) A              3 (A) A                -0.0489
    -----------------------------------------------------
  ----------------------------------------------------------------------------


eri_bbbb False
eri_ffff False
neweri maximag 8.32667268469e-17
neweri True
trans_bas True 0.0
focks agree True
fock True
fock diagonal True
max imags 2.63543904379e-08 4.16333634234e-17 4.16333634234e-17
overlap True
--------------------------------------------------------------------------------
