
--------------------------------------------------------------------------------
                                 MP(2) Summary                                  
--------------------------------------------------------------------------------
  MP energy contribution:                                   -0.0582064549 a.u.
  Total energy:                                            -14.5973415836 a.u.
--------------------------------------------------------------------------------
  Starting Davidson ... 
--------------------------------------------------------------------------------
   It NVec Conv  Avg. Norm  Max. Norm  Conv. states           Remark
--------------------------------------------------------------------------------
        10    0  8.339e-02  3.262e-01  0.2537 n n n n n n n n Guess.
    1   20    0  1.235e-01  7.129e-01  0.2467 n n n n n n n n 
    2   30    0  2.649e-03  1.520e-02  0.2466 n n n n n n n n 
    3   40    0  1.856e-04  1.069e-03  0.2466 n n n n n n n n 
    4   50    6  3.914e-06  2.204e-05  0.2466 y y y n y y y n 
    5   20   10  1.273e-07  6.556e-07  0.2466 y y y y y y y y Converged.
--------------------------------------------------------------------------------
  Davidson Summary: 
 ------------------------------------------------------------
  State  0: excitation energy =   0.2466 a.u.   (converged)
  State  1: excitation energy =   0.2466 a.u.   (converged)
  State  2: excitation energy =   0.2466 a.u.   (converged)
  State  3: excitation energy =   0.6106 a.u.   (converged)
  State  4: excitation energy =   0.6881 a.u.   (converged)
  State  5: excitation energy =   0.6881 a.u.   (converged)
  State  6: excitation energy =   0.6881 a.u.   (converged)
  State  7: excitation energy =   1.2984 a.u.   (converged)
  State  8: excitation energy =   1.2984 a.u.   (converged)
  State  9: excitation energy =   1.2984 a.u.   (converged)
 ------------------------------------------------------------

  Starting Davidson ... 
--------------------------------------------------------------------------------
   It NVec Conv  Avg. Norm  Max. Norm  Conv. states           Remark
--------------------------------------------------------------------------------
        10    0  7.156e-02  3.014e-01  0.0948 n n n n n n n n Guess.
    1   20    0  2.073e-01  2.073e+00  0.0924 n n n n n n n n 
    2   30    0  2.783e-01  1.634e+00  0.0924 n n n n n n n n 
    3   40    0  1.762e-01  1.153e+00  0.0924 n n n n n n n n 
    4   50    4  1.934e-01  1.217e+00  0.0924 y y n n y y n n 
    5   20    7  1.459e-01  8.930e-01  0.0924 y y y y y y y n Subspace collapsed.
    6   30    7  1.330e-01  8.558e-01  0.0924 y y y y y y y n 
    7   40    7  9.203e-02  6.391e-01  0.0924 y y y y y y y n 
    8   41    7  9.203e-02  6.391e-01  0.0924 y y y y y y y n 
    9   49    7  8.496e-02  6.008e-01  0.0924 y y y y y y y n 
   10   50    7  8.496e-02  6.008e-01  0.0924 y y y y y y y n 
   11   11    7  8.495e-02  6.007e-01  0.0924 y y y y y y y n Subspace collapsed.
   12   14    7  8.413e-02  5.949e-01  0.0924 y y y y y y y n 
   13   17    7  6.359e-02  4.496e-01  0.0924 y y y y y y y n 
   14   20    7  5.954e-02  4.212e-01  0.0924 y y y y y y y n 
   15   23    8  5.970e-02  4.222e-01  0.0924 y y y y y y y n 
   16   26    7  1.110e-01  9.702e-01  0.0924 y y y y y y y n 
   17   26    7  1.110e-01  9.702e-01  0.0924 y y y y y y y n 
   18   35    7  5.387e-02  3.905e-01  0.0924 y y y y y y y n 
   19   36    7  5.112e-02  3.797e-01  0.0924 y y y y y y y n 
   20   36    7  5.112e-02  3.797e-01  0.0924 y y y y y y y n 
   21   36    7  5.112e-02  3.797e-01  0.0924 y y y y y y y n 
   22   42    7  3.079e-02  2.423e-01  0.0924 y y y y y y y n 
   23   43    6  3.048e-02  2.419e-01  0.0924 y y y y n y y n 
   24   45    6  2.944e-02  2.409e-01  0.0924 y y y y n y y n 
   25   47    5  2.384e-02  2.043e-01  0.0924 y y y y n n y n 
   26   49    4  2.311e-02  1.976e-01  0.0924 n y y y n n y n 
   27   50    4  2.291e-02  1.979e-01  0.0924 n y y y n n y n 
   28   12    3  2.287e-02  1.975e-01  0.0924 y y n y n n n n Subspace collapsed.
   29   15    3  2.279e-02  1.972e-01  0.0924 y y n y n n n n 
   30   17    4  2.262e-02  1.957e-01  0.0924 y y y y n n n n 
   31   19    4  2.229e-02  1.936e-01  0.0924 y y y y n n n n 
   32   21    5  2.184e-02  1.887e-01  0.0924 y y y y n y n n 
   33   23    5  1.989e-02  1.657e-01  0.0924 y y y y n y n n 
   34   25    5  1.911e-02  1.571e-01  0.0924 y y y y n y n n 
   35   27    5  1.833e-02  1.506e-01  0.0924 y y y y n y n n 
   36   29    5  1.823e-02  1.499e-01  0.0924 y y y y n y n n 
   37   31    5  1.785e-02  1.456e-01  0.0924 y y y y n y n n 
   38   33    5  1.654e-02  1.307e-01  0.0924 y y y y n y n n 
   39   35    5  1.647e-02  1.300e-01  0.0924 y y y y n y n n 
   40   37    4  1.616e-02  1.296e-01  0.0924 y y y y n n n n 
   41   39    1  1.577e-02  1.262e-01  0.0924 n n n y n n n n 
   42   41    0  1.583e-02  1.260e-01  0.0924 n n n n n n n n 
   43   43    0  6.098e-02  5.906e-01  0.0924 n n n n n n n n 
   44   45    1  1.371e-01  1.328e+00 -0.0793 n n y n n n n n 
   45   50    2  1.457e-01  1.247e+00 -0.1223 n n y n n n y n 
   46   20    0  3.943e-01  3.872e+00  0.0483 n n n n n n n n Subspace collapsed.
   47   30    0  3.895e-01  3.835e+00  0.0483 n n n n n n n n 
   48   40    0  3.903e-01  3.843e+00  0.0483 n n n n n n n n 
   49   50    0  3.893e-01  3.830e+00  0.0483 n n n n n n n n 
   50   20    0  3.928e-01  3.655e+00  0.0908 n n n n n n n n Subspace collapsed.
   51   30    0  3.989e-01  3.386e+00  0.0908 n n n n n n n n 
   52   40    0  3.984e-01  3.341e+00  0.0908 n n n n n n n n 
   53   50    0  3.984e-01  3.312e+00  0.0908 n n n n n n n n 
   54   20    0  4.897e-01  3.815e+00  0.0921 n n n n n n n n Subspace collapsed.
   55   30    0  4.951e-01  3.738e+00  0.0921 n n n n n n n n 
   56   40    0  4.923e-01  3.737e+00  0.0921 n n n n n n n n 
   57   50    0  4.923e-01  3.735e+00  0.0921 n n n n n n n n 
   58   20    0  3.575e-01  3.089e+00  0.0924 n n n n n n n n Subspace collapsed.
   59   30    0  3.254e-01  3.127e+00  0.0924 n n n n n n n n 
--------------------------------------------------------------------------------
  Davidson Summary: 
 ------------------------------------------------------------
  State  0: excitation energy =   0.0924 a.u.   (not converged)
  State  1: excitation energy =   0.0924 a.u.   (not converged)
  State  2: excitation energy =   0.0924 a.u.   (not converged)
  State  3: excitation energy =   0.3458 a.u.   (not converged)
  State  4: excitation energy =   0.5362 a.u.   (not converged)
  State  5: excitation energy =   0.6674 a.u.   (not converged)
  State  6: excitation energy =   0.6675 a.u.   (not converged)
  State  7: excitation energy =   0.6720 a.u.   (not converged)
  State  8: excitation energy =   1.1915 a.u.   (not converged)
  State  9: excitation energy =   1.2497 a.u.   (not converged)
 ------------------------------------------------------------


--------------------------------------------------------------------------------
                             Excited State Summary
--------------------------------------------------------------------------------
--------------------------------------------------------------------------------

  Excited state  1 (triplet, A)                                [not converged]
  ----------------------------------------------------------------------------
  Term symbol:  1 (3) A                                     R^2 =  2.39145e-02

  Total energy:                                            -14.5049687136 a.u.
  Excitation energy:                                               2.513594 eV


  V1^2 = 0.9994, V2^2 = 0.0006

  Important amplitudes:
      occ i     occ j     vir a      vir b          v   
    -----------------------------------------------------
     2 (A) A              3 (A) A                -0.6028
     2 (A) A              5 (A) A                -0.3553
    -----------------------------------------------------
  ----------------------------------------------------------------------------


  Excited state  2 (triplet, A)                                [not converged]
  ----------------------------------------------------------------------------
  Term symbol:  2 (3) A                                     R^2 =  1.13196e-03

  Total energy:                                            -14.5049279541 a.u.
  Excitation energy:                                               2.514703 eV


  V1^2 = 0.9994, V2^2 = 0.0006

  Important amplitudes:
      occ i     occ j     vir a      vir b          v   
    -----------------------------------------------------
     2 (A) A              4 (A) A                -0.6885
     2 (A) A              3 (A) A                 0.0988
    -----------------------------------------------------
  ----------------------------------------------------------------------------


  Excited state  3 (triplet, A)                                [not converged]
  ----------------------------------------------------------------------------
  Term symbol:  3 (3) A                                     R^2 =  5.22358e-03

  Total energy:                                            -14.5049238575 a.u.
  Excitation energy:                                               2.514814 eV


  V1^2 = 0.9994, V2^2 = 0.0006

  Important amplitudes:
      occ i     occ j     vir a      vir b          v   
    -----------------------------------------------------
     2 (A) A              5 (A) A                 0.5979
     2 (A) A              3 (A) A                -0.3438
    -----------------------------------------------------
  ----------------------------------------------------------------------------


  Excited state  4 (singlet, A)                                    [converged]
  ----------------------------------------------------------------------------
  Term symbol:  2 (1) A                                     R^2 =  3.14990e-08

  Total energy:                                            -14.3506961803 a.u.
  Excitation energy:                                               6.711563 eV



  V1^2 = 0.9975, V2^2 = 0.0025

  Important amplitudes:
      occ i     occ j     vir a      vir b          v   
    -----------------------------------------------------
     2 (A) A              5 (A) A                -0.6785
     2 (A) A              3 (A) A                 0.1860
    -----------------------------------------------------
  ----------------------------------------------------------------------------


  Excited state  5 (singlet, A)                                    [converged]
  ----------------------------------------------------------------------------
  Term symbol:  3 (1) A                                     R^2 =  3.14990e-08

  Total energy:                                            -14.3506961803 a.u.
  Excitation energy:                                               6.711563 eV



  V1^2 = 0.9975, V2^2 = 0.0025

  Important amplitudes:
      occ i     occ j     vir a      vir b          v   
    -----------------------------------------------------
     2 (A) A              4 (A) A                -0.5674
     2 (A) A              3 (A) A                 0.4031
    -----------------------------------------------------
  ----------------------------------------------------------------------------


  Excited state  6 (singlet, A)                                    [converged]
  ----------------------------------------------------------------------------
  Term symbol:  4 (1) A                                     R^2 =  3.14990e-08

  Total energy:                                            -14.3506961803 a.u.
  Excitation energy:                                               6.711563 eV



  V1^2 = 0.9975, V2^2 = 0.0025

  Important amplitudes:
      occ i     occ j     vir a      vir b          v   
    -----------------------------------------------------
     2 (A) A              3 (A) A                 0.5459
     2 (A) A              4 (A) A                 0.4160
    -----------------------------------------------------
  ----------------------------------------------------------------------------


  Excited state  7 (triplet, A)                                [not converged]
  ----------------------------------------------------------------------------
  Term symbol:  4 (3) A                                     R^2 =  3.12689e+00

  Total energy:                                            -14.2515368428 a.u.
  Excitation energy:                                               9.409826 eV


  V1^2 = 0.0132, V2^2 = 0.9868

  Important amplitudes:
      occ i     occ j     vir a      vir b          v   
    -----------------------------------------------------
     1 (A) A   2 (A) A    6 (A) A    8 (A) A     -0.4283
     1 (A) A   2 (A) A    6 (A) A   11 (A) A     -0.1899
    -----------------------------------------------------
  ----------------------------------------------------------------------------


  Excited state  8 (triplet, A)                                [not converged]
  ----------------------------------------------------------------------------
  Term symbol:  5 (3) A                                     R^2 =  2.27568e-03

  Total energy:                                            -14.0611292109 a.u.
  Excitation energy:                                              14.591081 eV


  V1^2 = 0.9918, V2^2 = 0.0082

  Important amplitudes:
      occ i     occ j     vir a      vir b          v   
    -----------------------------------------------------
     2 (A) A              6 (A) A                 0.7038
     2 (A) A             13 (A) A                -0.0250
    -----------------------------------------------------
  ----------------------------------------------------------------------------


  Excited state  9 (singlet, A)                                    [converged]
  ----------------------------------------------------------------------------
  Term symbol:  5 (1) A                                     R^2 =  5.73323e-07

  Total energy:                                            -13.9867346469 a.u.
  Excitation energy:                                              16.615460 eV



  V1^2 = 0.9643, V2^2 = 0.0357

  Important amplitudes:
      occ i     occ j     vir a      vir b          v   
    -----------------------------------------------------
     2 (A) A              6 (A) A                -0.6943
     2 (A) A   2 (A) B    5 (A) A    9 (A) B     -0.0265
    -----------------------------------------------------
  ----------------------------------------------------------------------------


  Excited state 10 (triplet, A)                                [not converged]
  ----------------------------------------------------------------------------
  Term symbol:  6 (3) A                                     R^2 =  3.15152e-02

  Total energy:                                            -13.9299479370 a.u.
  Excitation energy:                                              18.160705 eV


  V1^2 = 0.9987, V2^2 = 0.0013

  Important amplitudes:
      occ i     occ j     vir a      vir b          v   
    -----------------------------------------------------
     2 (A) A              9 (A) A                -0.6858
     2 (A) A              7 (A) A                 0.1152
    -----------------------------------------------------
  ----------------------------------------------------------------------------


  Excited state 11 (triplet, A)                                [not converged]
  ----------------------------------------------------------------------------
  Term symbol:  7 (3) A                                     R^2 =  9.85318e-04

  Total energy:                                            -13.9298821547 a.u.
  Excitation energy:                                              18.162495 eV


  V1^2 = 0.9988, V2^2 = 0.0012

  Important amplitudes:
      occ i     occ j     vir a      vir b          v   
    -----------------------------------------------------
     2 (A) A              7 (A) A                -0.6424
     2 (A) A              8 (A) A                 0.2679
    -----------------------------------------------------
  ----------------------------------------------------------------------------


  Excited state 12 (triplet, A)                                [not converged]
  ----------------------------------------------------------------------------
  Term symbol:  8 (3) A                                     R^2 =  3.12815e-01

  Total energy:                                            -13.9252927566 a.u.
  Excitation energy:                                              18.287379 eV


  V1^2 = 0.9884, V2^2 = 0.0116

  Important amplitudes:
      occ i     occ j     vir a      vir b          v   
    -----------------------------------------------------
     2 (A) A              8 (A) A                 0.6380
     2 (A) A              7 (A) A                 0.2525
    -----------------------------------------------------
  ----------------------------------------------------------------------------


  Excited state 13 (singlet, A)                                    [converged]
  ----------------------------------------------------------------------------
  Term symbol:  6 (1) A                                     R^2 =  9.08236e-09

  Total energy:                                            -13.9092304095 a.u.
  Excitation energy:                                              18.724457 eV



  V1^2 = 0.9608, V2^2 = 0.0392

  Important amplitudes:
      occ i     occ j     vir a      vir b          v   
    -----------------------------------------------------
     2 (A) A              9 (A) A                -0.5082
     2 (A) A              7 (A) A                 0.4011
    -----------------------------------------------------
  ----------------------------------------------------------------------------


  Excited state 14 (singlet, A)                                    [converged]
  ----------------------------------------------------------------------------
  Term symbol:  7 (1) A                                     R^2 =  9.08233e-09

  Total energy:                                            -13.9092304095 a.u.
  Excitation energy:                                              18.724457 eV



  V1^2 = 0.9608, V2^2 = 0.0392

  Important amplitudes:
      occ i     occ j     vir a      vir b          v   
    -----------------------------------------------------
     2 (A) A              8 (A) A                -0.6392
     2 (A) A              7 (A) A                -0.2319
    -----------------------------------------------------
  ----------------------------------------------------------------------------


  Excited state 15 (singlet, A)                                    [converged]
  ----------------------------------------------------------------------------
  Term symbol:  8 (1) A                                     R^2 =  9.08236e-09

  Total energy:                                            -13.9092304095 a.u.
  Excitation energy:                                              18.724457 eV



  V1^2 = 0.9608, V2^2 = 0.0392

  Important amplitudes:
      occ i     occ j     vir a      vir b          v   
    -----------------------------------------------------
     2 (A) A              7 (A) A                 0.5112
     2 (A) A              9 (A) A                 0.4518
    -----------------------------------------------------
  ----------------------------------------------------------------------------


  Excited state 16 (triplet, A)                                [not converged]
  ----------------------------------------------------------------------------
  Term symbol:  9 (3) A                                     R^2 =  5.97463e-01

  Total energy:                                            -13.4057974873 a.u.
  Excitation energy:                                              32.423564 eV


  V1^2 = 0.0042, V2^2 = 0.9958

  Important amplitudes:
      occ i     occ j     vir a      vir b          v   
    -----------------------------------------------------
     2 (A) A   2 (A) B    5 (A) A    6 (A) B      0.2557
     1 (A) A   2 (A) A    6 (A) A    8 (A) A      0.0452
    -----------------------------------------------------
  ----------------------------------------------------------------------------


  Excited state 17 (triplet, A)                                [not converged]
  ----------------------------------------------------------------------------
  Term symbol:  10 (3) A                                    R^2 =  5.93706e-01

  Total energy:                                            -13.3476629764 a.u.
  Excitation energy:                                              34.005484 eV


  V1^2 = 0.0049, V2^2 = 0.9951

  Important amplitudes:
      occ i     occ j     vir a      vir b          v   
    -----------------------------------------------------
     2 (A) A   2 (A) B    3 (A) A    6 (A) B      0.2958
     2 (A) A             11 (A) A                -0.0412
    -----------------------------------------------------
  ----------------------------------------------------------------------------


  Excited state 18 (singlet, A)                                    [converged]
  ----------------------------------------------------------------------------
  Term symbol:  9 (1) A                                     R^2 =  6.55589e-07

  Total energy:                                            -13.2989892230 a.u.
  Excitation energy:                                              35.329965 eV



  V1^2 = 0.0375, V2^2 = 0.9625

  Important amplitudes:
      occ i     occ j     vir a      vir b          v   
    -----------------------------------------------------
     2 (A) A   2 (A) B    5 (A) A    6 (A) B     -0.3370
     2 (A) A              7 (A) A                 0.0875
    -----------------------------------------------------
  ----------------------------------------------------------------------------


  Excited state 19 (singlet, A)                                    [converged]
  ----------------------------------------------------------------------------
  Term symbol:  10 (1) A                                    R^2 =  6.55589e-07

  Total energy:                                            -13.2989892230 a.u.
  Excitation energy:                                              35.329965 eV



  V1^2 = 0.0375, V2^2 = 0.9625

  Important amplitudes:
      occ i     occ j     vir a      vir b          v   
    -----------------------------------------------------
     2 (A) A   2 (A) B    4 (A) A    6 (A) B      0.3069
     2 (A) A              8 (A) A                -0.0998
    -----------------------------------------------------
  ----------------------------------------------------------------------------


  Excited state 20 (singlet, A)                                    [converged]
  ----------------------------------------------------------------------------
  Term symbol:  11 (1) A                                    R^2 =  6.55589e-07

  Total energy:                                            -13.2989892230 a.u.
  Excitation energy:                                              35.329965 eV



  V1^2 = 0.0375, V2^2 = 0.9625

  Important amplitudes:
      occ i     occ j     vir a      vir b          v   
    -----------------------------------------------------
     2 (A) A   2 (A) B    3 (A) A    6 (A) B      0.2987
     2 (A) A              7 (A) A                 0.1019
    -----------------------------------------------------
  ----------------------------------------------------------------------------


eri_bbbb False
eri_ffff False
neweri maximag 1.11022302463e-16
neweri True
trans_bas True 0.0
focks agree True
fock True
fock diagonal True
max imags 4.86558551485e-08 1.66533453694e-16 1.66533453694e-16
overlap True
--------------------------------------------------------------------------------
