
--------------------------------------------------------------------------------
                                 MP(2) Summary                                  
--------------------------------------------------------------------------------
  MP energy contribution:                                   -0.0631698999 a.u.
  Total energy:                                            -14.6023050285 a.u.
--------------------------------------------------------------------------------
  Starting Davidson ... 
--------------------------------------------------------------------------------
   It NVec Conv  Avg. Norm  Max. Norm  Conv. states           Remark
--------------------------------------------------------------------------------
        10    0  7.975e-02  3.404e-01  0.2586 n n n n n n n n Guess.
    1   20    0  8.607e-03  3.555e-02  0.2243 n n n n n n n n 
    2   30    0  1.243e-03  4.582e-03  0.2242 n n n n n n n n 
    3   40    0  1.124e-04  6.007e-04  0.2242 n n n n n n n n 
    4   50    0  1.373e-05  8.206e-05  0.2242 n n n n n n n n 
    5   20    2  1.225e-06  7.274e-06  0.2242 n n n n n n n n Subspace collapsed.
    6   30   10  9.317e-08  5.658e-07  0.2242 y y y y y y y y Converged.
--------------------------------------------------------------------------------
  Davidson Summary: 
 ------------------------------------------------------------
  State  0: excitation energy =   0.2242 a.u.   (converged)
  State  1: excitation energy =   0.2242 a.u.   (converged)
  State  2: excitation energy =   0.2242 a.u.   (converged)
  State  3: excitation energy =   0.5286 a.u.   (converged)
  State  4: excitation energy =   0.5286 a.u.   (converged)
  State  5: excitation energy =   0.5286 a.u.   (converged)
  State  6: excitation energy =   0.5286 a.u.   (converged)
  State  7: excitation energy =   0.5286 a.u.   (converged)
  State  8: excitation energy =   0.6101 a.u.   (converged)
  State  9: excitation energy =   0.6759 a.u.   (converged)
 ------------------------------------------------------------

  Starting Davidson ... 
--------------------------------------------------------------------------------
   It NVec Conv  Avg. Norm  Max. Norm  Conv. states           Remark
--------------------------------------------------------------------------------
        10    0  5.985e-02  2.684e-01  0.0991 n n n n n n n n Guess.
    1   20    0  5.687e-03  3.327e-02  0.0920 n n n n n n n n 
    2   30    0  4.660e-04  2.521e-03  0.0920 n n n n n n n n 
    3   40    0  3.705e-05  2.227e-04  0.0920 n n n n n n n n 
    4   50    0  2.536e-06  1.484e-05  0.0920 n n n n n n n n 
    5   20    7  2.774e-07  1.716e-06  0.0920 n n n y y y y y Subspace collapsed.
    6   30   10  1.603e-08  9.873e-08  0.0920 y y y y y y y y Converged.
--------------------------------------------------------------------------------
  Davidson Summary: 
 ------------------------------------------------------------
  State  0: excitation energy =   0.0920 a.u.   (converged)
  State  1: excitation energy =   0.0920 a.u.   (converged)
  State  2: excitation energy =   0.0920 a.u.   (converged)
  State  3: excitation energy =   0.5114 a.u.   (converged)
  State  4: excitation energy =   0.5114 a.u.   (converged)
  State  5: excitation energy =   0.5114 a.u.   (converged)
  State  6: excitation energy =   0.5114 a.u.   (converged)
  State  7: excitation energy =   0.5114 a.u.   (converged)
  State  8: excitation energy =   0.5397 a.u.   (converged)
  State  9: excitation energy =   0.6646 a.u.   (converged)
 ------------------------------------------------------------


--------------------------------------------------------------------------------
                             Excited State Summary
--------------------------------------------------------------------------------
--------------------------------------------------------------------------------

  Excited state  1 (triplet, A)                                    [converged]
  ----------------------------------------------------------------------------
  Term symbol:  1 (3) A                                     R^2 =  8.88403e-08

  Total energy:                                            -14.5103402907 a.u.
  Excitation energy:                                               2.502488 eV


  V1^2 = 0.9968, V2^2 = 0.0032

  Important amplitudes:
      occ i     occ j     vir a      vir b          v   
    -----------------------------------------------------
     2 (A) A              3 (A) A                 0.6100
     2 (A) A              4 (A) A                -0.3215
    -----------------------------------------------------
  ----------------------------------------------------------------------------


  Excited state  2 (triplet, A)                                    [converged]
  ----------------------------------------------------------------------------
  Term symbol:  2 (3) A                                     R^2 =  9.87259e-08

  Total energy:                                            -14.5103402893 a.u.
  Excitation energy:                                               2.502488 eV


  V1^2 = 0.9968, V2^2 = 0.0032

  Important amplitudes:
      occ i     occ j     vir a      vir b          v   
    -----------------------------------------------------
     2 (A) A              5 (A) A                -0.6423
     2 (A) A              4 (A) A                -0.2771
    -----------------------------------------------------
  ----------------------------------------------------------------------------


  Excited state  3 (triplet, A)                                    [converged]
  ----------------------------------------------------------------------------
  Term symbol:  3 (3) A                                     R^2 =  8.33849e-08

  Total energy:                                            -14.5103402886 a.u.
  Excitation energy:                                               2.502488 eV


  V1^2 = 0.9968, V2^2 = 0.0032

  Important amplitudes:
      occ i     occ j     vir a      vir b          v   
    -----------------------------------------------------
     2 (A) A              4 (A) A                -0.5564
     2 (A) A              3 (A) A                -0.3423
    -----------------------------------------------------
  ----------------------------------------------------------------------------


  Excited state  4 (singlet, A)                                    [converged]
  ----------------------------------------------------------------------------
  Term symbol:  2 (1) A                                     R^2 =  4.93909e-07

  Total energy:                                            -14.3780961467 a.u.
  Excitation energy:                                               6.101034 eV



  V1^2 = 0.9762, V2^2 = 0.0238

  Important amplitudes:
      occ i     occ j     vir a      vir b          v   
    -----------------------------------------------------
     2 (A) A              4 (A) A                -0.5412
     2 (A) A              3 (A) A                -0.3492
    -----------------------------------------------------
  ----------------------------------------------------------------------------


  Excited state  5 (singlet, A)                                    [converged]
  ----------------------------------------------------------------------------
  Term symbol:  3 (1) A                                     R^2 =  5.65849e-07

  Total energy:                                            -14.3780961447 a.u.
  Excitation energy:                                               6.101034 eV



  V1^2 = 0.9762, V2^2 = 0.0238

  Important amplitudes:
      occ i     occ j     vir a      vir b          v   
    -----------------------------------------------------
     2 (A) A              5 (A) A                -0.6313
     2 (A) A              4 (A) A                -0.2909
    -----------------------------------------------------
  ----------------------------------------------------------------------------


  Excited state  6 (singlet, A)                                    [converged]
  ----------------------------------------------------------------------------
  Term symbol:  4 (1) A                                     R^2 =  5.12134e-07

  Total energy:                                            -14.3780961399 a.u.
  Excitation energy:                                               6.101034 eV



  V1^2 = 0.9762, V2^2 = 0.0238

  Important amplitudes:
      occ i     occ j     vir a      vir b          v   
    -----------------------------------------------------
     2 (A) A              3 (A) A                 0.6010
     2 (A) A              4 (A) A                -0.3259
    -----------------------------------------------------
  ----------------------------------------------------------------------------


  Excited state  7 (triplet, A)                                    [converged]
  ----------------------------------------------------------------------------
  Term symbol:  4 (3) A                                     R^2 =  7.67221e-09

  Total energy:                                            -14.0908890279 a.u.
  Excitation energy:                                              13.916337 eV


  V1^2 = 0.9986, V2^2 = 0.0014

  Important amplitudes:
      occ i     occ j     vir a      vir b          v   
    -----------------------------------------------------
     2 (A) A              9 (A) A                 0.6387
     2 (A) A              8 (A) A                -0.1841
    -----------------------------------------------------
  ----------------------------------------------------------------------------


  Excited state  8 (triplet, A)                                    [converged]
  ----------------------------------------------------------------------------
  Term symbol:  5 (3) A                                     R^2 =  7.67221e-09

  Total energy:                                            -14.0908890277 a.u.
  Excitation energy:                                              13.916337 eV


  V1^2 = 0.9986, V2^2 = 0.0014

  Important amplitudes:
      occ i     occ j     vir a      vir b          v   
    -----------------------------------------------------
     2 (A) A              6 (A) A                -0.4816
     2 (A) A             10 (A) A                 0.4128
    -----------------------------------------------------
  ----------------------------------------------------------------------------


  Excited state  9 (triplet, A)                                    [converged]
  ----------------------------------------------------------------------------
  Term symbol:  6 (3) A                                     R^2 =  7.67221e-09

  Total energy:                                            -14.0908890274 a.u.
  Excitation energy:                                              13.916337 eV


  V1^2 = 0.9986, V2^2 = 0.0014

  Important amplitudes:
      occ i     occ j     vir a      vir b          v   
    -----------------------------------------------------
     2 (A) A              7 (A) A                -0.6031
     2 (A) A              8 (A) A                 0.2571
    -----------------------------------------------------
  ----------------------------------------------------------------------------


  Excited state 10 (triplet, A)                                    [converged]
  ----------------------------------------------------------------------------
  Term symbol:  7 (3) A                                     R^2 =  7.67221e-09

  Total energy:                                            -14.0908890265 a.u.
  Excitation energy:                                              13.916337 eV


  V1^2 = 0.9986, V2^2 = 0.0014

  Important amplitudes:
      occ i     occ j     vir a      vir b          v   
    -----------------------------------------------------
     2 (A) A             10 (A) A                 0.5402
     2 (A) A              6 (A) A                 0.3761
    -----------------------------------------------------
  ----------------------------------------------------------------------------


  Excited state 11 (triplet, A)                                    [converged]
  ----------------------------------------------------------------------------
  Term symbol:  8 (3) A                                     R^2 =  7.67221e-09

  Total energy:                                            -14.0908890264 a.u.
  Excitation energy:                                              13.916337 eV


  V1^2 = 0.9986, V2^2 = 0.0014

  Important amplitudes:
      occ i     occ j     vir a      vir b          v   
    -----------------------------------------------------
     2 (A) A              8 (A) A                 0.5506
     2 (A) A              6 (A) A                -0.3096
    -----------------------------------------------------
  ----------------------------------------------------------------------------


  Excited state 12 (singlet, A)                                    [converged]
  ----------------------------------------------------------------------------
  Term symbol:  5 (1) A                                     R^2 =  8.00704e-08

  Total energy:                                            -14.0737522611 a.u.
  Excitation energy:                                              14.382652 eV



  V1^2 = 0.8917, V2^2 = 0.1083

  Important amplitudes:
      occ i     occ j     vir a      vir b          v   
    -----------------------------------------------------
     2 (A) A             10 (A) A                -0.4364
     2 (A) A              8 (A) A                -0.3219
    -----------------------------------------------------
  ----------------------------------------------------------------------------


  Excited state 13 (singlet, A)                                    [converged]
  ----------------------------------------------------------------------------
  Term symbol:  6 (1) A                                     R^2 =  8.00704e-08

  Total energy:                                            -14.0737522611 a.u.
  Excitation energy:                                              14.382652 eV



  V1^2 = 0.8917, V2^2 = 0.1083

  Important amplitudes:
      occ i     occ j     vir a      vir b          v   
    -----------------------------------------------------
     2 (A) A              7 (A) A                -0.4417
     2 (A) A              6 (A) A                 0.3535
    -----------------------------------------------------
  ----------------------------------------------------------------------------


  Excited state 14 (singlet, A)                                    [converged]
  ----------------------------------------------------------------------------
  Term symbol:  7 (1) A                                     R^2 =  8.00704e-08

  Total energy:                                            -14.0737522609 a.u.
  Excitation energy:                                              14.382652 eV



  V1^2 = 0.8917, V2^2 = 0.1083

  Important amplitudes:
      occ i     occ j     vir a      vir b          v   
    -----------------------------------------------------
     2 (A) A              7 (A) A                -0.4850
     2 (A) A              8 (A) A                 0.3634
    -----------------------------------------------------
  ----------------------------------------------------------------------------


  Excited state 15 (singlet, A)                                    [converged]
  ----------------------------------------------------------------------------
  Term symbol:  8 (1) A                                     R^2 =  8.00704e-08

  Total energy:                                            -14.0737522607 a.u.
  Excitation energy:                                              14.382652 eV



  V1^2 = 0.8917, V2^2 = 0.1083

  Important amplitudes:
      occ i     occ j     vir a      vir b          v   
    -----------------------------------------------------
     2 (A) A             10 (A) A                 0.4971
     2 (A) A              8 (A) A                -0.3266
    -----------------------------------------------------
  ----------------------------------------------------------------------------


  Excited state 16 (singlet, A)                                    [converged]
  ----------------------------------------------------------------------------
  Term symbol:  9 (1) A                                     R^2 =  8.00704e-08

  Total energy:                                            -14.0737522606 a.u.
  Excitation energy:                                              14.382652 eV



  V1^2 = 0.8917, V2^2 = 0.1083

  Important amplitudes:
      occ i     occ j     vir a      vir b          v   
    -----------------------------------------------------
     2 (A) A              9 (A) A                 0.5324
     2 (A) A              6 (A) A                 0.3821
    -----------------------------------------------------
  ----------------------------------------------------------------------------


  Excited state 17 (triplet, A)                                    [converged]
  ----------------------------------------------------------------------------
  Term symbol:  9 (3) A                                     R^2 =  2.47823e-08

  Total energy:                                            -14.0626173801 a.u.
  Excitation energy:                                              14.685648 eV


  V1^2 = 0.9915, V2^2 = 0.0085

  Important amplitudes:
      occ i     occ j     vir a      vir b          v   
    -----------------------------------------------------
     2 (A) A             11 (A) A                 0.7036
     2 (A) A             23 (A) A                -0.0250
    -----------------------------------------------------
  ----------------------------------------------------------------------------


  Excited state 18 (singlet, A)                                    [converged]
  ----------------------------------------------------------------------------
  Term symbol:  10 (1) A                                    R^2 =  9.08860e-08

  Total energy:                                            -13.9922427902 a.u.
  Excitation energy:                                              16.600638 eV



  V1^2 = 0.9619, V2^2 = 0.0381

  Important amplitudes:
      occ i     occ j     vir a      vir b          v   
    -----------------------------------------------------
     2 (A) A             11 (A) A                 0.6934
     2 (A) A   2 (A) B    5 (A) A   12 (A) B     -0.0369
    -----------------------------------------------------
  ----------------------------------------------------------------------------


  Excited state 19 (triplet, A)                                    [converged]
  ----------------------------------------------------------------------------
  Term symbol:  10 (3) A                                    R^2 =  1.37073e-08

  Total energy:                                            -13.9377235603 a.u.
  Excitation energy:                                              18.084181 eV


  V1^2 = 0.9946, V2^2 = 0.0054

  Important amplitudes:
      occ i     occ j     vir a      vir b          v   
    -----------------------------------------------------
     2 (A) A             13 (A) A                 0.6985
     2 (A) A              4 (A) A                -0.0906
    -----------------------------------------------------
  ----------------------------------------------------------------------------


  Excited state 20 (singlet, A)                                    [converged]
  ----------------------------------------------------------------------------
  Term symbol:  11 (1) A                                    R^2 =  3.71569e-08

  Total energy:                                            -13.9264017700 a.u.
  Excitation energy:                                              18.392263 eV



  V1^2 = 0.9521, V2^2 = 0.0479

  Important amplitudes:
      occ i     occ j     vir a      vir b          v   
    -----------------------------------------------------
     2 (A) A             13 (A) A                 0.6864
     2 (A) A   2 (A) B    4 (A) A   11 (A) B     -0.0655
    -----------------------------------------------------
  ----------------------------------------------------------------------------


eri_bbbb False
eri_ffff False
neweri maximag 8.32667268469e-17
neweri True
trans_bas True 0.0
focks agree True
fock True
fock diagonal True
max imags 6.07930511645e-08 8.32667268469e-17 8.32667268469e-17
overlap True
--------------------------------------------------------------------------------
