
--------------------------------------------------------------------------------
                                 MP(2) Summary                                  
--------------------------------------------------------------------------------
  MP energy contribution:                                   -0.0603774387 a.u.
  Total energy:                                            -14.6248126291 a.u.
--------------------------------------------------------------------------------
  Starting Davidson ... 
--------------------------------------------------------------------------------
   It NVec Conv  Avg. Norm  Max. Norm  Conv. states           Remark
--------------------------------------------------------------------------------
        10    0  7.663e-02  3.580e-01  0.2368 n n n n n n n n Guess.
    1   20    0  1.223e-01  7.212e-01  0.2292 n n n n n n n n 
    2   30    0  1.778e-02  1.677e-01  0.2292 n n n n n n n n 
    3   40    0  2.188e-03  2.142e-02  0.2292 n n n n n n n n 
    4   50    0  2.158e-04  2.146e-03  0.2292 n n n n n n n n 
    5   20    7  1.793e-05  1.786e-04  0.2292 y y y y y y y n Subspace collapsed.
    6   30    9  1.734e-06  1.732e-05  0.2292 y y y y y y y y 
    7   40    9  2.685e-07  2.684e-06  0.2292 y y y y y y y y 
    8   50   10  1.796e-08  1.794e-07  0.2292 y y y y y y y y Converged.
--------------------------------------------------------------------------------
  Davidson Summary: 
 ------------------------------------------------------------
  State  0: excitation energy =   0.2292 a.u.   (converged)
  State  1: excitation energy =   0.2292 a.u.   (converged)
  State  2: excitation energy =   0.2292 a.u.   (converged)
  State  3: excitation energy =   0.4506 a.u.   (converged)
  State  4: excitation energy =   0.5199 a.u.   (converged)
  State  5: excitation energy =   0.5199 a.u.   (converged)
  State  6: excitation energy =   0.5199 a.u.   (converged)
  State  7: excitation energy =   1.0651 a.u.   (converged)
  State  8: excitation energy =   1.0651 a.u.   (converged)
  State  9: excitation energy =   1.0651 a.u.   (converged)
 ------------------------------------------------------------

  Starting Davidson ... 
--------------------------------------------------------------------------------
   It NVec Conv  Avg. Norm  Max. Norm  Conv. states           Remark
--------------------------------------------------------------------------------
        10    0  6.471e-02  3.140e-01  0.0922 n n n n n n n n Guess.
    1   20    0  4.304e-03  2.218e-02  0.0897 n n n n n n n n 
    2   30    0  3.775e-04  1.719e-03  0.0897 n n n n n n n n 
    3   40    0  2.667e-05  1.247e-04  0.0897 n n n n n n n n 
    4   50    0  1.180e-06  5.982e-06  0.0897 n n n n n n n n 
    5   20    9  8.663e-02  8.663e-01  0.0897 y y y y y y y n Subspace collapsed.
    6   30    7  1.722e-01  1.478e+00  0.0897 y y y y y y y n 
    7   40    7  1.432e-01  1.293e+00  0.0897 y y y y y y y n 
    8   50    7  1.231e-01  1.172e+00  0.0897 y y y y y y y n 
    9   15    7  1.068e-01  1.001e+00  0.0897 y y y y y y y n Subspace collapsed.
   10   17    7  1.068e-01  1.001e+00  0.0897 y y y y y y y n 
   11   17    7  1.068e-01  1.001e+00  0.0897 y y y y y y y n 
   12   17    7  1.068e-01  1.001e+00  0.0897 y y y y y y y n 
   13   27    7  1.037e-01  1.001e+00  0.0897 y y y y y y y n 
   14   30    7  9.467e-02  9.059e-01  0.0897 y y y y y y y n 
   15   33    7  7.700e-02  7.252e-01  0.0897 y y y y y y y n 
   16   36    7  8.010e-02  7.571e-01  0.0897 y y y y y y y n 
   17   39    8  7.526e-02  7.053e-01  0.0897 y y y y y y y n 
   18   42    8  6.878e-02  6.361e-01  0.0897 y y y y y y y n 
   19   42    8  6.878e-02  6.361e-01  0.0897 y y y y y y y n 
   20   42    8  6.878e-02  6.361e-01  0.0897 y y y y y y y n 
   21   50    8  7.435e-02  7.027e-01  0.0897 y y y y y y y n 
   22   12    8  7.436e-02  7.025e-01  0.0897 y y y y y y y n Subspace collapsed.
   23   14    8  7.425e-02  7.088e-01  0.0897 y y y y y y y n 
   24   15    8  7.364e-02  7.025e-01  0.0897 y y y y y y y n 
   25   20    8  7.312e-02  6.978e-01  0.0897 y y y y y y y n 
   26   24    8  6.802e-02  6.760e-01  0.0897 y y y y y y y n 
   27   27    7  8.080e-02  8.017e-01  0.0897 y y y y y y y n 
   28   30    7  1.253e-02  1.076e-01  0.0897 y y y y y y y n 
   29   33    7  4.062e-03  3.976e-02  0.0897 y y y y y y y n 
   30   33    7  4.062e-03  3.976e-02  0.0897 y y y y y y y n 
   31   35    7  3.894e-03  3.806e-02  0.0897 y y y y y y y n 
   32   35    7  3.894e-03  3.806e-02  0.0897 y y y y y y y n 
   33   35    7  3.894e-03  3.806e-02  0.0897 y y y y y y y n 
   34   35    7  3.894e-03  3.806e-02  0.0897 y y y y y y y n 
   35   45    7  5.225e-04  5.205e-03  0.0897 y y y y y y y n 
   36   45    7  5.225e-04  5.205e-03  0.0897 y y y y y y y n 
   37   45    7  5.225e-04  5.205e-03  0.0897 y y y y y y y n 
   38   47    7  5.235e-04  5.217e-03  0.0897 y y y y y y y n 
   39   48    7  5.193e-04  5.175e-03  0.0897 y y y y y y y n 
   40   48    7  5.193e-04  5.175e-03  0.0897 y y y y y y y n 
   41   50    7  5.051e-04  5.038e-03  0.0897 y y y y y y y n 
   42   12    7  5.038e-04  5.024e-03  0.0897 y y y y y y y n Subspace collapsed.
   43   12    7  5.038e-04  5.024e-03  0.0897 y y y y y y y n 
   44   21    7  7.066e-05  7.050e-04  0.0897 y y y y y y y n 
   45   21    7  7.066e-05  7.050e-04  0.0897 y y y y y y y n 
   46   21    7  7.066e-05  7.050e-04  0.0897 y y y y y y y n 
   47   23    7  6.908e-05  6.893e-04  0.0897 y y y y y y y n 
   48   23    7  6.908e-05  6.893e-04  0.0897 y y y y y y y n 
   49   23    7  6.908e-05  6.893e-04  0.0897 y y y y y y y n 
   50   23    7  6.908e-05  6.893e-04  0.0897 y y y y y y y n 
   51   24    7  7.051e-05  7.036e-04  0.0897 y y y y y y y n 
   52   24    7  7.051e-05  7.036e-04  0.0897 y y y y y y y n 
   53   24    7  7.051e-05  7.036e-04  0.0897 y y y y y y y n 
   54   24    7  7.051e-05  7.036e-04  0.0897 y y y y y y y n 
   55   24    7  7.051e-05  7.036e-04  0.0897 y y y y y y y n 
   56   34    7  3.864e-05  3.840e-04  0.0897 y y y y y y y n 
   57   34    7  3.864e-05  3.840e-04  0.0897 y y y y y y y n 
   58   34    7  3.864e-05  3.840e-04  0.0897 y y y y y y y n 
   59   34    7  3.864e-05  3.840e-04  0.0897 y y y y y y y n 
--------------------------------------------------------------------------------
  Davidson Summary: 
 ------------------------------------------------------------
  State  0: excitation energy =   0.0897 a.u.   (converged)
  State  1: excitation energy =   0.0897 a.u.   (converged)
  State  2: excitation energy =   0.0897 a.u.   (converged)
  State  3: excitation energy =   0.3870 a.u.   (converged)
  State  4: excitation energy =   0.4964 a.u.   (converged)
  State  5: excitation energy =   0.4964 a.u.   (converged)
  State  6: excitation energy =   0.4964 a.u.   (converged)
  State  7: excitation energy =   1.0465 a.u.   (not converged)
  State  8: excitation energy =   1.0465 a.u.   (not converged)
  State  9: excitation energy =   1.0465 a.u.   (not converged)
 ------------------------------------------------------------


--------------------------------------------------------------------------------
                             Excited State Summary
--------------------------------------------------------------------------------
--------------------------------------------------------------------------------

  Excited state  1 (triplet, A)                                    [converged]
  ----------------------------------------------------------------------------
  Term symbol:  1 (3) A                                     R^2 =  1.04479e-10

  Total energy:                                            -14.5351268224 a.u.
  Excitation energy:                                               2.440475 eV


  V1^2 = 0.9990, V2^2 = 0.0010

  Important amplitudes:
      occ i     occ j     vir a      vir b          v   
    -----------------------------------------------------
     2 (A) A              4 (A) A                -0.6874
     2 (A) A              8 (A) A                 0.1370
    -----------------------------------------------------
  ----------------------------------------------------------------------------


  Excited state  2 (triplet, A)                                    [converged]
  ----------------------------------------------------------------------------
  Term symbol:  2 (3) A                                     R^2 =  2.50450e-10

  Total energy:                                            -14.5351268223 a.u.
  Excitation energy:                                               2.440475 eV


  V1^2 = 0.9990, V2^2 = 0.0010

  Important amplitudes:
      occ i     occ j     vir a      vir b          v   
    -----------------------------------------------------
     2 (A) A              5 (A) A                 0.6806
     2 (A) A              9 (A) A                 0.1255
    -----------------------------------------------------
  ----------------------------------------------------------------------------


  Excited state  3 (triplet, A)                                    [converged]
  ----------------------------------------------------------------------------
  Term symbol:  3 (3) A                                     R^2 =  3.48247e-10

  Total energy:                                            -14.5351268223 a.u.
  Excitation energy:                                               2.440475 eV


  V1^2 = 0.9990, V2^2 = 0.0010

  Important amplitudes:
      occ i     occ j     vir a      vir b          v   
    -----------------------------------------------------
     2 (A) A              3 (A) A                 0.6797
     2 (A) A              7 (A) A                -0.1264
    -----------------------------------------------------
  ----------------------------------------------------------------------------


  Excited state  4 (singlet, A)                                    [converged]
  ----------------------------------------------------------------------------
  Term symbol:  2 (1) A                                     R^2 =  3.80852e-11

  Total energy:                                            -14.3956357171 a.u.
  Excitation energy:                                               6.236221 eV



  V1^2 = 0.9963, V2^2 = 0.0037

  Important amplitudes:
      occ i     occ j     vir a      vir b          v   
    -----------------------------------------------------
     2 (A) A              4 (A) A                -0.6974
     2 (A) A              3 (A) A                -0.0719
    -----------------------------------------------------
  ----------------------------------------------------------------------------


  Excited state  5 (singlet, A)                                    [converged]
  ----------------------------------------------------------------------------
  Term symbol:  3 (1) A                                     R^2 =  2.38541e-11

  Total energy:                                            -14.3956357170 a.u.
  Excitation energy:                                               6.236221 eV



  V1^2 = 0.9963, V2^2 = 0.0037

  Important amplitudes:
      occ i     occ j     vir a      vir b          v   
    -----------------------------------------------------
     2 (A) A              3 (A) A                 0.6361
     2 (A) A              5 (A) A                 0.2957
    -----------------------------------------------------
  ----------------------------------------------------------------------------


  Excited state  6 (singlet, A)                                    [converged]
  ----------------------------------------------------------------------------
  Term symbol:  4 (1) A                                     R^2 =  2.38541e-11

  Total energy:                                            -14.3956357170 a.u.
  Excitation energy:                                               6.236221 eV



  V1^2 = 0.9963, V2^2 = 0.0037

  Important amplitudes:
      occ i     occ j     vir a      vir b          v   
    -----------------------------------------------------
     2 (A) A              5 (A) A                 0.6358
     2 (A) A              3 (A) A                -0.2902
    -----------------------------------------------------
  ----------------------------------------------------------------------------


  Excited state  7 (triplet, A)                                    [converged]
  ----------------------------------------------------------------------------
  Term symbol:  4 (3) A                                     R^2 =  3.62571e-12

  Total energy:                                            -14.2377972717 a.u.
  Excitation energy:                                              10.531223 eV


  V1^2 = 0.9926, V2^2 = 0.0074

  Important amplitudes:
      occ i     occ j     vir a      vir b          v   
    -----------------------------------------------------
     2 (A) A              6 (A) A                 0.7026
     2 (A) A             10 (A) A                -0.0509
    -----------------------------------------------------
  ----------------------------------------------------------------------------


  Excited state  8 (singlet, A)                                    [converged]
  ----------------------------------------------------------------------------
  Term symbol:  5 (1) A                                     R^2 =  1.93184e-09

  Total energy:                                            -14.1742385934 a.u.
  Excitation energy:                                              12.260743 eV



  V1^2 = 0.9670, V2^2 = 0.0330

  Important amplitudes:
      occ i     occ j     vir a      vir b          v   
    -----------------------------------------------------
     2 (A) A              6 (A) A                 0.6951
     2 (A) A   2 (A) B    4 (A) A    8 (A) B     -0.0328
    -----------------------------------------------------
  ----------------------------------------------------------------------------


  Excited state  9 (triplet, A)                                    [converged]
  ----------------------------------------------------------------------------
  Term symbol:  5 (3) A                                     R^2 =  6.36743e-10

  Total energy:                                            -14.1284390154 a.u.
  Excitation energy:                                              13.507013 eV


  V1^2 = 0.9980, V2^2 = 0.0020

  Important amplitudes:
      occ i     occ j     vir a      vir b          v   
    -----------------------------------------------------
     2 (A) A              8 (A) A                 0.6778
     2 (A) A              4 (A) A                 0.1389
    -----------------------------------------------------
  ----------------------------------------------------------------------------


  Excited state 10 (triplet, A)                                    [converged]
  ----------------------------------------------------------------------------
  Term symbol:  6 (3) A                                     R^2 =  3.04111e-09

  Total energy:                                            -14.1284390144 a.u.
  Excitation energy:                                              13.507013 eV


  V1^2 = 0.9980, V2^2 = 0.0020

  Important amplitudes:
      occ i     occ j     vir a      vir b          v   
    -----------------------------------------------------
     2 (A) A              9 (A) A                -0.6300
     2 (A) A              7 (A) A                 0.2501
    -----------------------------------------------------
  ----------------------------------------------------------------------------


  Excited state 11 (triplet, A)                                    [converged]
  ----------------------------------------------------------------------------
  Term symbol:  7 (3) A                                     R^2 =  2.70087e-09

  Total energy:                                            -14.1284390143 a.u.
  Excitation energy:                                              13.507013 eV


  V1^2 = 0.9980, V2^2 = 0.0020

  Important amplitudes:
      occ i     occ j     vir a      vir b          v   
    -----------------------------------------------------
     2 (A) A              7 (A) A                -0.6415
     2 (A) A              9 (A) A                -0.2546
    -----------------------------------------------------
  ----------------------------------------------------------------------------


  Excited state 12 (singlet, A)                                    [converged]
  ----------------------------------------------------------------------------
  Term symbol:  6 (1) A                                     R^2 =  5.76911e-10

  Total energy:                                            -14.1048799123 a.u.
  Excitation energy:                                              14.148089 eV



  V1^2 = 0.9638, V2^2 = 0.0362

  Important amplitudes:
      occ i     occ j     vir a      vir b          v   
    -----------------------------------------------------
     2 (A) A              8 (A) A                -0.6772
     2 (A) A              9 (A) A                -0.1208
    -----------------------------------------------------
  ----------------------------------------------------------------------------


  Excited state 13 (singlet, A)                                    [converged]
  ----------------------------------------------------------------------------
  Term symbol:  7 (1) A                                     R^2 =  6.97179e-11

  Total energy:                                            -14.1048799112 a.u.
  Excitation energy:                                              14.148089 eV



  V1^2 = 0.9638, V2^2 = 0.0362

  Important amplitudes:
      occ i     occ j     vir a      vir b          v   
    -----------------------------------------------------
     2 (A) A              7 (A) A                 0.6167
     2 (A) A              9 (A) A                -0.2932
    -----------------------------------------------------
  ----------------------------------------------------------------------------


  Excited state 14 (singlet, A)                                    [converged]
  ----------------------------------------------------------------------------
  Term symbol:  8 (1) A                                     R^2 =  6.97167e-11

  Total energy:                                            -14.1048799112 a.u.
  Excitation energy:                                              14.148089 eV



  V1^2 = 0.9638, V2^2 = 0.0362

  Important amplitudes:
      occ i     occ j     vir a      vir b          v   
    -----------------------------------------------------
     2 (A) A              9 (A) A                -0.6122
     2 (A) A              7 (A) A                -0.3047
    -----------------------------------------------------
  ----------------------------------------------------------------------------


  Excited state 15 (triplet, A)                                [not converged]
  ----------------------------------------------------------------------------
  Term symbol:  8 (3) A                                     R^2 =  2.11679e-05

  Total energy:                                            -13.5783064339 a.u.
  Excitation energy:                                              28.476882 eV


  V1^2 = 0.0023, V2^2 = 0.9977

  Important amplitudes:
      occ i     occ j     vir a      vir b          v   
    -----------------------------------------------------
     2 (A) A   2 (A) B    5 (A) A    6 (A) B      0.2993
     2 (A) A             11 (A) A                -0.0297
    -----------------------------------------------------
  ----------------------------------------------------------------------------


  Excited state 16 (triplet, A)                                [not converged]
  ----------------------------------------------------------------------------
  Term symbol:  9 (3) A                                     R^2 =  3.75705e-05

  Total energy:                                            -13.5783064290 a.u.
  Excitation energy:                                              28.476882 eV


  V1^2 = 0.0023, V2^2 = 0.9977

  Important amplitudes:
      occ i     occ j     vir a      vir b          v   
    -----------------------------------------------------
     2 (A) A   2 (A) B    4 (A) A    6 (A) B      0.3510
     2 (A) A             13 (A) A                 0.0297
    -----------------------------------------------------
  ----------------------------------------------------------------------------


  Excited state 17 (triplet, A)                                [not converged]
  ----------------------------------------------------------------------------
  Term symbol:  10 (3) A                                    R^2 =  3.83982e-04

  Total energy:                                            -13.5783063892 a.u.
  Excitation energy:                                              28.476883 eV


  V1^2 = 0.0023, V2^2 = 0.9977

  Important amplitudes:
      occ i     occ j     vir a      vir b          v   
    -----------------------------------------------------
     2 (A) A   2 (A) B    3 (A) A    6 (A) B     -0.2971
     2 (A) A             12 (A) A                 0.0298
    -----------------------------------------------------
  ----------------------------------------------------------------------------


  Excited state 18 (singlet, A)                                    [converged]
  ----------------------------------------------------------------------------
  Term symbol:  9 (1) A                                     R^2 =  6.15450e-09

  Total energy:                                            -13.5597536052 a.u.
  Excitation energy:                                              28.981730 eV



  V1^2 = 0.0357, V2^2 = 0.9643

  Important amplitudes:
      occ i     occ j     vir a      vir b          v   
    -----------------------------------------------------
     2 (A) A   2 (A) B    3 (A) A    6 (A) B     -0.3271
     2 (A) A              7 (A) A                -0.1082
    -----------------------------------------------------
  ----------------------------------------------------------------------------


  Excited state 19 (singlet, A)                                    [converged]
  ----------------------------------------------------------------------------
  Term symbol:  10 (1) A                                    R^2 =  6.15481e-09

  Total energy:                                            -13.5597536052 a.u.
  Excitation energy:                                              28.981730 eV



  V1^2 = 0.0357, V2^2 = 0.9643

  Important amplitudes:
      occ i     occ j     vir a      vir b          v   
    -----------------------------------------------------
     2 (A) A   2 (A) B    5 (A) A    6 (A) B     -0.3271
     2 (A) A              9 (A) A                 0.1076
    -----------------------------------------------------
  ----------------------------------------------------------------------------


  Excited state 20 (singlet, A)                                    [converged]
  ----------------------------------------------------------------------------
  Term symbol:  11 (1) A                                    R^2 =  1.79397e-07

  Total energy:                                            -13.5597536052 a.u.
  Excitation energy:                                              28.981730 eV



  V1^2 = 0.0357, V2^2 = 0.9643

  Important amplitudes:
      occ i     occ j     vir a      vir b          v   
    -----------------------------------------------------
     2 (A) A   2 (A) B    4 (A) A    6 (A) B      0.3444
     2 (A) A              8 (A) A                 0.1284
    -----------------------------------------------------
  ----------------------------------------------------------------------------


eri_bbbb False
eri_ffff False
neweri maximag 1.14491749414e-16
neweri True
trans_bas True 0.0
focks agree True
fock True
fock diagonal True
max imags 7.41404758661e-09 8.32667268469e-17 8.32667268469e-17
overlap True
--------------------------------------------------------------------------------
