
--------------------------------------------------------------------------------
                                 MP(2) Summary                                  
--------------------------------------------------------------------------------
  MP energy contribution:                                   -0.0655820864 a.u.
  Total energy:                                            -14.6300172767 a.u.
--------------------------------------------------------------------------------
  Starting Davidson ... 
--------------------------------------------------------------------------------
   It NVec Conv  Avg. Norm  Max. Norm  Conv. states           Remark
--------------------------------------------------------------------------------
        10    0  7.248e-02  3.026e-01  0.2416 n n n n n n n n Guess.
    1   20    0  7.731e-03  3.638e-02  0.2097 n n n n n n n n 
    2   30    0  1.338e-03  5.233e-03  0.2096 n n n n n n n n 
    3   40    0  1.546e-04  8.780e-04  0.2096 n n n n n n n n 
    4   50    0  2.263e-05  1.429e-04  0.2096 n n n n n n n n 
    5   20    0  2.332e-06  1.553e-05  0.2096 n n n n n n n n Subspace collapsed.
    6   30    8  2.382e-07  1.645e-06  0.2096 n n y y y y y y 
    7   40   10  1.133e-07  7.930e-07  0.2096 y y y y y y y y Converged.
--------------------------------------------------------------------------------
  Davidson Summary: 
 ------------------------------------------------------------
  State  0: excitation energy =   0.2096 a.u.   (converged)
  State  1: excitation energy =   0.2096 a.u.   (converged)
  State  2: excitation energy =   0.2096 a.u.   (converged)
  State  3: excitation energy =   0.4365 a.u.   (converged)
  State  4: excitation energy =   0.4365 a.u.   (converged)
  State  5: excitation energy =   0.4365 a.u.   (converged)
  State  6: excitation energy =   0.4365 a.u.   (converged)
  State  7: excitation energy =   0.4365 a.u.   (converged)
  State  8: excitation energy =   0.4503 a.u.   (converged)
  State  9: excitation energy =   0.5087 a.u.   (converged)
 ------------------------------------------------------------

  Starting Davidson ... 
--------------------------------------------------------------------------------
   It NVec Conv  Avg. Norm  Max. Norm  Conv. states           Remark
--------------------------------------------------------------------------------
        10    0  5.669e-02  2.314e-01  0.0966 n n n n n n n n Guess.
    1   20    0  8.128e-03  4.818e-02  0.0893 n n n n n n n n 
    2   30    0  6.923e-04  4.240e-03  0.0893 n n n n n n n n 
    3   40    0  5.518e-05  3.380e-04  0.0893 n n n n n n n n 
    4   50    0  4.674e-06  3.063e-05  0.0893 n n n n n n n n 
    5   20    8  4.811e-07  3.202e-06  0.0893 y n n y y y y y Subspace collapsed.
    6   30   10  2.770e-08  1.867e-07  0.0893 y y y y y y y y Converged.
--------------------------------------------------------------------------------
  Davidson Summary: 
 ------------------------------------------------------------
  State  0: excitation energy =   0.0893 a.u.   (converged)
  State  1: excitation energy =   0.0893 a.u.   (converged)
  State  2: excitation energy =   0.0893 a.u.   (converged)
  State  3: excitation energy =   0.3904 a.u.   (converged)
  State  4: excitation energy =   0.4218 a.u.   (converged)
  State  5: excitation energy =   0.4218 a.u.   (converged)
  State  6: excitation energy =   0.4218 a.u.   (converged)
  State  7: excitation energy =   0.4218 a.u.   (converged)
  State  8: excitation energy =   0.4218 a.u.   (converged)
  State  9: excitation energy =   0.4946 a.u.   (converged)
 ------------------------------------------------------------


--------------------------------------------------------------------------------
                             Excited State Summary
--------------------------------------------------------------------------------
--------------------------------------------------------------------------------

  Excited state  1 (triplet, A)                                    [converged]
  ----------------------------------------------------------------------------
  Term symbol:  1 (3) A                                     R^2 =  5.66179e-08

  Total energy:                                            -14.5407272650 a.u.
  Excitation energy:                                               2.429705 eV


  V1^2 = 0.9965, V2^2 = 0.0035

  Important amplitudes:
      occ i     occ j     vir a      vir b          v   
    -----------------------------------------------------
     2 (A) A              5 (A) A                -0.6071
     2 (A) A              4 (A) A                -0.2341
    -----------------------------------------------------
  ----------------------------------------------------------------------------


  Excited state  2 (triplet, A)                                    [converged]
  ----------------------------------------------------------------------------
  Term symbol:  2 (3) A                                     R^2 =  1.86726e-07

  Total energy:                                            -14.5407272623 a.u.
  Excitation energy:                                               2.429705 eV


  V1^2 = 0.9965, V2^2 = 0.0035

  Important amplitudes:
      occ i     occ j     vir a      vir b          v   
    -----------------------------------------------------
     2 (A) A              4 (A) A                 0.6396
     2 (A) A              3 (A) A                -0.1995
    -----------------------------------------------------
  ----------------------------------------------------------------------------


  Excited state  3 (triplet, A)                                    [converged]
  ----------------------------------------------------------------------------
  Term symbol:  3 (3) A                                     R^2 =  1.82363e-07

  Total energy:                                            -14.5407272612 a.u.
  Excitation energy:                                               2.429705 eV


  V1^2 = 0.9965, V2^2 = 0.0035

  Important amplitudes:
      occ i     occ j     vir a      vir b          v   
    -----------------------------------------------------
     2 (A) A              3 (A) A                -0.6194
     2 (A) A              5 (A) A                 0.2834
    -----------------------------------------------------
  ----------------------------------------------------------------------------


  Excited state  4 (singlet, A)                                    [converged]
  ----------------------------------------------------------------------------
  Term symbol:  2 (1) A                                     R^2 =  7.70076e-07

  Total energy:                                            -14.4204187200 a.u.
  Excitation energy:                                               5.703467 eV



  V1^2 = 0.9760, V2^2 = 0.0240

  Important amplitudes:
      occ i     occ j     vir a      vir b          v   
    -----------------------------------------------------
     2 (A) A              3 (A) A                 0.6217
     2 (A) A              5 (A) A                -0.2889
    -----------------------------------------------------
  ----------------------------------------------------------------------------


  Excited state  5 (singlet, A)                                    [converged]
  ----------------------------------------------------------------------------
  Term symbol:  3 (1) A                                     R^2 =  7.93012e-07

  Total energy:                                            -14.4204187156 a.u.
  Excitation energy:                                               5.703467 eV



  V1^2 = 0.9760, V2^2 = 0.0240

  Important amplitudes:
      occ i     occ j     vir a      vir b          v   
    -----------------------------------------------------
     2 (A) A              4 (A) A                -0.6432
     2 (A) A              3 (A) A                 0.1938
    -----------------------------------------------------
  ----------------------------------------------------------------------------


  Excited state  6 (singlet, A)                                    [converged]
  ----------------------------------------------------------------------------
  Term symbol:  4 (1) A                                     R^2 =  2.33466e-07

  Total energy:                                            -14.4204187059 a.u.
  Excitation energy:                                               5.703467 eV



  V1^2 = 0.9760, V2^2 = 0.0240

  Important amplitudes:
      occ i     occ j     vir a      vir b          v   
    -----------------------------------------------------
     2 (A) A              5 (A) A                 0.6065
     2 (A) A              3 (A) A                 0.2403
    -----------------------------------------------------
  ----------------------------------------------------------------------------


  Excited state  7 (triplet, A)                                    [converged]
  ----------------------------------------------------------------------------
  Term symbol:  4 (3) A                                     R^2 =  5.27003e-08

  Total energy:                                            -14.2396601465 a.u.
  Excitation energy:                                              10.622158 eV


  V1^2 = 0.9922, V2^2 = 0.0078

  Important amplitudes:
      occ i     occ j     vir a      vir b          v   
    -----------------------------------------------------
     2 (A) A              6 (A) A                 0.7025
     2 (A) A             20 (A) A                -0.0510
    -----------------------------------------------------
  ----------------------------------------------------------------------------


  Excited state  8 (triplet, A)                                    [converged]
  ----------------------------------------------------------------------------
  Term symbol:  5 (3) A                                     R^2 =  1.14145e-08

  Total energy:                                            -14.2082094851 a.u.
  Excitation energy:                                              11.477974 eV


  V1^2 = 0.9969, V2^2 = 0.0031

  Important amplitudes:
      occ i     occ j     vir a      vir b          v   
    -----------------------------------------------------
     2 (A) A              9 (A) A                -0.4998
     2 (A) A              7 (A) A                 0.3691
    -----------------------------------------------------
  ----------------------------------------------------------------------------


  Excited state  9 (triplet, A)                                    [converged]
  ----------------------------------------------------------------------------
  Term symbol:  6 (3) A                                     R^2 =  1.14145e-08

  Total energy:                                            -14.2082094844 a.u.
  Excitation energy:                                              11.477974 eV


  V1^2 = 0.9969, V2^2 = 0.0031

  Important amplitudes:
      occ i     occ j     vir a      vir b          v   
    -----------------------------------------------------
     2 (A) A              8 (A) A                -0.6222
     2 (A) A             10 (A) A                -0.1996
    -----------------------------------------------------
  ----------------------------------------------------------------------------


  Excited state 10 (triplet, A)                                    [converged]
  ----------------------------------------------------------------------------
  Term symbol:  7 (3) A                                     R^2 =  1.14145e-08

  Total energy:                                            -14.2082094839 a.u.
  Excitation energy:                                              11.477974 eV


  V1^2 = 0.9969, V2^2 = 0.0031

  Important amplitudes:
      occ i     occ j     vir a      vir b          v   
    -----------------------------------------------------
     2 (A) A             11 (A) A                 0.5559
     2 (A) A             10 (A) A                -0.3182
    -----------------------------------------------------
  ----------------------------------------------------------------------------


  Excited state 11 (triplet, A)                                    [converged]
  ----------------------------------------------------------------------------
  Term symbol:  8 (3) A                                     R^2 =  1.14145e-08

  Total energy:                                            -14.2082094820 a.u.
  Excitation energy:                                              11.477974 eV


  V1^2 = 0.9969, V2^2 = 0.0031

  Important amplitudes:
      occ i     occ j     vir a      vir b          v   
    -----------------------------------------------------
     2 (A) A             10 (A) A                 0.5347
     2 (A) A             11 (A) A                 0.3194
    -----------------------------------------------------
  ----------------------------------------------------------------------------


  Excited state 12 (triplet, A)                                    [converged]
  ----------------------------------------------------------------------------
  Term symbol:  9 (3) A                                     R^2 =  1.14145e-08

  Total energy:                                            -14.2082094817 a.u.
  Excitation energy:                                              11.477974 eV


  V1^2 = 0.9969, V2^2 = 0.0031

  Important amplitudes:
      occ i     occ j     vir a      vir b          v   
    -----------------------------------------------------
     2 (A) A              7 (A) A                -0.5734
     2 (A) A              9 (A) A                -0.3594
    -----------------------------------------------------
  ----------------------------------------------------------------------------


  Excited state 13 (singlet, A)                                    [converged]
  ----------------------------------------------------------------------------
  Term symbol:  5 (1) A                                     R^2 =  9.54219e-09

  Total energy:                                            -14.1935558999 a.u.
  Excitation energy:                                              11.876718 eV



  V1^2 = 0.9359, V2^2 = 0.0641

  Important amplitudes:
      occ i     occ j     vir a      vir b          v   
    -----------------------------------------------------
     2 (A) A             10 (A) A                 0.5957
     2 (A) A              9 (A) A                -0.2484
    -----------------------------------------------------
  ----------------------------------------------------------------------------


  Excited state 14 (singlet, A)                                    [converged]
  ----------------------------------------------------------------------------
  Term symbol:  6 (1) A                                     R^2 =  9.53971e-09

  Total energy:                                            -14.1935558996 a.u.
  Excitation energy:                                              11.876718 eV



  V1^2 = 0.9359, V2^2 = 0.0641

  Important amplitudes:
      occ i     occ j     vir a      vir b          v   
    -----------------------------------------------------
     2 (A) A              9 (A) A                 0.5079
     2 (A) A              7 (A) A                 0.3684
    -----------------------------------------------------
  ----------------------------------------------------------------------------


  Excited state 15 (singlet, A)                                    [converged]
  ----------------------------------------------------------------------------
  Term symbol:  7 (1) A                                     R^2 =  9.53846e-09

  Total energy:                                            -14.1935558995 a.u.
  Excitation energy:                                              11.876718 eV



  V1^2 = 0.9359, V2^2 = 0.0641

  Important amplitudes:
      occ i     occ j     vir a      vir b          v   
    -----------------------------------------------------
     2 (A) A             11 (A) A                -0.6295
     2 (A) A             10 (A) A                 0.1940
    -----------------------------------------------------
  ----------------------------------------------------------------------------


  Excited state 16 (singlet, A)                                    [converged]
  ----------------------------------------------------------------------------
  Term symbol:  8 (1) A                                     R^2 =  9.53848e-09

  Total energy:                                            -14.1935558993 a.u.
  Excitation energy:                                              11.876718 eV



  V1^2 = 0.9359, V2^2 = 0.0641

  Important amplitudes:
      occ i     occ j     vir a      vir b          v   
    -----------------------------------------------------
     2 (A) A              7 (A) A                 0.5141
     2 (A) A              9 (A) A                -0.3659
    -----------------------------------------------------
  ----------------------------------------------------------------------------


  Excited state 17 (singlet, A)                                    [converged]
  ----------------------------------------------------------------------------
  Term symbol:  9 (1) A                                     R^2 =  9.53813e-09

  Total energy:                                            -14.1935558991 a.u.
  Excitation energy:                                              11.876718 eV



  V1^2 = 0.9359, V2^2 = 0.0641

  Important amplitudes:
      occ i     occ j     vir a      vir b          v   
    -----------------------------------------------------
     2 (A) A              8 (A) A                 0.6344
     2 (A) A              7 (A) A                -0.2195
    -----------------------------------------------------
  ----------------------------------------------------------------------------


  Excited state 18 (singlet, A)                                    [converged]
  ----------------------------------------------------------------------------
  Term symbol:  10 (1) A                                    R^2 =  7.23543e-08

  Total energy:                                            -14.1796720110 a.u.
  Excitation energy:                                              12.254518 eV



  V1^2 = 0.9642, V2^2 = 0.0358

  Important amplitudes:
      occ i     occ j     vir a      vir b          v   
    -----------------------------------------------------
     2 (A) A              6 (A) A                -0.6940
     2 (A) A   2 (A) B    3 (A) A   14 (A) B      0.0334
    -----------------------------------------------------
  ----------------------------------------------------------------------------


  Excited state 19 (triplet, A)                                    [converged]
  ----------------------------------------------------------------------------
  Term symbol:  10 (3) A                                    R^2 =  4.41215e-08

  Total energy:                                            -14.1354470246 a.u.
  Excitation energy:                                              13.457941 eV


  V1^2 = 0.9937, V2^2 = 0.0063

  Important amplitudes:
      occ i     occ j     vir a      vir b          v   
    -----------------------------------------------------
     2 (A) A             13 (A) A                -0.6881
     2 (A) A              5 (A) A                -0.1295
    -----------------------------------------------------
  ----------------------------------------------------------------------------


  Excited state 20 (singlet, A)                                    [converged]
  ----------------------------------------------------------------------------
  Term symbol:  11 (1) A                                    R^2 =  3.58112e-08

  Total energy:                                            -14.1212794536 a.u.
  Excitation energy:                                              13.843460 eV



  V1^2 = 0.9546, V2^2 = 0.0454

  Important amplitudes:
      occ i     occ j     vir a      vir b          v   
    -----------------------------------------------------
     2 (A) A             13 (A) A                 0.6844
     2 (A) A              5 (A) A                 0.0681
    -----------------------------------------------------
  ----------------------------------------------------------------------------


eri_bbbb False
eri_ffff False
neweri maximag 1.45716771982e-16
neweri True
trans_bas True 0.0
focks agree True
fock True
fock diagonal True
max imags 1.37056842135e-08 1.25550611574e-16 1.25550611574e-16
overlap True
--------------------------------------------------------------------------------
