
--------------------------------------------------------------------------------
                                 MP(2) Summary                                  
--------------------------------------------------------------------------------
  MP energy contribution:                                   -0.0617079068 a.u.
  Total energy:                                            -14.6318151817 a.u.
--------------------------------------------------------------------------------
  Starting Davidson ... 
--------------------------------------------------------------------------------
   It NVec Conv  Avg. Norm  Max. Norm  Conv. states           Remark
--------------------------------------------------------------------------------
        10    0  6.932e-02  3.108e-01  0.2271 n n n n n n n n Guess.
    1   20    0  3.283e-02  2.283e-01  0.2189 n n n n n n n n 
    2   30    0  3.769e-02  2.665e-01  0.2188 n n n n n n n n 
    3   40    0  5.224e-03  3.694e-02  0.2188 n n n n n n n n 
    4   50    0  2.398e-04  1.695e-03  0.2188 n n n n n n n n 
    5   20    6  1.004e-01  1.004e+00  0.2188 y y y y y y n n Subspace collapsed.
    6   30    7  9.164e-02  9.164e-01  0.2188 y y y y y y y n 
    7   40    8  8.266e-02  8.266e-01  0.2188 y y y y y y y n 
    8   50    8  7.152e-02  7.152e-01  0.2188 y y y y y y y n 
    9   20    9  6.977e-02  6.977e-01  0.2188 y y y y y y y n Subspace collapsed.
   10   20    9  6.977e-02  6.977e-01  0.2188 y y y y y y y n 
   11   30    9  7.253e-02  7.253e-01  0.2188 y y y y y y y n 
   12   31    9  7.082e-02  7.082e-01  0.2188 y y y y y y y n 
   13   31    9  7.082e-02  7.082e-01  0.2188 y y y y y y y n 
   14   31    9  7.082e-02  7.082e-01  0.2188 y y y y y y y n 
   15   41    9  6.786e-02  6.786e-01  0.2188 y y y y y y y n 
   16   41    9  6.786e-02  6.786e-01  0.2188 y y y y y y y n 
   17   47    9  6.815e-02  6.815e-01  0.2188 y y y y y y y n 
   18   47    9  6.815e-02  6.815e-01  0.2188 y y y y y y y n 
   19   47    9  6.815e-02  6.815e-01  0.2188 y y y y y y y n 
   20   50    9  6.854e-02  6.854e-01  0.2188 y y y y y y y n 
   21   13    9  6.610e-02  6.610e-01  0.2188 y y y y y y y n Subspace collapsed.
   22   16    9  6.027e-02  6.027e-01  0.2188 y y y y y y y n 
   23   19    9  6.022e-02  6.022e-01  0.2188 y y y y y y y n 
   24   22    9  5.261e-02  5.261e-01  0.2188 y y y y y y y n 
   25   25    9  5.165e-02  5.165e-01  0.2188 y y y y y y y n 
   26   26    9  5.092e-02  5.092e-01  0.2188 y y y y y y y n 
   27   26    9  5.092e-02  5.092e-01  0.2188 y y y y y y y n 
   28   27    9  5.127e-02  5.127e-01  0.2188 y y y y y y y n 
   29   27    9  5.127e-02  5.127e-01  0.2188 y y y y y y y n 
   30   28    9  5.138e-02  5.138e-01  0.2188 y y y y y y y n 
   31   28    9  5.138e-02  5.138e-01  0.2188 y y y y y y y n 
   32   28    9  5.138e-02  5.138e-01  0.2188 y y y y y y y n 
   33   28    9  5.138e-02  5.138e-01  0.2188 y y y y y y y n 
   34   38    9  5.208e-02  5.208e-01  0.2188 y y y y y y y n 
   35   38    9  5.208e-02  5.208e-01  0.2188 y y y y y y y n 
   36   38    9  5.208e-02  5.208e-01  0.2188 y y y y y y y n 
   37   38    9  5.208e-02  5.208e-01  0.2188 y y y y y y y n 
   38   39    9  5.087e-02  5.087e-01  0.2188 y y y y y y y n 
   39   39    9  5.087e-02  5.087e-01  0.2188 y y y y y y y n 
   40   40    9  5.080e-02  5.080e-01  0.2188 y y y y y y y n 
   41   41    9  4.993e-02  4.993e-01  0.2188 y y y y y y y n 
   42   42    8  5.033e-02  5.033e-01  0.2188 y y y y y y y n 
   43   43    3  5.093e-02  5.093e-01  0.2188 y n y n n n y n 
   44   44    2  5.077e-02  5.077e-01  0.2188 n n y n n n y n 
   45   45    2  5.060e-02  5.060e-01  0.2188 n n y n n n y n 
   46   46    2  5.180e-02  5.179e-01  0.2188 n n y n n n y n 
   47   47    2  5.132e-02  5.132e-01  0.2188 n n y n n n y n 
   48   48    2  5.159e-02  5.159e-01  0.2188 n n y n n n y n 
   49   49    2  4.984e-02  4.984e-01  0.2188 n n y n n n y n 
   50   50    2  4.952e-02  4.952e-01  0.2188 n n y n n n y n 
   51   12    1  4.957e-02  4.957e-01  0.2188 n n n n n y n n Subspace collapsed.
   52   22    1  4.998e-02  4.998e-01  0.2188 n n n n n y n n 
   53   23    2  4.816e-02  4.816e-01  0.2188 n n y n n y n n 
   54   24    3  4.678e-02  4.678e-01  0.2188 n y y n n y n n 
   55   25    6  4.665e-02  4.665e-01  0.2188 y y y y n y y n 
   56   26    6  4.365e-02  4.365e-01  0.2188 y y y y n y y n 
   57   27    6  4.358e-02  4.358e-01  0.2188 y y y y n y y n 
   58   28    6  4.289e-02  4.289e-01  0.2188 y y y y n y y n 
   59   29    6  4.281e-02  4.281e-01  0.2188 y y y y n y y n 
--------------------------------------------------------------------------------
  Davidson Summary: 
 ------------------------------------------------------------
  State  0: excitation energy =   0.2188 a.u.   (converged)
  State  1: excitation energy =   0.2188 a.u.   (converged)
  State  2: excitation energy =   0.2188 a.u.   (converged)
  State  3: excitation energy =   0.3601 a.u.   (converged)
  State  4: excitation energy =   0.4262 a.u.   (not converged)
  State  5: excitation energy =   0.4262 a.u.   (converged)
  State  6: excitation energy =   0.4262 a.u.   (converged)
  State  7: excitation energy =   0.7795 a.u.   (not converged)
  State  8: excitation energy =   0.9071 a.u.   (not converged)
  State  9: excitation energy =   0.9197 a.u.   (not converged)
 ------------------------------------------------------------

  Starting Davidson ... 
--------------------------------------------------------------------------------
   It NVec Conv  Avg. Norm  Max. Norm  Conv. states           Remark
--------------------------------------------------------------------------------
        10    0  5.873e-02  2.709e-01  0.0906 n n n n n n n n Guess.
    1   20    0  4.268e-03  2.554e-02  0.0879 n n n n n n n n 
    2   30    0  3.367e-02  2.381e-01  0.0879 n n n n n n n n 
    3   40    0  3.358e-02  2.375e-01  0.0879 n n n n n n n n 
    4   50    0  1.371e-02  9.697e-02  0.0879 n n n n n n n n 
    5   20    8  1.044e-02  7.386e-02  0.0879 y y y y y y y y Subspace collapsed.
    6   30    8  2.789e-03  1.972e-02  0.0879 y y y y y y y y 
    7   40    8  2.000e-04  1.414e-03  0.0879 y y y y y y y y 
    8   50    8  1.204e-05  8.516e-05  0.0879 y y y y y y y y 
    9   20    8  6.024e-07  4.268e-06  0.0879 y y y y y y y y Subspace collapsed.
   10   21    8  6.028e-07  4.272e-06  0.0879 y y y y y y y y 
   11   27   10  7.938e-08  7.076e-07  0.0879 y y y y y y y y Converged.
--------------------------------------------------------------------------------
  Davidson Summary: 
 ------------------------------------------------------------
  State  0: excitation energy =   0.0879 a.u.   (converged)
  State  1: excitation energy =   0.0879 a.u.   (converged)
  State  2: excitation energy =   0.0879 a.u.   (converged)
  State  3: excitation energy =   0.3092 a.u.   (converged)
  State  4: excitation energy =   0.4009 a.u.   (converged)
  State  5: excitation energy =   0.4009 a.u.   (converged)
  State  6: excitation energy =   0.4009 a.u.   (converged)
  State  7: excitation energy =   0.8790 a.u.   (converged)
  State  8: excitation energy =   0.9124 a.u.   (converged)
  State  9: excitation energy =   0.9124 a.u.   (converged)
 ------------------------------------------------------------


--------------------------------------------------------------------------------
                             Excited State Summary
--------------------------------------------------------------------------------
--------------------------------------------------------------------------------

  Excited state  1 (triplet, A)                                    [converged]
  ----------------------------------------------------------------------------
  Term symbol:  1 (3) A                                     R^2 =  1.23906e-12

  Total energy:                                            -14.5439577235 a.u.
  Excitation energy:                                               2.390723 eV


  V1^2 = 0.9988, V2^2 = 0.0012

  Important amplitudes:
      occ i     occ j     vir a      vir b          v   
    -----------------------------------------------------
     2 (A) A              5 (A) A                 0.6765
     2 (A) A              9 (A) A                 0.1862
    -----------------------------------------------------
  ----------------------------------------------------------------------------


  Excited state  2 (triplet, A)                                    [converged]
  ----------------------------------------------------------------------------
  Term symbol:  2 (3) A                                     R^2 =  6.41587e-13

  Total energy:                                            -14.5439577235 a.u.
  Excitation energy:                                               2.390723 eV


  V1^2 = 0.9988, V2^2 = 0.0012

  Important amplitudes:
      occ i     occ j     vir a      vir b          v   
    -----------------------------------------------------
     2 (A) A              3 (A) A                 0.6424
     2 (A) A              4 (A) A                -0.2120
    -----------------------------------------------------
  ----------------------------------------------------------------------------


  Excited state  3 (triplet, A)                                    [converged]
  ----------------------------------------------------------------------------
  Term symbol:  3 (3) A                                     R^2 =  1.62355e-12

  Total energy:                                            -14.5439577235 a.u.
  Excitation energy:                                               2.390723 eV


  V1^2 = 0.9988, V2^2 = 0.0012

  Important amplitudes:
      occ i     occ j     vir a      vir b          v   
    -----------------------------------------------------
     2 (A) A              4 (A) A                 0.6451
     2 (A) A              3 (A) A                 0.2124
    -----------------------------------------------------
  ----------------------------------------------------------------------------


  Excited state  4 (singlet, A)                                    [converged]
  ----------------------------------------------------------------------------
  Term symbol:  2 (1) A                                     R^2 =  1.86497e-07

  Total energy:                                            -14.4129704857 a.u.
  Excitation energy:                                               5.955067 eV



  V1^2 = 0.9950, V2^2 = 0.0050

  Important amplitudes:
      occ i     occ j     vir a      vir b          v   
    -----------------------------------------------------
     2 (A) A              3 (A) A                -0.6398
     2 (A) A              4 (A) A                 0.2450
    -----------------------------------------------------
  ----------------------------------------------------------------------------


  Excited state  5 (singlet, A)                                    [converged]
  ----------------------------------------------------------------------------
  Term symbol:  3 (1) A                                     R^2 =  3.72274e-08

  Total energy:                                            -14.4129704791 a.u.
  Excitation energy:                                               5.955067 eV



  V1^2 = 0.9950, V2^2 = 0.0050

  Important amplitudes:
      occ i     occ j     vir a      vir b          v   
    -----------------------------------------------------
     2 (A) A              4 (A) A                -0.6487
     2 (A) A              3 (A) A                -0.2620
    -----------------------------------------------------
  ----------------------------------------------------------------------------


  Excited state  6 (singlet, A)                                    [converged]
  ----------------------------------------------------------------------------
  Term symbol:  4 (1) A                                     R^2 =  1.29306e-08

  Total energy:                                            -14.4129704787 a.u.
  Excitation energy:                                               5.955067 eV



  V1^2 = 0.9950, V2^2 = 0.0050

  Important amplitudes:
      occ i     occ j     vir a      vir b          v   
    -----------------------------------------------------
     2 (A) A              5 (A) A                -0.6827
     2 (A) A              3 (A) A                 0.1211
    -----------------------------------------------------
  ----------------------------------------------------------------------------


  Excited state  7 (triplet, A)                                    [converged]
  ----------------------------------------------------------------------------
  Term symbol:  4 (3) A                                     R^2 =  2.24187e-12

  Total energy:                                            -14.3226087201 a.u.
  Excitation energy:                                               8.413936 eV


  V1^2 = 0.9930, V2^2 = 0.0070

  Important amplitudes:
      occ i     occ j     vir a      vir b          v   
    -----------------------------------------------------
     2 (A) A              6 (A) A                 0.7002
     2 (A) A             10 (A) A                 0.0792
    -----------------------------------------------------
  ----------------------------------------------------------------------------


  Excited state  8 (singlet, A)                                    [converged]
  ----------------------------------------------------------------------------
  Term symbol:  5 (1) A                                     R^2 =  4.67719e-07

  Total energy:                                            -14.2716804152 a.u.
  Excitation energy:                                               9.799765 eV



  V1^2 = 0.9697, V2^2 = 0.0303

  Important amplitudes:
      occ i     occ j     vir a      vir b          v   
    -----------------------------------------------------
     2 (A) A              6 (A) A                 0.6958
     2 (A) A   2 (A) B    6 (A) A    6 (A) B      0.0405
    -----------------------------------------------------
  ----------------------------------------------------------------------------


  Excited state  9 (triplet, A)                                    [converged]
  ----------------------------------------------------------------------------
  Term symbol:  5 (3) A                                     R^2 =  1.48515e-12

  Total energy:                                            -14.2308860093 a.u.
  Excitation energy:                                              10.909838 eV


  V1^2 = 0.9962, V2^2 = 0.0038

  Important amplitudes:
      occ i     occ j     vir a      vir b          v   
    -----------------------------------------------------
     2 (A) A              9 (A) A                 0.6499
     2 (A) A              5 (A) A                -0.1938
    -----------------------------------------------------
  ----------------------------------------------------------------------------


  Excited state 10 (triplet, A)                                    [converged]
  ----------------------------------------------------------------------------
  Term symbol:  6 (3) A                                     R^2 =  1.44458e-11

  Total energy:                                            -14.2308860092 a.u.
  Excitation energy:                                              10.909838 eV


  V1^2 = 0.9962, V2^2 = 0.0038

  Important amplitudes:
      occ i     occ j     vir a      vir b          v   
    -----------------------------------------------------
     2 (A) A              7 (A) A                -0.6296
     2 (A) A              3 (A) A                 0.1863
    -----------------------------------------------------
  ----------------------------------------------------------------------------


  Excited state 11 (triplet, A)                                    [converged]
  ----------------------------------------------------------------------------
  Term symbol:  7 (3) A                                     R^2 =  1.26434e-11

  Total energy:                                            -14.2308860092 a.u.
  Excitation energy:                                              10.909838 eV


  V1^2 = 0.9962, V2^2 = 0.0038

  Important amplitudes:
      occ i     occ j     vir a      vir b          v   
    -----------------------------------------------------
     2 (A) A              8 (A) A                -0.6528
     2 (A) A              4 (A) A                -0.1870
    -----------------------------------------------------
  ----------------------------------------------------------------------------


  Excited state 12 (singlet, A)                                [not converged]
  ----------------------------------------------------------------------------
  Term symbol:  6 (1) A                                     R^2 =  2.49843e-06

  Total energy:                                            -14.2055686414 a.u.
  Excitation energy:                                              11.598758 eV



  V1^2 = 0.9694, V2^2 = 0.0306

  Important amplitudes:
      occ i     occ j     vir a      vir b          v   
    -----------------------------------------------------
     2 (A) A              7 (A) A                -0.6129
     2 (A) A              8 (A) A                -0.2282
    -----------------------------------------------------
  ----------------------------------------------------------------------------


  Excited state 13 (singlet, A)                                    [converged]
  ----------------------------------------------------------------------------
  Term symbol:  7 (1) A                                     R^2 =  2.85128e-11

  Total energy:                                            -14.2055685333 a.u.
  Excitation energy:                                              11.598761 eV



  V1^2 = 0.9694, V2^2 = 0.0306

  Important amplitudes:
      occ i     occ j     vir a      vir b          v   
    -----------------------------------------------------
     2 (A) A              8 (A) A                -0.6489
     2 (A) A              7 (A) A                 0.2274
    -----------------------------------------------------
  ----------------------------------------------------------------------------


  Excited state 14 (singlet, A)                                    [converged]
  ----------------------------------------------------------------------------
  Term symbol:  8 (1) A                                     R^2 =  5.66955e-07

  Total energy:                                            -14.2055685277 a.u.
  Excitation energy:                                              11.598761 eV



  V1^2 = 0.9694, V2^2 = 0.0306

  Important amplitudes:
      occ i     occ j     vir a      vir b          v   
    -----------------------------------------------------
     2 (A) A              9 (A) A                -0.6527
     2 (A) A              7 (A) A                -0.2171
    -----------------------------------------------------
  ----------------------------------------------------------------------------


  Excited state 15 (singlet, A)                                [not converged]
  ----------------------------------------------------------------------------
  Term symbol:  9 (1) A                                     R^2 =  4.28062e-01

  Total energy:                                            -13.8523385213 a.u.
  Excitation energy:                                              21.210639 eV



  V1^2 = 0.0068, V2^2 = 0.9932

  Important amplitudes:
      occ i     occ j     vir a      vir b          v   
    -----------------------------------------------------
     2 (A) A   2 (A) B    4 (A) A    4 (A) B      0.2842
     2 (A) A   2 (A) B    5 (A) A    5 (A) B      0.2842
    -----------------------------------------------------
  ----------------------------------------------------------------------------


  Excited state 16 (triplet, A)                                    [converged]
  ----------------------------------------------------------------------------
  Term symbol:  8 (3) A                                     R^2 =  4.93203e-12

  Total energy:                                            -13.7528589767 a.u.
  Excitation energy:                                              23.917615 eV


  V1^2 = 0.9876, V2^2 = 0.0124

  Important amplitudes:
      occ i     occ j     vir a      vir b          v   
    -----------------------------------------------------
     2 (A) A             10 (A) A                 0.6974
     2 (A) A              6 (A) A                -0.0790
    -----------------------------------------------------
  ----------------------------------------------------------------------------


  Excited state 17 (singlet, A)                                [not converged]
  ----------------------------------------------------------------------------
  Term symbol:  10 (1) A                                    R^2 =  1.19530e-05

  Total energy:                                            -13.7246875782 a.u.
  Excitation energy:                                              24.684197 eV



  V1^2 = 0.8970, V2^2 = 0.1030

  Important amplitudes:
      occ i     occ j     vir a      vir b          v   
    -----------------------------------------------------
     2 (A) A             10 (A) A                -0.6686
     2 (A) A   2 (A) B    6 (A) A    6 (A) B      0.1114
    -----------------------------------------------------
  ----------------------------------------------------------------------------


  Excited state 18 (triplet, A)                                    [converged]
  ----------------------------------------------------------------------------
  Term symbol:  9 (3) A                                     R^2 =  7.07596e-07

  Total energy:                                            -13.7193970522 a.u.
  Excitation energy:                                              24.828160 eV


  V1^2 = 0.0299, V2^2 = 0.9701

  Important amplitudes:
      occ i     occ j     vir a      vir b          v   
    -----------------------------------------------------
     2 (A) A   2 (A) B    5 (A) A    6 (A) B     -0.3446
     2 (A) A             11 (A) A                -0.1177
    -----------------------------------------------------
  ----------------------------------------------------------------------------


  Excited state 19 (triplet, A)                                    [converged]
  ----------------------------------------------------------------------------
  Term symbol:  10 (3) A                                    R^2 =  3.59725e-07

  Total energy:                                            -13.7193970521 a.u.
  Excitation energy:                                              24.828160 eV


  V1^2 = 0.0299, V2^2 = 0.9701

  Important amplitudes:
      occ i     occ j     vir a      vir b          v   
    -----------------------------------------------------
     2 (A) A   2 (A) B    3 (A) A    6 (A) B     -0.2914
     2 (A) A             13 (A) A                -0.1177
    -----------------------------------------------------
  ----------------------------------------------------------------------------


  Excited state 20 (singlet, A)                                [not converged]
  ----------------------------------------------------------------------------
  Term symbol:  11 (1) A                                    R^2 =  1.73934e-06

  Total energy:                                            -13.7120900094 a.u.
  Excitation energy:                                              25.026995 eV



  V1^2 = 0.1841, V2^2 = 0.8159

  Important amplitudes:
      occ i     occ j     vir a      vir b          v   
    -----------------------------------------------------
     2 (A) A   2 (A) B    5 (A) A    6 (A) B     -0.3146
     2 (A) A             11 (A) A                -0.2635
    -----------------------------------------------------
  ----------------------------------------------------------------------------


eri_bbbb False
eri_ffff False
neweri maximag 1.21430643318e-16
neweri True
trans_bas True 0.0
focks agree True
fock True
fock diagonal True
max imags 5.17262868827e-08 2.22044604925e-16 2.22044604925e-16
overlap True
--------------------------------------------------------------------------------
