
--------------------------------------------------------------------------------
                                 MP(2) Summary                                  
--------------------------------------------------------------------------------
  MP energy contribution:                                   -0.0673406268 a.u.
  Total energy:                                            -14.6374479017 a.u.
--------------------------------------------------------------------------------
  Starting Davidson ... 
--------------------------------------------------------------------------------
   It NVec Conv  Avg. Norm  Max. Norm  Conv. states           Remark
--------------------------------------------------------------------------------
        10    0  6.703e-02  2.713e-01  0.2316 n n n n n n n n Guess.
    1   20    0  7.973e-03  3.784e-02  0.2015 n n n n n n n n 
    2   30    0  1.294e-03  6.348e-03  0.2014 n n n n n n n n 
    3   40    0  2.135e-04  1.267e-03  0.2014 n n n n n n n n 
    4   50    0  3.247e-05  2.066e-04  0.2014 n n n n n n n n 
    5   20    0  3.146e-06  2.040e-05  0.2014 n n n n n n n n Subspace collapsed.
    6   30    8  3.749e-07  2.583e-06  0.2014 y n n y y y y y 
    7   40    8  1.613e-07  1.114e-06  0.2014 y n n y y y y y 
    8   50    8  1.679e-07  1.180e-06  0.2014 y n n y y y y y 
    9   20   10  1.356e-07  9.623e-07  0.2014 y y y y y y y y Converged.
--------------------------------------------------------------------------------
  Davidson Summary: 
 ------------------------------------------------------------
  State  0: excitation energy =   0.2014 a.u.   (converged)
  State  1: excitation energy =   0.2014 a.u.   (converged)
  State  2: excitation energy =   0.2014 a.u.   (converged)
  State  3: excitation energy =   0.3609 a.u.   (converged)
  State  4: excitation energy =   0.3806 a.u.   (converged)
  State  5: excitation energy =   0.3806 a.u.   (converged)
  State  6: excitation energy =   0.3806 a.u.   (converged)
  State  7: excitation energy =   0.3806 a.u.   (converged)
  State  8: excitation energy =   0.3806 a.u.   (converged)
  State  9: excitation energy =   0.4165 a.u.   (converged)
 ------------------------------------------------------------

  Starting Davidson ... 
--------------------------------------------------------------------------------
   It NVec Conv  Avg. Norm  Max. Norm  Conv. states           Remark
--------------------------------------------------------------------------------
        10    0  5.463e-02  2.091e-01  0.0960 n n n n n n n n Guess.
    1   20    0  1.087e-02  6.324e-02  0.0876 n n n n n n n n 
    2   30    0  1.133e-03  7.204e-03  0.0875 n n n n n n n n 
    3   40    0  8.707e-05  5.382e-04  0.0875 n n n n n n n n 
    4   50    0  8.747e-06  5.695e-05  0.0875 n n n n n n n n 
    5   20    1  8.815e-07  5.760e-06  0.0875 n n y n n n n n Subspace collapsed.
    6   30   10  5.725e-08  3.949e-07  0.0875 y y y y y y y y Converged.
--------------------------------------------------------------------------------
  Davidson Summary: 
 ------------------------------------------------------------
  State  0: excitation energy =   0.0875 a.u.   (converged)
  State  1: excitation energy =   0.0875 a.u.   (converged)
  State  2: excitation energy =   0.0875 a.u.   (converged)
  State  3: excitation energy =   0.3126 a.u.   (converged)
  State  4: excitation energy =   0.3697 a.u.   (converged)
  State  5: excitation energy =   0.3697 a.u.   (converged)
  State  6: excitation energy =   0.3697 a.u.   (converged)
  State  7: excitation energy =   0.3697 a.u.   (converged)
  State  8: excitation energy =   0.3697 a.u.   (converged)
  State  9: excitation energy =   0.4003 a.u.   (converged)
 ------------------------------------------------------------


--------------------------------------------------------------------------------
                             Excited State Summary
--------------------------------------------------------------------------------
--------------------------------------------------------------------------------

  Excited state  1 (triplet, A)                                    [converged]
  ----------------------------------------------------------------------------
  Term symbol:  1 (3) A                                     R^2 =  3.94867e-07

  Total energy:                                            -14.5499187947 a.u.
  Excitation energy:                                               2.381788 eV


  V1^2 = 0.9962, V2^2 = 0.0038

  Important amplitudes:
      occ i     occ j     vir a      vir b          v   
    -----------------------------------------------------
     2 (A) A              3 (A) A                -0.5549
     2 (A) A              4 (A) A                 0.3873
    -----------------------------------------------------
  ----------------------------------------------------------------------------


  Excited state  2 (triplet, A)                                    [converged]
  ----------------------------------------------------------------------------
  Term symbol:  2 (3) A                                     R^2 =  3.94412e-07

  Total energy:                                            -14.5499187937 a.u.
  Excitation energy:                                               2.381788 eV


  V1^2 = 0.9962, V2^2 = 0.0038

  Important amplitudes:
      occ i     occ j     vir a      vir b          v   
    -----------------------------------------------------
     2 (A) A              4 (A) A                -0.5535
     2 (A) A              3 (A) A                -0.3823
    -----------------------------------------------------
  ----------------------------------------------------------------------------


  Excited state  3 (triplet, A)                                    [converged]
  ----------------------------------------------------------------------------
  Term symbol:  3 (3) A                                     R^2 =  5.05386e-08

  Total energy:                                            -14.5499187923 a.u.
  Excitation energy:                                               2.381788 eV


  V1^2 = 0.9962, V2^2 = 0.0038

  Important amplitudes:
      occ i     occ j     vir a      vir b          v   
    -----------------------------------------------------
     2 (A) A              5 (A) A                -0.6721
     2 (A) A             12 (A) A                 0.1947
    -----------------------------------------------------
  ----------------------------------------------------------------------------


  Excited state  4 (singlet, A)                                    [converged]
  ----------------------------------------------------------------------------
  Term symbol:  2 (1) A                                     R^2 =  2.05614e-07

  Total energy:                                            -14.4360848117 a.u.
  Excitation energy:                                               5.479368 eV



  V1^2 = 0.9758, V2^2 = 0.0242

  Important amplitudes:
      occ i     occ j     vir a      vir b          v   
    -----------------------------------------------------
     2 (A) A              5 (A) A                 0.6734
     2 (A) A              3 (A) A                 0.1248
    -----------------------------------------------------
  ----------------------------------------------------------------------------


  Excited state  5 (singlet, A)                                    [converged]
  ----------------------------------------------------------------------------
  Term symbol:  3 (1) A                                     R^2 =  9.62338e-07

  Total energy:                                            -14.4360848080 a.u.
  Excitation energy:                                               5.479368 eV



  V1^2 = 0.9758, V2^2 = 0.0242

  Important amplitudes:
      occ i     occ j     vir a      vir b          v   
    -----------------------------------------------------
     2 (A) A              4 (A) A                -0.5559
     2 (A) A              3 (A) A                -0.3829
    -----------------------------------------------------
  ----------------------------------------------------------------------------


  Excited state  6 (singlet, A)                                    [converged]
  ----------------------------------------------------------------------------
  Term symbol:  4 (1) A                                     R^2 =  9.32971e-07

  Total energy:                                            -14.4360848053 a.u.
  Excitation energy:                                               5.479369 eV



  V1^2 = 0.9758, V2^2 = 0.0242

  Important amplitudes:
      occ i     occ j     vir a      vir b          v   
    -----------------------------------------------------
     2 (A) A              3 (A) A                -0.5628
     2 (A) A              4 (A) A                 0.4001
    -----------------------------------------------------
  ----------------------------------------------------------------------------


  Excited state  7 (triplet, A)                                    [converged]
  ----------------------------------------------------------------------------
  Term symbol:  4 (3) A                                     R^2 =  7.98647e-08

  Total energy:                                            -14.3248366174 a.u.
  Excitation energy:                                               8.506586 eV


  V1^2 = 0.9927, V2^2 = 0.0073

  Important amplitudes:
      occ i     occ j     vir a      vir b          v   
    -----------------------------------------------------
     2 (A) A              6 (A) A                 0.7000
     2 (A) A             20 (A) A                -0.0794
    -----------------------------------------------------
  ----------------------------------------------------------------------------


  Excited state  8 (singlet, A)                                    [converged]
  ----------------------------------------------------------------------------
  Term symbol:  5 (1) A                                     R^2 =  8.28426e-09

  Total energy:                                            -14.2765831025 a.u.
  Excitation energy:                                               9.819631 eV



  V1^2 = 0.9673, V2^2 = 0.0327

  Important amplitudes:
      occ i     occ j     vir a      vir b          v   
    -----------------------------------------------------
     2 (A) A              6 (A) A                 0.6948
     2 (A) A   2 (A) B    6 (A) A    6 (A) B     -0.0404
    -----------------------------------------------------
  ----------------------------------------------------------------------------


  Excited state  9 (triplet, A)                                    [converged]
  ----------------------------------------------------------------------------
  Term symbol:  5 (3) A                                     R^2 =  2.20892e-08

  Total energy:                                            -14.2677585534 a.u.
  Excitation energy:                                              10.059759 eV


  V1^2 = 0.9949, V2^2 = 0.0051

  Important amplitudes:
      occ i     occ j     vir a      vir b          v   
    -----------------------------------------------------
     2 (A) A             11 (A) A                -0.6439
     2 (A) A              9 (A) A                 0.2405
    -----------------------------------------------------
  ----------------------------------------------------------------------------


  Excited state 10 (triplet, A)                                    [converged]
  ----------------------------------------------------------------------------
  Term symbol:  6 (3) A                                     R^2 =  2.20888e-08

  Total energy:                                            -14.2677585530 a.u.
  Excitation energy:                                              10.059759 eV


  V1^2 = 0.9949, V2^2 = 0.0051

  Important amplitudes:
      occ i     occ j     vir a      vir b          v   
    -----------------------------------------------------
     2 (A) A              8 (A) A                -0.4590
     2 (A) A             10 (A) A                -0.4462
    -----------------------------------------------------
  ----------------------------------------------------------------------------


  Excited state 11 (triplet, A)                                    [converged]
  ----------------------------------------------------------------------------
  Term symbol:  7 (3) A                                     R^2 =  2.20884e-08

  Total energy:                                            -14.2677585527 a.u.
  Excitation energy:                                              10.059759 eV


  V1^2 = 0.9949, V2^2 = 0.0051

  Important amplitudes:
      occ i     occ j     vir a      vir b          v   
    -----------------------------------------------------
     2 (A) A              9 (A) A                -0.4519
     2 (A) A              7 (A) A                -0.4267
    -----------------------------------------------------
  ----------------------------------------------------------------------------


  Excited state 12 (triplet, A)                                    [converged]
  ----------------------------------------------------------------------------
  Term symbol:  8 (3) A                                     R^2 =  2.20879e-08

  Total energy:                                            -14.2677585525 a.u.
  Excitation energy:                                              10.059759 eV


  V1^2 = 0.9949, V2^2 = 0.0051

  Important amplitudes:
      occ i     occ j     vir a      vir b          v   
    -----------------------------------------------------
     2 (A) A              7 (A) A                -0.4991
     2 (A) A             10 (A) A                 0.3980
    -----------------------------------------------------
  ----------------------------------------------------------------------------


  Excited state 13 (triplet, A)                                    [converged]
  ----------------------------------------------------------------------------
  Term symbol:  9 (3) A                                     R^2 =  2.20880e-08

  Total energy:                                            -14.2677585524 a.u.
  Excitation energy:                                              10.059759 eV


  V1^2 = 0.9949, V2^2 = 0.0051

  Important amplitudes:
      occ i     occ j     vir a      vir b          v   
    -----------------------------------------------------
     2 (A) A              8 (A) A                -0.5168
     2 (A) A              9 (A) A                -0.3104
    -----------------------------------------------------
  ----------------------------------------------------------------------------


  Excited state 14 (singlet, A)                                    [converged]
  ----------------------------------------------------------------------------
  Term symbol:  6 (1) A                                     R^2 =  6.75423e-09

  Total energy:                                            -14.2568043266 a.u.
  Excitation energy:                                              10.357838 eV



  V1^2 = 0.9554, V2^2 = 0.0446

  Important amplitudes:
      occ i     occ j     vir a      vir b          v   
    -----------------------------------------------------
     2 (A) A              7 (A) A                -0.6320
     2 (A) A              8 (A) A                -0.2564
    -----------------------------------------------------
  ----------------------------------------------------------------------------


  Excited state 15 (singlet, A)                                    [converged]
  ----------------------------------------------------------------------------
  Term symbol:  7 (1) A                                     R^2 =  6.73227e-09

  Total energy:                                            -14.2568043264 a.u.
  Excitation energy:                                              10.357838 eV



  V1^2 = 0.9554, V2^2 = 0.0446

  Important amplitudes:
      occ i     occ j     vir a      vir b          v   
    -----------------------------------------------------
     2 (A) A              9 (A) A                -0.5031
     2 (A) A              8 (A) A                -0.3836
    -----------------------------------------------------
  ----------------------------------------------------------------------------


  Excited state 16 (singlet, A)                                    [converged]
  ----------------------------------------------------------------------------
  Term symbol:  8 (1) A                                     R^2 =  6.72610e-09

  Total energy:                                            -14.2568043261 a.u.
  Excitation energy:                                              10.357838 eV



  V1^2 = 0.9554, V2^2 = 0.0446

  Important amplitudes:
      occ i     occ j     vir a      vir b          v   
    -----------------------------------------------------
     2 (A) A              8 (A) A                 0.5022
     2 (A) A              9 (A) A                -0.4471
    -----------------------------------------------------
  ----------------------------------------------------------------------------


  Excited state 17 (singlet, A)                                    [converged]
  ----------------------------------------------------------------------------
  Term symbol:  9 (1) A                                     R^2 =  6.85863e-09

  Total energy:                                            -14.2568043255 a.u.
  Excitation energy:                                              10.357838 eV



  V1^2 = 0.9554, V2^2 = 0.0446

  Important amplitudes:
      occ i     occ j     vir a      vir b          v   
    -----------------------------------------------------
     2 (A) A             11 (A) A                 0.6794
     2 (A) A              8 (A) A                 0.0844
    -----------------------------------------------------
  ----------------------------------------------------------------------------


  Excited state 18 (singlet, A)                                    [converged]
  ----------------------------------------------------------------------------
  Term symbol:  10 (1) A                                    R^2 =  6.81679e-09

  Total energy:                                            -14.2568043251 a.u.
  Excitation energy:                                              10.357838 eV



  V1^2 = 0.9554, V2^2 = 0.0446

  Important amplitudes:
      occ i     occ j     vir a      vir b          v   
    -----------------------------------------------------
     2 (A) A             10 (A) A                 0.6771
     2 (A) A              9 (A) A                -0.0982
    -----------------------------------------------------
  ----------------------------------------------------------------------------


  Excited state 19 (triplet, A)                                    [converged]
  ----------------------------------------------------------------------------
  Term symbol:  10 (3) A                                    R^2 =  6.97216e-08

  Total energy:                                            -14.2371475522 a.u.
  Excitation energy:                                              10.892726 eV


  V1^2 = 0.9923, V2^2 = 0.0077

  Important amplitudes:
      occ i     occ j     vir a      vir b          v   
    -----------------------------------------------------
     2 (A) A             12 (A) A                -0.6706
     2 (A) A              5 (A) A                -0.1970
    -----------------------------------------------------
  ----------------------------------------------------------------------------


  Excited state 20 (singlet, A)                                    [converged]
  ----------------------------------------------------------------------------
  Term symbol:  11 (1) A                                    R^2 =  2.01699e-09

  Total energy:                                            -14.2209013261 a.u.
  Excitation energy:                                              11.334809 eV



  V1^2 = 0.9602, V2^2 = 0.0398

  Important amplitudes:
      occ i     occ j     vir a      vir b          v   
    -----------------------------------------------------
     2 (A) A             12 (A) A                -0.6816
     2 (A) A              5 (A) A                -0.0917
    -----------------------------------------------------
  ----------------------------------------------------------------------------


eri_bbbb False
eri_ffff False
neweri maximag 1.22974554425e-16
neweri True
trans_bas True 0.0
focks agree True
fock True
fock diagonal True
max imags 1.17028075425e-07 2.22044604925e-16 2.22044604925e-16
overlap True
--------------------------------------------------------------------------------
