
--------------------------------------------------------------------------------
                                 MP(2) Summary                                  
--------------------------------------------------------------------------------
  MP energy contribution:                                   -0.0624634677 a.u.
  Total energy:                                            -14.6347243832 a.u.
--------------------------------------------------------------------------------
  Starting Davidson ... 
--------------------------------------------------------------------------------
   It NVec Conv  Avg. Norm  Max. Norm  Conv. states           Remark
--------------------------------------------------------------------------------
        10    0  6.391e-02  2.732e-01  0.2214 n n n n n n n n Guess.
    1   20    0  1.448e-02  1.156e-01  0.2127 n n n n n n n n 
    2   30    0  2.472e-03  2.126e-02  0.2127 n n n n n n n n 
    3   40    0  2.883e-04  2.746e-03  0.2127 n n n n n n n n 
    4   50    0  2.776e-05  2.601e-04  0.2127 n n n n n n n n 
    5   20    6  2.623e-06  2.484e-05  0.2127 y y y y y n y n Subspace collapsed.
    6   30    9  1.529e-07  1.198e-06  0.2127 y y y y y y y y 
    7   40   10  2.827e-08  1.965e-07  0.2127 y y y y y y y y Converged.
--------------------------------------------------------------------------------
  Davidson Summary: 
 ------------------------------------------------------------
  State  0: excitation energy =   0.2127 a.u.   (converged)
  State  1: excitation energy =   0.2127 a.u.   (converged)
  State  2: excitation energy =   0.2127 a.u.   (converged)
  State  3: excitation energy =   0.3127 a.u.   (converged)
  State  4: excitation energy =   0.3734 a.u.   (converged)
  State  5: excitation energy =   0.3734 a.u.   (converged)
  State  6: excitation energy =   0.3734 a.u.   (converged)
  State  7: excitation energy =   0.6911 a.u.   (converged)
  State  8: excitation energy =   0.7379 a.u.   (converged)
  State  9: excitation energy =   0.7431 a.u.   (converged)
 ------------------------------------------------------------

  Starting Davidson ... 
--------------------------------------------------------------------------------
   It NVec Conv  Avg. Norm  Max. Norm  Conv. states           Remark
--------------------------------------------------------------------------------
        10    0  5.489e-02  2.373e-01  0.0902 n n n n n n n n Guess.
    1   20    0  5.548e-03  3.246e-02  0.0873 n n n n n n n n 
    2   30    0  4.828e-04  2.959e-03  0.0873 n n n n n n n n 
    3   40    0  3.826e-05  2.196e-04  0.0873 n n n n n n n n 
    4   50    0  2.628e-06  1.766e-05  0.0873 n n n n n n n n 
    5   20    9  2.243e-07  1.624e-06  0.0873 y y y y y n y y Subspace collapsed.
    6   30   10  1.230e-08  7.754e-08  0.0873 y y y y y y y y Converged.
--------------------------------------------------------------------------------
  Davidson Summary: 
 ------------------------------------------------------------
  State  0: excitation energy =   0.0873 a.u.   (converged)
  State  1: excitation energy =   0.0873 a.u.   (converged)
  State  2: excitation energy =   0.0873 a.u.   (converged)
  State  3: excitation energy =   0.2712 a.u.   (converged)
  State  4: excitation energy =   0.3471 a.u.   (converged)
  State  5: excitation energy =   0.3471 a.u.   (converged)
  State  6: excitation energy =   0.3471 a.u.   (converged)
  State  7: excitation energy =   0.6627 a.u.   (converged)
  State  8: excitation energy =   0.7371 a.u.   (converged)
  State  9: excitation energy =   0.7371 a.u.   (converged)
 ------------------------------------------------------------


--------------------------------------------------------------------------------
                             Excited State Summary
--------------------------------------------------------------------------------
--------------------------------------------------------------------------------

  Excited state  1 (triplet, A)                                    [converged]
  ----------------------------------------------------------------------------
  Term symbol:  1 (3) A                                     R^2 =  2.45598e-08

  Total energy:                                            -14.5474100657 a.u.
  Excitation energy:                                               2.375943 eV


  V1^2 = 0.9986, V2^2 = 0.0014

  Important amplitudes:
      occ i     occ j     vir a      vir b          v   
    -----------------------------------------------------
     2 (A) A              5 (A) A                -0.5587
     2 (A) A              4 (A) A                 0.3049
    -----------------------------------------------------
  ----------------------------------------------------------------------------


  Excited state  2 (triplet, A)                                    [converged]
  ----------------------------------------------------------------------------
  Term symbol:  2 (3) A                                     R^2 =  3.94178e-08

  Total energy:                                            -14.5474100657 a.u.
  Excitation energy:                                               2.375943 eV


  V1^2 = 0.9986, V2^2 = 0.0014

  Important amplitudes:
      occ i     occ j     vir a      vir b          v   
    -----------------------------------------------------
     2 (A) A              4 (A) A                 0.5855
     2 (A) A              5 (A) A                 0.2998
    -----------------------------------------------------
  ----------------------------------------------------------------------------


  Excited state  3 (triplet, A)                                    [converged]
  ----------------------------------------------------------------------------
  Term symbol:  3 (3) A                                     R^2 =  1.59897e-08

  Total energy:                                            -14.5474100657 a.u.
  Excitation energy:                                               2.375943 eV


  V1^2 = 0.9986, V2^2 = 0.0014

  Important amplitudes:
      occ i     occ j     vir a      vir b          v   
    -----------------------------------------------------
     2 (A) A              3 (A) A                 0.6335
     2 (A) A              7 (A) A                 0.2208
    -----------------------------------------------------
  ----------------------------------------------------------------------------


  Excited state  4 (singlet, A)                                    [converged]
  ----------------------------------------------------------------------------
  Term symbol:  2 (1) A                                     R^2 =  6.91599e-10

  Total energy:                                            -14.4220244115 a.u.
  Excitation energy:                                               5.787861 eV



  V1^2 = 0.9938, V2^2 = 0.0062

  Important amplitudes:
      occ i     occ j     vir a      vir b          v   
    -----------------------------------------------------
     2 (A) A              5 (A) A                -0.6717
     2 (A) A              3 (A) A                 0.1983
    -----------------------------------------------------
  ----------------------------------------------------------------------------


  Excited state  5 (singlet, A)                                    [converged]
  ----------------------------------------------------------------------------
  Term symbol:  3 (1) A                                     R^2 =  1.75681e-09

  Total energy:                                            -14.4220244115 a.u.
  Excitation energy:                                               5.787861 eV



  V1^2 = 0.9938, V2^2 = 0.0062

  Important amplitudes:
      occ i     occ j     vir a      vir b          v   
    -----------------------------------------------------
     2 (A) A              4 (A) A                -0.6998
     2 (A) A              8 (A) A                -0.0746
    -----------------------------------------------------
  ----------------------------------------------------------------------------


  Excited state  6 (singlet, A)                                    [converged]
  ----------------------------------------------------------------------------
  Term symbol:  4 (1) A                                     R^2 =  1.00013e-09

  Total energy:                                            -14.4220244115 a.u.
  Excitation energy:                                               5.787861 eV



  V1^2 = 0.9938, V2^2 = 0.0062

  Important amplitudes:
      occ i     occ j     vir a      vir b          v   
    -----------------------------------------------------
     2 (A) A              3 (A) A                -0.6711
     2 (A) A              5 (A) A                -0.1981
    -----------------------------------------------------
  ----------------------------------------------------------------------------


  Excited state  7 (triplet, A)                                    [converged]
  ----------------------------------------------------------------------------
  Term symbol:  4 (3) A                                     R^2 =  2.03905e-08

  Total energy:                                            -14.3635178860 a.u.
  Excitation energy:                                               7.379904 eV


  V1^2 = 0.9930, V2^2 = 0.0070

  Important amplitudes:
      occ i     occ j     vir a      vir b          v   
    -----------------------------------------------------
     2 (A) A              6 (A) A                 0.6959
     2 (A) A             10 (A) A                 0.1095
    -----------------------------------------------------
  ----------------------------------------------------------------------------


  Excited state  8 (singlet, A)                                    [converged]
  ----------------------------------------------------------------------------
  Term symbol:  5 (1) A                                     R^2 =  7.10877e-09

  Total energy:                                            -14.3220107832 a.u.
  Excitation energy:                                               8.509370 eV



  V1^2 = 0.9713, V2^2 = 0.0287

  Important amplitudes:
      occ i     occ j     vir a      vir b          v   
    -----------------------------------------------------
     2 (A) A              6 (A) A                 0.6957
     2 (A) A   2 (A) B    6 (A) A    6 (A) B      0.0490
    -----------------------------------------------------
  ----------------------------------------------------------------------------


  Excited state  9 (triplet, A)                                    [converged]
  ----------------------------------------------------------------------------
  Term symbol:  5 (3) A                                     R^2 =  7.75384e-08

  Total energy:                                            -14.2876065594 a.u.
  Excitation energy:                                               9.445556 eV


  V1^2 = 0.9943, V2^2 = 0.0057

  Important amplitudes:
      occ i     occ j     vir a      vir b          v   
    -----------------------------------------------------
     2 (A) A              8 (A) A                -0.6487
     2 (A) A              4 (A) A                 0.2488
    -----------------------------------------------------
  ----------------------------------------------------------------------------


  Excited state 10 (triplet, A)                                    [converged]
  ----------------------------------------------------------------------------
  Term symbol:  6 (3) A                                     R^2 =  1.89407e-08

  Total energy:                                            -14.2876065594 a.u.
  Excitation energy:                                               9.445556 eV


  V1^2 = 0.9943, V2^2 = 0.0057

  Important amplitudes:
      occ i     occ j     vir a      vir b          v   
    -----------------------------------------------------
     2 (A) A              9 (A) A                 0.5878
     2 (A) A              7 (A) A                -0.2757
    -----------------------------------------------------
  ----------------------------------------------------------------------------


  Excited state 11 (triplet, A)                                    [converged]
  ----------------------------------------------------------------------------
  Term symbol:  7 (3) A                                     R^2 =  1.90079e-08

  Total energy:                                            -14.2876065593 a.u.
  Excitation energy:                                               9.445556 eV


  V1^2 = 0.9943, V2^2 = 0.0057

  Important amplitudes:
      occ i     occ j     vir a      vir b          v   
    -----------------------------------------------------
     2 (A) A              7 (A) A                 0.5876
     2 (A) A              9 (A) A                 0.2750
    -----------------------------------------------------
  ----------------------------------------------------------------------------


  Excited state 12 (singlet, A)                                    [converged]
  ----------------------------------------------------------------------------
  Term symbol:  6 (1) A                                     R^2 =  1.89492e-07

  Total energy:                                            -14.2613413638 a.u.
  Excitation energy:                                              10.160269 eV



  V1^2 = 0.9746, V2^2 = 0.0254

  Important amplitudes:
      occ i     occ j     vir a      vir b          v   
    -----------------------------------------------------
     2 (A) A              8 (A) A                 0.6841
     2 (A) A             12 (A) A                -0.1032
    -----------------------------------------------------
  ----------------------------------------------------------------------------


  Excited state 13 (singlet, A)                                    [converged]
  ----------------------------------------------------------------------------
  Term symbol:  7 (1) A                                     R^2 =  1.33715e-08

  Total energy:                                            -14.2613413638 a.u.
  Excitation energy:                                              10.160269 eV



  V1^2 = 0.9746, V2^2 = 0.0254

  Important amplitudes:
      occ i     occ j     vir a      vir b          v   
    -----------------------------------------------------
     2 (A) A              9 (A) A                -0.6209
     2 (A) A              7 (A) A                 0.2887
    -----------------------------------------------------
  ----------------------------------------------------------------------------


  Excited state 14 (singlet, A)                                    [converged]
  ----------------------------------------------------------------------------
  Term symbol:  8 (1) A                                     R^2 =  1.32688e-08

  Total energy:                                            -14.2613413637 a.u.
  Excitation energy:                                              10.160269 eV



  V1^2 = 0.9746, V2^2 = 0.0254

  Important amplitudes:
      occ i     occ j     vir a      vir b          v   
    -----------------------------------------------------
     2 (A) A              7 (A) A                -0.6208
     2 (A) A              9 (A) A                -0.2909
    -----------------------------------------------------
  ----------------------------------------------------------------------------


  Excited state 15 (triplet, A)                                    [converged]
  ----------------------------------------------------------------------------
  Term symbol:  8 (3) A                                     R^2 =  5.12065e-08

  Total energy:                                            -13.9719944898 a.u.
  Excitation energy:                                              18.033798 eV


  V1^2 = 0.9875, V2^2 = 0.0125

  Important amplitudes:
      occ i     occ j     vir a      vir b          v   
    -----------------------------------------------------
     2 (A) A             10 (A) A                 0.6917
     2 (A) A              6 (A) A                -0.1092
    -----------------------------------------------------
  ----------------------------------------------------------------------------


  Excited state 16 (singlet, A)                                    [converged]
  ----------------------------------------------------------------------------
  Term symbol:  9 (1) A                                     R^2 =  5.98521e-08

  Total energy:                                            -13.9436635497 a.u.
  Excitation energy:                                              18.804722 eV



  V1^2 = 0.8817, V2^2 = 0.1183

  Important amplitudes:
      occ i     occ j     vir a      vir b          v   
    -----------------------------------------------------
     2 (A) A             10 (A) A                 0.6612
     2 (A) A   2 (A) B    3 (A) A    3 (A) B      0.0799
    -----------------------------------------------------
  ----------------------------------------------------------------------------


  Excited state 17 (triplet, A)                                    [converged]
  ----------------------------------------------------------------------------
  Term symbol:  9 (3) A                                     R^2 =  3.84153e-08

  Total energy:                                            -13.8976644375 a.u.
  Excitation energy:                                              20.056421 eV


  V1^2 = 0.9889, V2^2 = 0.0111

  Important amplitudes:
      occ i     occ j     vir a      vir b          v   
    -----------------------------------------------------
     2 (A) A             11 (A) A                -0.6328
     2 (A) A             13 (A) A                 0.2724
    -----------------------------------------------------
  ----------------------------------------------------------------------------


  Excited state 18 (triplet, A)                                    [converged]
  ----------------------------------------------------------------------------
  Term symbol:  10 (3) A                                    R^2 =  3.84154e-08

  Total energy:                                            -13.8976644365 a.u.
  Excitation energy:                                              20.056421 eV


  V1^2 = 0.9889, V2^2 = 0.0111

  Important amplitudes:
      occ i     occ j     vir a      vir b          v   
    -----------------------------------------------------
     2 (A) A             13 (A) A                -0.6328
     2 (A) A             11 (A) A                -0.2724
    -----------------------------------------------------
  ----------------------------------------------------------------------------


  Excited state 19 (singlet, A)                                    [converged]
  ----------------------------------------------------------------------------
  Term symbol:  10 (1) A                                    R^2 =  1.96473e-07

  Total energy:                                            -13.8967992547 a.u.
  Excitation energy:                                              20.079964 eV



  V1^2 = 0.0741, V2^2 = 0.9259

  Important amplitudes:
      occ i     occ j     vir a      vir b          v   
    -----------------------------------------------------
     2 (A) A   2 (A) B    3 (A) A    3 (A) B      0.2771
     2 (A) A   2 (A) B    5 (A) A    5 (A) B      0.2771
    -----------------------------------------------------
  ----------------------------------------------------------------------------


  Excited state 20 (singlet, A)                                    [converged]
  ----------------------------------------------------------------------------
  Term symbol:  11 (1) A                                    R^2 =  3.77238e-08

  Total energy:                                            -13.8916289748 a.u.
  Excitation energy:                                              20.220654 eV



  V1^2 = 0.9266, V2^2 = 0.0734

  Important amplitudes:
      occ i     occ j     vir a      vir b          v   
    -----------------------------------------------------
     2 (A) A             11 (A) A                 0.6121
     2 (A) A             13 (A) A                -0.2635
    -----------------------------------------------------
  ----------------------------------------------------------------------------


eri_bbbb False
eri_ffff False
neweri maximag 1.31838984174e-16
neweri True
trans_bas True 0.0
focks agree True
fock True
fock diagonal True
max imags 4.45275414988e-08 4.71844785466e-16 4.71844785466e-16
overlap True
--------------------------------------------------------------------------------
