
--------------------------------------------------------------------------------
                                 MP(2) Summary                                  
--------------------------------------------------------------------------------
  MP energy contribution:                                   -0.0685117489 a.u.
  Total energy:                                            -14.6407726645 a.u.
--------------------------------------------------------------------------------
  Starting Davidson ... 
--------------------------------------------------------------------------------
   It NVec Conv  Avg. Norm  Max. Norm  Conv. states           Remark
--------------------------------------------------------------------------------
        10    0  6.287e-02  2.470e-01  0.2257 n n n n n n n n Guess.
    1   20    0  8.978e-03  4.345e-02  0.1970 n n n n n n n n 
    2   30    0  1.516e-03  7.968e-03  0.1969 n n n n n n n n 
    3   40    0  2.779e-04  1.768e-03  0.1969 n n n n n n n n 
    4   50    0  4.109e-05  2.642e-04  0.1969 n n n n n n n n 
    5   20    0  3.770e-06  2.185e-05  0.1969 n n n n n n n n Subspace collapsed.
    6   30    3  3.522e-07  1.799e-06  0.1969 y n n y n n n n 
    7   40   10  1.442e-07  8.409e-07  0.1969 y y y y y y y y Converged.
--------------------------------------------------------------------------------
  Davidson Summary: 
 ------------------------------------------------------------
  State  0: excitation energy =   0.1969 a.u.   (converged)
  State  1: excitation energy =   0.1969 a.u.   (converged)
  State  2: excitation energy =   0.1969 a.u.   (converged)
  State  3: excitation energy =   0.3142 a.u.   (converged)
  State  4: excitation energy =   0.3463 a.u.   (converged)
  State  5: excitation energy =   0.3463 a.u.   (converged)
  State  6: excitation energy =   0.3463 a.u.   (converged)
  State  7: excitation energy =   0.3463 a.u.   (converged)
  State  8: excitation energy =   0.3463 a.u.   (converged)
  State  9: excitation energy =   0.3648 a.u.   (converged)
 ------------------------------------------------------------

  Starting Davidson ... 
--------------------------------------------------------------------------------
   It NVec Conv  Avg. Norm  Max. Norm  Conv. states           Remark
--------------------------------------------------------------------------------
        10    0  5.303e-02  1.984e-01  0.0978 n n n n n n n n Guess.
    1   20    0  1.350e-02  7.730e-02  0.0872 n n n n n n n n 
    2   30    0  1.753e-03  1.110e-02  0.0870 n n n n n n n n 
    3   40    0  1.440e-04  9.108e-04  0.0870 n n n n n n n n 
    4   50    0  1.555e-05  9.694e-05  0.0870 n n n n n n n n 
    5   20    0  1.627e-06  1.078e-05  0.0870 n n n n n n n n Subspace collapsed.
    6   30   10  1.174e-07  8.102e-07  0.0870 y y y y y y y y Converged.
--------------------------------------------------------------------------------
  Davidson Summary: 
 ------------------------------------------------------------
  State  0: excitation energy =   0.0870 a.u.   (converged)
  State  1: excitation energy =   0.0870 a.u.   (converged)
  State  2: excitation energy =   0.0870 a.u.   (converged)
  State  3: excitation energy =   0.2747 a.u.   (converged)
  State  4: excitation energy =   0.3383 a.u.   (converged)
  State  5: excitation energy =   0.3383 a.u.   (converged)
  State  6: excitation energy =   0.3383 a.u.   (converged)
  State  7: excitation energy =   0.3383 a.u.   (converged)
  State  8: excitation energy =   0.3383 a.u.   (converged)
  State  9: excitation energy =   0.3474 a.u.   (converged)
 ------------------------------------------------------------


--------------------------------------------------------------------------------
                             Excited State Summary
--------------------------------------------------------------------------------
--------------------------------------------------------------------------------

  Excited state  1 (triplet, A)                                    [converged]
  ----------------------------------------------------------------------------
  Term symbol:  1 (3) A                                     R^2 =  6.94412e-07

  Total energy:                                            -14.5537457245 a.u.
  Excitation energy:                                               2.368123 eV


  V1^2 = 0.9960, V2^2 = 0.0040

  Important amplitudes:
      occ i     occ j     vir a      vir b          v   
    -----------------------------------------------------
     2 (A) A              3 (A) A                -0.5617
     2 (A) A              4 (A) A                -0.2942
    -----------------------------------------------------
  ----------------------------------------------------------------------------


  Excited state  2 (triplet, A)                                    [converged]
  ----------------------------------------------------------------------------
  Term symbol:  2 (3) A                                     R^2 =  8.10225e-07

  Total energy:                                            -14.5537457225 a.u.
  Excitation energy:                                               2.368124 eV


  V1^2 = 0.9960, V2^2 = 0.0040

  Important amplitudes:
      occ i     occ j     vir a      vir b          v   
    -----------------------------------------------------
     2 (A) A              5 (A) A                -0.6292
     2 (A) A             12 (A) A                 0.2422
    -----------------------------------------------------
  ----------------------------------------------------------------------------


  Excited state  3 (triplet, A)                                    [converged]
  ----------------------------------------------------------------------------
  Term symbol:  3 (3) A                                     R^2 =  4.34715e-07

  Total energy:                                            -14.5537457209 a.u.
  Excitation energy:                                               2.368124 eV


  V1^2 = 0.9960, V2^2 = 0.0040

  Important amplitudes:
      occ i     occ j     vir a      vir b          v   
    -----------------------------------------------------
     2 (A) A              4 (A) A                -0.5890
     2 (A) A              3 (A) A                 0.2838
    -----------------------------------------------------
  ----------------------------------------------------------------------------


  Excited state  4 (singlet, A)                                    [converged]
  ----------------------------------------------------------------------------
  Term symbol:  2 (1) A                                     R^2 =  4.20752e-07

  Total energy:                                            -14.4439085004 a.u.
  Excitation energy:                                               5.356946 eV



  V1^2 = 0.9759, V2^2 = 0.0241

  Important amplitudes:
      occ i     occ j     vir a      vir b          v   
    -----------------------------------------------------
     2 (A) A              4 (A) A                 0.6307
     2 (A) A              3 (A) A                -0.2751
    -----------------------------------------------------
  ----------------------------------------------------------------------------


  Excited state  5 (singlet, A)                                    [converged]
  ----------------------------------------------------------------------------
  Term symbol:  3 (1) A                                     R^2 =  8.40910e-07

  Total energy:                                            -14.4439084943 a.u.
  Excitation energy:                                               5.356947 eV



  V1^2 = 0.9759, V2^2 = 0.0241

  Important amplitudes:
      occ i     occ j     vir a      vir b          v   
    -----------------------------------------------------
     2 (A) A              5 (A) A                -0.6701
     2 (A) A              3 (A) A                -0.1534
    -----------------------------------------------------
  ----------------------------------------------------------------------------


  Excited state  6 (singlet, A)                                    [converged]
  ----------------------------------------------------------------------------
  Term symbol:  4 (1) A                                     R^2 =  7.45937e-07

  Total energy:                                            -14.4439084873 a.u.
  Excitation energy:                                               5.356947 eV



  V1^2 = 0.9759, V2^2 = 0.0241

  Important amplitudes:
      occ i     occ j     vir a      vir b          v   
    -----------------------------------------------------
     2 (A) A              3 (A) A                -0.6123
     2 (A) A              4 (A) A                -0.2735
    -----------------------------------------------------
  ----------------------------------------------------------------------------


  Excited state  7 (triplet, A)                                    [converged]
  ----------------------------------------------------------------------------
  Term symbol:  4 (3) A                                     R^2 =  1.35476e-07

  Total energy:                                            -14.3660862862 a.u.
  Excitation energy:                                               7.474596 eV


  V1^2 = 0.9927, V2^2 = 0.0073

  Important amplitudes:
      occ i     occ j     vir a      vir b          v   
    -----------------------------------------------------
     2 (A) A              6 (A) A                -0.6958
     2 (A) A             20 (A) A                 0.1098
    -----------------------------------------------------
  ----------------------------------------------------------------------------


  Excited state  8 (singlet, A)                                    [converged]
  ----------------------------------------------------------------------------
  Term symbol:  5 (1) A                                     R^2 =  4.32084e-07

  Total energy:                                            -14.3266029637 a.u.
  Excitation energy:                                               8.548992 eV



  V1^2 = 0.9693, V2^2 = 0.0307

  Important amplitudes:
      occ i     occ j     vir a      vir b          v   
    -----------------------------------------------------
     2 (A) A              6 (A) A                 0.6948
     2 (A) A   2 (A) B    6 (A) A    6 (A) B     -0.0489
    -----------------------------------------------------
  ----------------------------------------------------------------------------


  Excited state  9 (triplet, A)                                    [converged]
  ----------------------------------------------------------------------------
  Term symbol:  5 (3) A                                     R^2 =  5.71693e-08

  Total energy:                                            -14.3024806709 a.u.
  Excitation energy:                                               9.205393 eV


  V1^2 = 0.9930, V2^2 = 0.0070

  Important amplitudes:
      occ i     occ j     vir a      vir b          v   
    -----------------------------------------------------
     2 (A) A             11 (A) A                 0.5037
     2 (A) A              9 (A) A                -0.3909
    -----------------------------------------------------
  ----------------------------------------------------------------------------


  Excited state 10 (triplet, A)                                    [converged]
  ----------------------------------------------------------------------------
  Term symbol:  6 (3) A                                     R^2 =  5.71599e-08

  Total energy:                                            -14.3024806707 a.u.
  Excitation energy:                                               9.205393 eV


  V1^2 = 0.9930, V2^2 = 0.0070

  Important amplitudes:
      occ i     occ j     vir a      vir b          v   
    -----------------------------------------------------
     2 (A) A             10 (A) A                 0.4717
     2 (A) A              8 (A) A                 0.3070
    -----------------------------------------------------
  ----------------------------------------------------------------------------


  Excited state 11 (triplet, A)                                    [converged]
  ----------------------------------------------------------------------------
  Term symbol:  7 (3) A                                     R^2 =  5.71384e-08

  Total energy:                                            -14.3024806698 a.u.
  Excitation energy:                                               9.205393 eV


  V1^2 = 0.9930, V2^2 = 0.0070

  Important amplitudes:
      occ i     occ j     vir a      vir b          v   
    -----------------------------------------------------
     2 (A) A             10 (A) A                 0.4117
     2 (A) A              7 (A) A                -0.4035
    -----------------------------------------------------
  ----------------------------------------------------------------------------


  Excited state 12 (triplet, A)                                    [converged]
  ----------------------------------------------------------------------------
  Term symbol:  8 (3) A                                     R^2 =  5.71428e-08

  Total energy:                                            -14.3024806689 a.u.
  Excitation energy:                                               9.205393 eV


  V1^2 = 0.9930, V2^2 = 0.0070

  Important amplitudes:
      occ i     occ j     vir a      vir b          v   
    -----------------------------------------------------
     2 (A) A              9 (A) A                -0.4828
     2 (A) A             11 (A) A                -0.3462
    -----------------------------------------------------
  ----------------------------------------------------------------------------


  Excited state 13 (triplet, A)                                    [converged]
  ----------------------------------------------------------------------------
  Term symbol:  9 (3) A                                     R^2 =  5.71517e-08

  Total energy:                                            -14.3024806686 a.u.
  Excitation energy:                                               9.205393 eV


  V1^2 = 0.9930, V2^2 = 0.0070

  Important amplitudes:
      occ i     occ j     vir a      vir b          v   
    -----------------------------------------------------
     2 (A) A              8 (A) A                -0.5646
     2 (A) A              7 (A) A                 0.3753
    -----------------------------------------------------
  ----------------------------------------------------------------------------


  Excited state 14 (singlet, A)                                    [converged]
  ----------------------------------------------------------------------------
  Term symbol:  6 (1) A                                     R^2 =  2.67915e-07

  Total energy:                                            -14.2945018101 a.u.
  Excitation energy:                                               9.422509 eV



  V1^2 = 0.9652, V2^2 = 0.0348

  Important amplitudes:
      occ i     occ j     vir a      vir b          v   
    -----------------------------------------------------
     2 (A) A              9 (A) A                -0.4879
     2 (A) A             10 (A) A                -0.3848
    -----------------------------------------------------
  ----------------------------------------------------------------------------


  Excited state 15 (singlet, A)                                    [converged]
  ----------------------------------------------------------------------------
  Term symbol:  7 (1) A                                     R^2 =  2.37703e-07

  Total energy:                                            -14.2945018100 a.u.
  Excitation energy:                                               9.422509 eV



  V1^2 = 0.9652, V2^2 = 0.0348

  Important amplitudes:
      occ i     occ j     vir a      vir b          v   
    -----------------------------------------------------
     2 (A) A             10 (A) A                 0.4368
     2 (A) A              8 (A) A                -0.3358
    -----------------------------------------------------
  ----------------------------------------------------------------------------


  Excited state 16 (singlet, A)                                    [converged]
  ----------------------------------------------------------------------------
  Term symbol:  8 (1) A                                     R^2 =  2.54161e-07

  Total energy:                                            -14.2945018098 a.u.
  Excitation energy:                                               9.422509 eV



  V1^2 = 0.9652, V2^2 = 0.0348

  Important amplitudes:
      occ i     occ j     vir a      vir b          v   
    -----------------------------------------------------
     2 (A) A             11 (A) A                 0.5927
     2 (A) A              7 (A) A                -0.2571
    -----------------------------------------------------
  ----------------------------------------------------------------------------


  Excited state 17 (singlet, A)                                    [converged]
  ----------------------------------------------------------------------------
  Term symbol:  9 (1) A                                     R^2 =  2.65473e-07

  Total energy:                                            -14.2945018096 a.u.
  Excitation energy:                                               9.422509 eV



  V1^2 = 0.9652, V2^2 = 0.0348

  Important amplitudes:
      occ i     occ j     vir a      vir b          v   
    -----------------------------------------------------
     2 (A) A              7 (A) A                 0.4222
     2 (A) A              9 (A) A                -0.3941
    -----------------------------------------------------
  ----------------------------------------------------------------------------


  Excited state 18 (singlet, A)                                    [converged]
  ----------------------------------------------------------------------------
  Term symbol:  10 (1) A                                    R^2 =  3.29972e-07

  Total energy:                                            -14.2945018095 a.u.
  Excitation energy:                                               9.422509 eV



  V1^2 = 0.9652, V2^2 = 0.0348

  Important amplitudes:
      occ i     occ j     vir a      vir b          v   
    -----------------------------------------------------
     2 (A) A              8 (A) A                -0.5380
     2 (A) A              7 (A) A                 0.3428
    -----------------------------------------------------
  ----------------------------------------------------------------------------


  Excited state 19 (triplet, A)                                    [converged]
  ----------------------------------------------------------------------------
  Term symbol:  10 (3) A                                    R^2 =  1.23308e-07

  Total energy:                                            -14.2933781269 a.u.
  Excitation energy:                                               9.453086 eV


  V1^2 = 0.9908, V2^2 = 0.0092

  Important amplitudes:
      occ i     occ j     vir a      vir b          v   
    -----------------------------------------------------
     2 (A) A             13 (A) A                 0.6463
     2 (A) A              4 (A) A                 0.2503
    -----------------------------------------------------
  ----------------------------------------------------------------------------


  Excited state 20 (singlet, A)                                    [converged]
  ----------------------------------------------------------------------------
  Term symbol:  11 (1) A                                    R^2 =  2.80670e-07

  Total energy:                                            -14.2760193025 a.u.
  Excitation energy:                                               9.925444 eV



  V1^2 = 0.9653, V2^2 = 0.0347

  Important amplitudes:
      occ i     occ j     vir a      vir b          v   
    -----------------------------------------------------
     2 (A) A             13 (A) A                 0.6758
     2 (A) A              4 (A) A                 0.1142
    -----------------------------------------------------
  ----------------------------------------------------------------------------


eri_bbbb False
eri_ffff False
neweri maximag 1.28369537222e-16
neweri True
trans_bas True 0.0
focks agree True
fock True
fock diagonal True
max imags 4.77043462465e-08 3.60822483003e-16 3.60822483003e-16
overlap True
--------------------------------------------------------------------------------
