
--------------------------------------------------------------------------------
                                 MP(2) Summary                                  
--------------------------------------------------------------------------------
  MP energy contribution:                                   -0.0629740048 a.u.
  Total energy:                                            -14.6357482346 a.u.
--------------------------------------------------------------------------------
  Starting Davidson ... 
--------------------------------------------------------------------------------
   It NVec Conv  Avg. Norm  Max. Norm  Conv. states           Remark
--------------------------------------------------------------------------------
        10    0  5.993e-02  2.465e-01  0.2181 n n n n n n n n Guess.
    1   20    0  7.348e-03  4.059e-02  0.2091 n n n n n n n n 
    2   30    0  8.470e-04  6.552e-03  0.2090 n n n n n n n n 
    3   40    0  7.568e-05  4.999e-04  0.2090 n n n n n n n n 
    4   50    0  6.916e-06  6.175e-05  0.2090 n n n n n n n n 
    5   20    5  5.826e-07  4.106e-06  0.2090 y y y y n y n n Subspace collapsed.
    6   30    9  1.740e-07  1.429e-06  0.2090 y y y y y y y n 
    7   40   10  3.906e-08  2.734e-07  0.2090 y y y y y y y y Converged.
--------------------------------------------------------------------------------
  Davidson Summary: 
 ------------------------------------------------------------
  State  0: excitation energy =   0.2090 a.u.   (converged)
  State  1: excitation energy =   0.2090 a.u.   (converged)
  State  2: excitation energy =   0.2090 a.u.   (converged)
  State  3: excitation energy =   0.2837 a.u.   (converged)
  State  4: excitation energy =   0.3398 a.u.   (converged)
  State  5: excitation energy =   0.3398 a.u.   (converged)
  State  6: excitation energy =   0.3398 a.u.   (converged)
  State  7: excitation energy =   0.5690 a.u.   (converged)
  State  8: excitation energy =   0.6159 a.u.   (converged)
  State  9: excitation energy =   0.6159 a.u.   (converged)
 ------------------------------------------------------------

  Starting Davidson ... 
--------------------------------------------------------------------------------
   It NVec Conv  Avg. Norm  Max. Norm  Conv. states           Remark
--------------------------------------------------------------------------------
        10    0  5.250e-02  2.156e-01  0.0905 n n n n n n n n Guess.
    1   20    0  7.133e-03  3.847e-02  0.0871 n n n n n n n n 
    2   30    0  6.952e-04  4.634e-03  0.0871 n n n n n n n n 
    3   40    0  5.517e-05  3.485e-04  0.0871 n n n n n n n n 
    4   50    0  4.180e-06  2.823e-05  0.0871 n n n n n n n n 
    5   20    4  3.563e-07  1.818e-06  0.0871 y y n y n y n n Subspace collapsed.
    6   30   10  1.931e-08  9.338e-08  0.0871 y y y y y y y y Converged.
--------------------------------------------------------------------------------
  Davidson Summary: 
 ------------------------------------------------------------
  State  0: excitation energy =   0.0871 a.u.   (converged)
  State  1: excitation energy =   0.0871 a.u.   (converged)
  State  2: excitation energy =   0.0871 a.u.   (converged)
  State  3: excitation energy =   0.2499 a.u.   (converged)
  State  4: excitation energy =   0.3140 a.u.   (converged)
  State  5: excitation energy =   0.3140 a.u.   (converged)
  State  6: excitation energy =   0.3140 a.u.   (converged)
  State  7: excitation energy =   0.5381 a.u.   (converged)
  State  8: excitation energy =   0.6070 a.u.   (converged)
  State  9: excitation energy =   0.6070 a.u.   (converged)
 ------------------------------------------------------------


--------------------------------------------------------------------------------
                             Excited State Summary
--------------------------------------------------------------------------------
--------------------------------------------------------------------------------

  Excited state  1 (triplet, A)                                    [converged]
  ----------------------------------------------------------------------------
  Term symbol:  1 (3) A                                     R^2 =  4.91994e-08

  Total energy:                                            -14.5486884314 a.u.
  Excitation energy:                                               2.369018 eV


  V1^2 = 0.9985, V2^2 = 0.0015

  Important amplitudes:
      occ i     occ j     vir a      vir b          v   
    -----------------------------------------------------
     2 (A) A              5 (A) A                 0.6229
     2 (A) A              9 (A) A                 0.2461
    -----------------------------------------------------
  ----------------------------------------------------------------------------


  Excited state  2 (triplet, A)                                    [converged]
  ----------------------------------------------------------------------------
  Term symbol:  2 (3) A                                     R^2 =  2.31852e-08

  Total energy:                                            -14.5486884314 a.u.
  Excitation energy:                                               2.369018 eV


  V1^2 = 0.9985, V2^2 = 0.0015

  Important amplitudes:
      occ i     occ j     vir a      vir b          v   
    -----------------------------------------------------
     2 (A) A              3 (A) A                 0.6376
     2 (A) A              8 (A) A                -0.2913
    -----------------------------------------------------
  ----------------------------------------------------------------------------


  Excited state  3 (triplet, A)                                    [converged]
  ----------------------------------------------------------------------------
  Term symbol:  3 (3) A                                     R^2 =  5.39201e-08

  Total energy:                                            -14.5486884314 a.u.
  Excitation energy:                                               2.369018 eV


  V1^2 = 0.9985, V2^2 = 0.0015

  Important amplitudes:
      occ i     occ j     vir a      vir b          v   
    -----------------------------------------------------
     2 (A) A              4 (A) A                -0.6229
     2 (A) A              7 (A) A                -0.2457
    -----------------------------------------------------
  ----------------------------------------------------------------------------


  Excited state  4 (singlet, A)                                    [converged]
  ----------------------------------------------------------------------------
  Term symbol:  2 (1) A                                     R^2 =  1.80233e-09

  Total energy:                                            -14.4267094439 a.u.
  Excitation energy:                                               5.688235 eV



  V1^2 = 0.9929, V2^2 = 0.0071

  Important amplitudes:
      occ i     occ j     vir a      vir b          v   
    -----------------------------------------------------
     2 (A) A              5 (A) A                 0.6815
     2 (A) A              4 (A) A                -0.1489
    -----------------------------------------------------
  ----------------------------------------------------------------------------


  Excited state  5 (singlet, A)                                    [converged]
  ----------------------------------------------------------------------------
  Term symbol:  3 (1) A                                     R^2 =  1.23388e-09

  Total energy:                                            -14.4267094439 a.u.
  Excitation energy:                                               5.688235 eV



  V1^2 = 0.9929, V2^2 = 0.0071

  Important amplitudes:
      occ i     occ j     vir a      vir b          v   
    -----------------------------------------------------
     2 (A) A              3 (A) A                -0.6976
     2 (A) A              8 (A) A                 0.0943
    -----------------------------------------------------
  ----------------------------------------------------------------------------


  Excited state  6 (singlet, A)                                    [converged]
  ----------------------------------------------------------------------------
  Term symbol:  4 (1) A                                     R^2 =  1.91903e-09

  Total energy:                                            -14.4267094439 a.u.
  Excitation energy:                                               5.688235 eV



  V1^2 = 0.9929, V2^2 = 0.0071

  Important amplitudes:
      occ i     occ j     vir a      vir b          v   
    -----------------------------------------------------
     2 (A) A              4 (A) A                -0.6816
     2 (A) A              5 (A) A                -0.1489
    -----------------------------------------------------
  ----------------------------------------------------------------------------


  Excited state  7 (triplet, A)                                    [converged]
  ----------------------------------------------------------------------------
  Term symbol:  4 (3) A                                     R^2 =  3.10983e-08

  Total energy:                                            -14.3858754884 a.u.
  Excitation energy:                                               6.799383 eV


  V1^2 = 0.9928, V2^2 = 0.0072

  Important amplitudes:
      occ i     occ j     vir a      vir b          v   
    -----------------------------------------------------
     2 (A) A              6 (A) A                -0.6902
     2 (A) A             10 (A) A                -0.1392
    -----------------------------------------------------
  ----------------------------------------------------------------------------


  Excited state  8 (singlet, A)                                    [converged]
  ----------------------------------------------------------------------------
  Term symbol:  5 (1) A                                     R^2 =  2.04663e-08

  Total energy:                                            -14.3520365466 a.u.
  Excitation energy:                                               7.720188 eV



  V1^2 = 0.9728, V2^2 = 0.0272

  Important amplitudes:
      occ i     occ j     vir a      vir b          v   
    -----------------------------------------------------
     2 (A) A              6 (A) A                -0.6951
     2 (A) A             10 (A) A                -0.0573
    -----------------------------------------------------
  ----------------------------------------------------------------------------


  Excited state  9 (triplet, A)                                    [converged]
  ----------------------------------------------------------------------------
  Term symbol:  5 (3) A                                     R^2 =  8.39418e-08

  Total energy:                                            -14.3217973896 a.u.
  Excitation energy:                                               8.543037 eV


  V1^2 = 0.9925, V2^2 = 0.0075

  Important amplitudes:
      occ i     occ j     vir a      vir b          v   
    -----------------------------------------------------
     2 (A) A              9 (A) A                -0.5221
     2 (A) A              7 (A) A                -0.3319
    -----------------------------------------------------
  ----------------------------------------------------------------------------


  Excited state 10 (triplet, A)                                    [converged]
  ----------------------------------------------------------------------------
  Term symbol:  6 (3) A                                     R^2 =  2.45163e-08

  Total energy:                                            -14.3217973896 a.u.
  Excitation energy:                                               8.543037 eV


  V1^2 = 0.9925, V2^2 = 0.0075

  Important amplitudes:
      occ i     occ j     vir a      vir b          v   
    -----------------------------------------------------
     2 (A) A              8 (A) A                 0.6179
     2 (A) A              3 (A) A                 0.3023
    -----------------------------------------------------
  ----------------------------------------------------------------------------


  Excited state 11 (triplet, A)                                    [converged]
  ----------------------------------------------------------------------------
  Term symbol:  7 (3) A                                     R^2 =  9.33803e-08

  Total energy:                                            -14.3217973896 a.u.
  Excitation energy:                                               8.543037 eV


  V1^2 = 0.9925, V2^2 = 0.0075

  Important amplitudes:
      occ i     occ j     vir a      vir b          v   
    -----------------------------------------------------
     2 (A) A              7 (A) A                 0.5212
     2 (A) A              9 (A) A                -0.3331
    -----------------------------------------------------
  ----------------------------------------------------------------------------


  Excited state 12 (singlet, A)                                    [converged]
  ----------------------------------------------------------------------------
  Term symbol:  6 (1) A                                     R^2 =  2.43396e-07

  Total energy:                                            -14.2959318712 a.u.
  Excitation energy:                                               9.246874 eV



  V1^2 = 0.9788, V2^2 = 0.0212

  Important amplitudes:
      occ i     occ j     vir a      vir b          v   
    -----------------------------------------------------
     2 (A) A              9 (A) A                 0.5746
     2 (A) A              7 (A) A                 0.3650
    -----------------------------------------------------
  ----------------------------------------------------------------------------


  Excited state 13 (singlet, A)                                    [converged]
  ----------------------------------------------------------------------------
  Term symbol:  7 (1) A                                     R^2 =  1.82303e-09

  Total energy:                                            -14.2959318712 a.u.
  Excitation energy:                                               9.246874 eV



  V1^2 = 0.9788, V2^2 = 0.0212

  Important amplitudes:
      occ i     occ j     vir a      vir b          v   
    -----------------------------------------------------
     2 (A) A              8 (A) A                -0.6796
     2 (A) A             12 (A) A                 0.1213
    -----------------------------------------------------
  ----------------------------------------------------------------------------


  Excited state 14 (singlet, A)                                    [converged]
  ----------------------------------------------------------------------------
  Term symbol:  8 (1) A                                     R^2 =  2.73366e-07

  Total energy:                                            -14.2959318712 a.u.
  Excitation energy:                                               9.246874 eV



  V1^2 = 0.9788, V2^2 = 0.0212

  Important amplitudes:
      occ i     occ j     vir a      vir b          v   
    -----------------------------------------------------
     2 (A) A              7 (A) A                 0.5733
     2 (A) A              9 (A) A                -0.3663
    -----------------------------------------------------
  ----------------------------------------------------------------------------


  Excited state 15 (triplet, A)                                    [converged]
  ----------------------------------------------------------------------------
  Term symbol:  8 (3) A                                     R^2 =  7.56667e-08

  Total energy:                                            -14.0976827366 a.u.
  Excitation energy:                                              14.641507 eV


  V1^2 = 0.9872, V2^2 = 0.0128

  Important amplitudes:
      occ i     occ j     vir a      vir b          v   
    -----------------------------------------------------
     2 (A) A             10 (A) A                 0.6834
     2 (A) A              6 (A) A                -0.1396
    -----------------------------------------------------
  ----------------------------------------------------------------------------


  Excited state 16 (singlet, A)                                    [converged]
  ----------------------------------------------------------------------------
  Term symbol:  9 (1) A                                     R^2 =  9.73709e-08

  Total energy:                                            -14.0667045437 a.u.
  Excitation energy:                                              15.484466 eV



  V1^2 = 0.9607, V2^2 = 0.0393

  Important amplitudes:
      occ i     occ j     vir a      vir b          v   
    -----------------------------------------------------
     2 (A) A             10 (A) A                -0.6884
     2 (A) A              6 (A) A                 0.0611
    -----------------------------------------------------
  ----------------------------------------------------------------------------


  Excited state 17 (triplet, A)                                    [converged]
  ----------------------------------------------------------------------------
  Term symbol:  9 (3) A                                     R^2 =  6.46048e-08

  Total energy:                                            -14.0287470503 a.u.
  Excitation energy:                                              16.517342 eV


  V1^2 = 0.9912, V2^2 = 0.0088

  Important amplitudes:
      occ i     occ j     vir a      vir b          v   
    -----------------------------------------------------
     2 (A) A             13 (A) A                 0.6533
     2 (A) A             12 (A) A                -0.1806
    -----------------------------------------------------
  ----------------------------------------------------------------------------


  Excited state 18 (triplet, A)                                    [converged]
  ----------------------------------------------------------------------------
  Term symbol:  10 (3) A                                    R^2 =  6.46048e-08

  Total energy:                                            -14.0287470503 a.u.
  Excitation energy:                                              16.517342 eV


  V1^2 = 0.9912, V2^2 = 0.0088

  Important amplitudes:
      occ i     occ j     vir a      vir b          v   
    -----------------------------------------------------
     2 (A) A             12 (A) A                 0.6533
     2 (A) A             13 (A) A                 0.1806
    -----------------------------------------------------
  ----------------------------------------------------------------------------


  Excited state 19 (singlet, A)                                    [converged]
  ----------------------------------------------------------------------------
  Term symbol:  10 (1) A                                    R^2 =  6.58263e-08

  Total energy:                                            -14.0198888471 a.u.
  Excitation energy:                                              16.758386 eV



  V1^2 = 0.9546, V2^2 = 0.0454

  Important amplitudes:
      occ i     occ j     vir a      vir b          v   
    -----------------------------------------------------
     2 (A) A             13 (A) A                 0.6469
     2 (A) A             12 (A) A                -0.1789
    -----------------------------------------------------
  ----------------------------------------------------------------------------


  Excited state 20 (singlet, A)                                    [converged]
  ----------------------------------------------------------------------------
  Term symbol:  11 (1) A                                    R^2 =  6.58257e-08

  Total energy:                                            -14.0198888471 a.u.
  Excitation energy:                                              16.758386 eV



  V1^2 = 0.9546, V2^2 = 0.0454

  Important amplitudes:
      occ i     occ j     vir a      vir b          v   
    -----------------------------------------------------
     2 (A) A             12 (A) A                 0.6469
     2 (A) A             13 (A) A                 0.1789
    -----------------------------------------------------
  ----------------------------------------------------------------------------


eri_bbbb False
eri_ffff False
neweri maximag 1.35308431126e-16
neweri True
trans_bas True 0.0
focks agree True
fock True
fock diagonal True
max imags 6.20198890367e-09 3.88578058619e-16 3.88578058619e-16
overlap True
--------------------------------------------------------------------------------
