 iter         e1e         e2e        etot       scf_error  n_eprob_it
    1   -19.24813    4.687222   -14.56091       0.1533518           1
    2   -19.10486    4.532517   -14.57234      0.03042588           1
                  ****    Turning on DIIS   ****
    3   -19.07267    4.499825   -14.57284     0.006883921           1
    4   -19.06482     4.49195   -14.57287     0.001694686           1
    5   -19.06217    4.489301   -14.57287    4.396505e-05           1
    6   -19.06211    4.489233   -14.57287    2.542399e-07           1
    7   -19.06211    4.489233   -14.57287    2.109484e-08           1
 iter         e1e         e2e        etot       scf_error  n_eprob_it
    1   -19.92352    5.990942   -13.93258        2.091168           1
    2   -19.25924    4.727668   -14.53158       0.2859419           1
    3   -19.16763    4.628737    -14.5389      0.04579703           1
                  ****    Turning on DIIS   ****
    4   -19.14978    4.610658   -14.53912     0.008577776           1
    5   -19.14607    4.606939   -14.53913      0.00177264           1
    6   -19.14508    4.605947   -14.53913    5.908077e-05           1
    7   -19.14506    4.605928   -14.53913     4.71604e-08           1

--------------------------------------------------------------------------------
                                 MP(2) Summary                                  
--------------------------------------------------------------------------------
  MP energy contribution:                                   -0.0335615286 a.u.
  Total energy:                                            -14.6064349968 a.u.
--------------------------------------------------------------------------------
  Starting Davidson ... 
--------------------------------------------------------------------------------
   It NVec Conv  Avg. Norm  Max. Norm  Conv. states           Remark
--------------------------------------------------------------------------------
        20    0  4.424e-02  2.184e-01  0.2187 n n n n n n n n Guess.
    1   40    0  4.822e-02  3.432e-01  0.1926 n n n n n n n n 
    2   60    0  3.500e-02  3.996e-01  0.1926 n n n n n n n n 
    3   80    0  1.375e-03  1.508e-02  0.1926 n n n n n n n n 
    4  100    6  6.560e-05  5.891e-04  0.1926 y y y n y y y n 
    5   40    7  2.577e-06  2.004e-05  0.1926 y y y y y y y n Subspace collapsed.
    6   60   17  2.808e-07  3.181e-06  0.1926 y y y y y y y y 
    7   80   17  2.521e-07  2.906e-06  0.1926 y y y y y y y y 
    8  100   20  2.781e-08  3.202e-07  0.1926 y y y y y y y y Converged.
--------------------------------------------------------------------------------
  Davidson Summary: 
 ------------------------------------------------------------
  State  0: excitation energy =   0.1926 a.u.   (converged)
  State  1: excitation energy =   0.1926 a.u.   (converged)
  State  2: excitation energy =   0.1926 a.u.   (converged)
  State  3: excitation energy =   0.3302 a.u.   (converged)
  State  4: excitation energy =   0.3488 a.u.   (converged)
  State  5: excitation energy =   0.3488 a.u.   (converged)
  State  6: excitation energy =   0.3488 a.u.   (converged)
  State  7: excitation energy =   0.5154 a.u.   (converged)
  State  8: excitation energy =   0.5154 a.u.   (converged)
  State  9: excitation energy =   0.5154 a.u.   (converged)
  State 10: excitation energy =   0.5154 a.u.   (converged)
  State 11: excitation energy =   0.5154 a.u.   (converged)
  State 12: excitation energy =   0.7400 a.u.   (converged)
  State 13: excitation energy =   0.7400 a.u.   (converged)
  State 14: excitation energy =   0.7400 a.u.   (converged)
  State 15: excitation energy =   0.7400 a.u.   (converged)
  State 16: excitation energy =   0.7400 a.u.   (converged)
  State 17: excitation energy =   0.8624 a.u.   (converged)
  State 18: excitation energy =   0.8624 a.u.   (converged)
  State 19: excitation energy =   0.8624 a.u.   (converged)
 ------------------------------------------------------------

  Starting Davidson ... 
--------------------------------------------------------------------------------
   It NVec Conv  Avg. Norm  Max. Norm  Conv. states           Remark
--------------------------------------------------------------------------------
        10    0  3.991e-02  1.302e-01  0.0935 n n n n n n n n Guess.
    1   20    0  3.125e-03  1.335e-02  0.0864 n n n n n n n n 
    2   30    0  2.127e-04  8.196e-04  0.0864 n n n n n n n n 
    3   40    0  1.085e-05  4.421e-05  0.0864 n n n n n n n n 
    4   50    0  5.094e-07  2.254e-06  0.0864 n n n n n n n n 
    5   20   10  4.290e-08  2.135e-07  0.0864 y y y y y y y y Converged.
--------------------------------------------------------------------------------
  Davidson Summary: 
 ------------------------------------------------------------
  State  0: excitation energy =   0.0864 a.u.   (converged)
  State  1: excitation energy =   0.0864 a.u.   (converged)
  State  2: excitation energy =   0.0864 a.u.   (converged)
  State  3: excitation energy =   0.2764 a.u.   (converged)
  State  4: excitation energy =   0.3265 a.u.   (converged)
  State  5: excitation energy =   0.3265 a.u.   (converged)
  State  6: excitation energy =   0.3265 a.u.   (converged)
  State  7: excitation energy =   0.5082 a.u.   (converged)
  State  8: excitation energy =   0.5082 a.u.   (converged)
  State  9: excitation energy =   0.5082 a.u.   (converged)
 ------------------------------------------------------------


--------------------------------------------------------------------------------
                             Excited State Summary
--------------------------------------------------------------------------------
--------------------------------------------------------------------------------

  Excited state  1 (triplet, A)                                    [converged]
  ----------------------------------------------------------------------------
  Term symbol:  1 (3) A                                     R^2 =  6.12131e-08

  Total energy:                                            -14.5200174114 a.u.
  Excitation energy:                                               2.351542 eV


  V1^2 = 0.9963, V2^2 = 0.0037

  Important amplitudes:
      occ i     occ j     vir a      vir b          v   
    -----------------------------------------------------
     2 (A) A              4 (A) A                 0.5190
     2 (A) A              5 (A) A                 0.3660
    -----------------------------------------------------
  ----------------------------------------------------------------------------


  Excited state  2 (triplet, A)                                    [converged]
  ----------------------------------------------------------------------------
  Term symbol:  2 (3) A                                     R^2 =  6.12131e-08

  Total energy:                                            -14.5200174114 a.u.
  Excitation energy:                                               2.351542 eV


  V1^2 = 0.9963, V2^2 = 0.0037

  Important amplitudes:
      occ i     occ j     vir a      vir b          v   
    -----------------------------------------------------
     2 (A) A              5 (A) A                 0.5196
     2 (A) A              4 (A) A                -0.3815
    -----------------------------------------------------
  ----------------------------------------------------------------------------


  Excited state  3 (triplet, A)                                    [converged]
  ----------------------------------------------------------------------------
  Term symbol:  3 (3) A                                     R^2 =  6.12131e-08

  Total energy:                                            -14.5200174111 a.u.
  Excitation energy:                                               2.351542 eV


  V1^2 = 0.9963, V2^2 = 0.0037

  Important amplitudes:
      occ i     occ j     vir a      vir b          v   
    -----------------------------------------------------
     2 (A) A              3 (A) A                 0.6321
     2 (A) A              7 (A) A                -0.2116
    -----------------------------------------------------
  ----------------------------------------------------------------------------


  Excited state  4 (singlet, A)                                    [converged]
  ----------------------------------------------------------------------------
  Term symbol:  2 (1) A                                     R^2 =  6.38778e-11

  Total energy:                                            -14.4138198435 a.u.
  Excitation energy:                                               5.241325 eV



  V1^2 = 0.9780, V2^2 = 0.0220

  Important amplitudes:
      occ i     occ j     vir a      vir b          v   
    -----------------------------------------------------
     2 (A) A              4 (A) A                -0.6766
     2 (A) A              8 (A) A                 0.1204
    -----------------------------------------------------
  ----------------------------------------------------------------------------


  Excited state  5 (singlet, A)                                    [converged]
  ----------------------------------------------------------------------------
  Term symbol:  3 (1) A                                     R^2 =  6.38779e-11

  Total energy:                                            -14.4138198435 a.u.
  Excitation energy:                                               5.241325 eV



  V1^2 = 0.9780, V2^2 = 0.0220

  Important amplitudes:
      occ i     occ j     vir a      vir b          v   
    -----------------------------------------------------
     2 (A) A              5 (A) A                 0.6653
     2 (A) A              3 (A) A                -0.1417
    -----------------------------------------------------
  ----------------------------------------------------------------------------


  Excited state  6 (singlet, A)                                    [converged]
  ----------------------------------------------------------------------------
  Term symbol:  4 (1) A                                     R^2 =  6.38788e-11

  Total energy:                                            -14.4138198433 a.u.
  Excitation energy:                                               5.241325 eV



  V1^2 = 0.9780, V2^2 = 0.0220

  Important amplitudes:
      occ i     occ j     vir a      vir b          v   
    -----------------------------------------------------
     2 (A) A              3 (A) A                -0.6719
     2 (A) A              5 (A) A                -0.1319
    -----------------------------------------------------
  ----------------------------------------------------------------------------


  Excited state  7 (triplet, A)                                    [converged]
  ----------------------------------------------------------------------------
  Term symbol:  4 (3) A                                     R^2 =  1.11984e-07

  Total energy:                                            -14.3300258132 a.u.
  Excitation energy:                                               7.521476 eV


  V1^2 = 0.9939, V2^2 = 0.0061

  Important amplitudes:
      occ i     occ j     vir a      vir b          v   
    -----------------------------------------------------
     2 (A) A              6 (A) A                 0.7037
     2 (A) A             30 (A) A                 0.0413
    -----------------------------------------------------
  ----------------------------------------------------------------------------


  Excited state  8 (triplet, A)                                    [converged]
  ----------------------------------------------------------------------------
  Term symbol:  5 (3) A                                     R^2 =  2.13465e-07

  Total energy:                                            -14.2799314386 a.u.
  Excitation energy:                                               8.884614 eV


  V1^2 = 0.9936, V2^2 = 0.0064

  Important amplitudes:
      occ i     occ j     vir a      vir b          v   
    -----------------------------------------------------
     2 (A) A              8 (A) A                 0.6293
     2 (A) A              4 (A) A                 0.2630
    -----------------------------------------------------
  ----------------------------------------------------------------------------


  Excited state  9 (triplet, A)                                    [converged]
  ----------------------------------------------------------------------------
  Term symbol:  6 (3) A                                     R^2 =  2.13465e-07

  Total energy:                                            -14.2799314386 a.u.
  Excitation energy:                                               8.884614 eV


  V1^2 = 0.9936, V2^2 = 0.0064

  Important amplitudes:
      occ i     occ j     vir a      vir b          v   
    -----------------------------------------------------
     2 (A) A              9 (A) A                -0.4819
     2 (A) A              7 (A) A                 0.4056
    -----------------------------------------------------
  ----------------------------------------------------------------------------


  Excited state 10 (triplet, A)                                    [converged]
  ----------------------------------------------------------------------------
  Term symbol:  7 (3) A                                     R^2 =  2.13465e-07

  Total energy:                                            -14.2799314377 a.u.
  Excitation energy:                                               8.884614 eV


  V1^2 = 0.9936, V2^2 = 0.0064

  Important amplitudes:
      occ i     occ j     vir a      vir b          v   
    -----------------------------------------------------
     2 (A) A              7 (A) A                 0.4884
     2 (A) A              9 (A) A                 0.4185
    -----------------------------------------------------
  ----------------------------------------------------------------------------


  Excited state 11 (singlet, A)                                    [converged]
  ----------------------------------------------------------------------------
  Term symbol:  5 (1) A                                     R^2 =  2.34788e-09

  Total energy:                                            -14.2762408897 a.u.
  Excitation energy:                                               8.985039 eV



  V1^2 = 0.9676, V2^2 = 0.0324

  Important amplitudes:
      occ i     occ j     vir a      vir b          v   
    -----------------------------------------------------
     2 (A) A              6 (A) A                 0.6954
     2 (A) A   2 (A) B    6 (A) A    6 (A) B      0.0417
    -----------------------------------------------------
  ----------------------------------------------------------------------------


  Excited state 12 (singlet, A)                                    [converged]
  ----------------------------------------------------------------------------
  Term symbol:  6 (1) A                                     R^2 =  6.18497e-12

  Total energy:                                            -14.2576691111 a.u.
  Excitation energy:                                               9.490402 eV



  V1^2 = 0.9675, V2^2 = 0.0325

  Important amplitudes:
      occ i     occ j     vir a      vir b          v   
    -----------------------------------------------------
     2 (A) A              9 (A) A                 0.5174
     2 (A) A              7 (A) A                -0.4410
    -----------------------------------------------------
  ----------------------------------------------------------------------------


  Excited state 13 (singlet, A)                                    [converged]
  ----------------------------------------------------------------------------
  Term symbol:  7 (1) A                                     R^2 =  6.18578e-12

  Total energy:                                            -14.2576691111 a.u.
  Excitation energy:                                               9.490402 eV



  V1^2 = 0.9675, V2^2 = 0.0325

  Important amplitudes:
      occ i     occ j     vir a      vir b          v   
    -----------------------------------------------------
     2 (A) A              8 (A) A                -0.6793
     2 (A) A              4 (A) A                -0.1204
    -----------------------------------------------------
  ----------------------------------------------------------------------------


  Excited state 14 (singlet, A)                                    [converged]
  ----------------------------------------------------------------------------
  Term symbol:  8 (1) A                                     R^2 =  6.18394e-12

  Total energy:                                            -14.2576691100 a.u.
  Excitation energy:                                               9.490402 eV



  V1^2 = 0.9675, V2^2 = 0.0325

  Important amplitudes:
      occ i     occ j     vir a      vir b          v   
    -----------------------------------------------------
     2 (A) A              7 (A) A                -0.5169
     2 (A) A              9 (A) A                -0.4429
    -----------------------------------------------------
  ----------------------------------------------------------------------------


  Excited state 15 (triplet, A)                                    [converged]
  ----------------------------------------------------------------------------
  Term symbol:  8 (3) A                                     R^2 =  8.85663e-08

  Total energy:                                            -14.0982057135 a.u.
  Excitation energy:                                              13.829622 eV


  V1^2 = 0.9960, V2^2 = 0.0040

  Important amplitudes:
      occ i     occ j     vir a      vir b          v   
    -----------------------------------------------------
     2 (A) A             10 (A) A                -0.5944
     2 (A) A             12 (A) A                 0.3554
    -----------------------------------------------------
  ----------------------------------------------------------------------------


  Excited state 16 (triplet, A)                                    [converged]
  ----------------------------------------------------------------------------
  Term symbol:  9 (3) A                                     R^2 =  8.85663e-08

  Total energy:                                            -14.0982057135 a.u.
  Excitation energy:                                              13.829622 eV


  V1^2 = 0.9960, V2^2 = 0.0040

  Important amplitudes:
      occ i     occ j     vir a      vir b          v   
    -----------------------------------------------------
     2 (A) A             12 (A) A                -0.4918
     2 (A) A             10 (A) A                -0.3692
    -----------------------------------------------------
  ----------------------------------------------------------------------------


  Excited state 17 (triplet, A)                                    [converged]
  ----------------------------------------------------------------------------
  Term symbol:  10 (3) A                                    R^2 =  8.85663e-08

  Total energy:                                            -14.0982057135 a.u.
  Excitation energy:                                              13.829622 eV


  V1^2 = 0.9960, V2^2 = 0.0040

  Important amplitudes:
      occ i     occ j     vir a      vir b          v   
    -----------------------------------------------------
     2 (A) A             11 (A) A                 0.6011
     2 (A) A             12 (A) A                -0.3582
    -----------------------------------------------------
  ----------------------------------------------------------------------------


  Excited state 18 (singlet, A)                                    [converged]
  ----------------------------------------------------------------------------
  Term symbol:  9 (1) A                                     R^2 =  5.52713e-10

  Total energy:                                            -14.0910685713 a.u.
  Excitation energy:                                              14.023834 eV



  V1^2 = 0.8654, V2^2 = 0.1346

  Important amplitudes:
      occ i     occ j     vir a      vir b          v   
    -----------------------------------------------------
     2 (A) A             13 (A) A                -0.5210
     2 (A) A             11 (A) A                -0.3306
    -----------------------------------------------------
  ----------------------------------------------------------------------------


  Excited state 19 (singlet, A)                                    [converged]
  ----------------------------------------------------------------------------
  Term symbol:  10 (1) A                                    R^2 =  5.52713e-10

  Total energy:                                            -14.0910685713 a.u.
  Excitation energy:                                              14.023834 eV



  V1^2 = 0.8654, V2^2 = 0.1346

  Important amplitudes:
      occ i     occ j     vir a      vir b          v   
    -----------------------------------------------------
     2 (A) A             11 (A) A                -0.5204
     2 (A) A             13 (A) A                 0.2812
    -----------------------------------------------------
  ----------------------------------------------------------------------------


  Excited state 20 (singlet, A)                                    [converged]
  ----------------------------------------------------------------------------
  Term symbol:  11 (1) A                                    R^2 =  5.52714e-10

  Total energy:                                            -14.0910685713 a.u.
  Excitation energy:                                              14.023834 eV



  V1^2 = 0.8654, V2^2 = 0.1346

  Important amplitudes:
      occ i     occ j     vir a      vir b          v   
    -----------------------------------------------------
     2 (A) A             12 (A) A                -0.5384
     2 (A) A             10 (A) A                -0.3331
    -----------------------------------------------------
  ----------------------------------------------------------------------------


  Excited state 21 (singlet, A)                                    [converged]
  ----------------------------------------------------------------------------
  Term symbol:  12 (1) A                                    R^2 =  5.52713e-10

  Total energy:                                            -14.0910685712 a.u.
  Excitation energy:                                              14.023834 eV



  V1^2 = 0.8654, V2^2 = 0.1346

  Important amplitudes:
      occ i     occ j     vir a      vir b          v   
    -----------------------------------------------------
     2 (A) A             14 (A) A                 0.5511
     2 (A) A             13 (A) A                 0.2726
    -----------------------------------------------------
  ----------------------------------------------------------------------------


  Excited state 22 (singlet, A)                                    [converged]
  ----------------------------------------------------------------------------
  Term symbol:  13 (1) A                                    R^2 =  5.52713e-10

  Total energy:                                            -14.0910685712 a.u.
  Excitation energy:                                              14.023834 eV



  V1^2 = 0.8654, V2^2 = 0.1346

  Important amplitudes:
      occ i     occ j     vir a      vir b          v   
    -----------------------------------------------------
     2 (A) A             10 (A) A                 0.5102
     2 (A) A             12 (A) A                -0.3285
    -----------------------------------------------------
  ----------------------------------------------------------------------------


  Excited state 23 (singlet, A)                                    [converged]
  ----------------------------------------------------------------------------
  Term symbol:  14 (1) A                                    R^2 =  1.84916e-08

  Total energy:                                            -13.8664206782 a.u.
  Excitation energy:                                              20.136814 eV



  V1^2 = 0.0902, V2^2 = 0.9098

  Important amplitudes:
      occ i     occ j     vir a      vir b          v   
    -----------------------------------------------------
     2 (A) A   2 (A) B    4 (A) A    4 (A) B      0.3274
     2 (A) A   2 (A) B    5 (A) A    5 (A) B     -0.3164
    -----------------------------------------------------
  ----------------------------------------------------------------------------


  Excited state 24 (singlet, A)                                    [converged]
  ----------------------------------------------------------------------------
  Term symbol:  15 (1) A                                    R^2 =  1.84916e-08

  Total energy:                                            -13.8664206782 a.u.
  Excitation energy:                                              20.136814 eV



  V1^2 = 0.0902, V2^2 = 0.9098

  Important amplitudes:
      occ i     occ j     vir a      vir b          v   
    -----------------------------------------------------
     2 (A) A   2 (A) B    4 (A) A    5 (A) B      0.3219
     2 (A) A             14 (A) A                 0.1828
    -----------------------------------------------------
  ----------------------------------------------------------------------------


  Excited state 25 (singlet, A)                                    [converged]
  ----------------------------------------------------------------------------
  Term symbol:  16 (1) A                                    R^2 =  1.84916e-08

  Total energy:                                            -13.8664206782 a.u.
  Excitation energy:                                              20.136814 eV



  V1^2 = 0.0902, V2^2 = 0.9098

  Important amplitudes:
      occ i     occ j     vir a      vir b          v   
    -----------------------------------------------------
     2 (A) A   2 (A) B    3 (A) A    4 (A) B     -0.3206
     2 (A) A             12 (A) A                -0.1629
    -----------------------------------------------------
  ----------------------------------------------------------------------------


  Excited state 26 (singlet, A)                                    [converged]
  ----------------------------------------------------------------------------
  Term symbol:  17 (1) A                                    R^2 =  1.84916e-08

  Total energy:                                            -13.8664206782 a.u.
  Excitation energy:                                              20.136814 eV



  V1^2 = 0.0902, V2^2 = 0.9098

  Important amplitudes:
      occ i     occ j     vir a      vir b          v   
    -----------------------------------------------------
     2 (A) A   2 (A) B    3 (A) A    5 (A) B     -0.3087
     2 (A) A             11 (A) A                 0.1570
    -----------------------------------------------------
  ----------------------------------------------------------------------------


  Excited state 27 (singlet, A)                                    [converged]
  ----------------------------------------------------------------------------
  Term symbol:  18 (1) A                                    R^2 =  1.84916e-08

  Total energy:                                            -13.8664206782 a.u.
  Excitation energy:                                              20.136814 eV



  V1^2 = 0.0902, V2^2 = 0.9098

  Important amplitudes:
      occ i     occ j     vir a      vir b          v   
    -----------------------------------------------------
     2 (A) A   2 (A) B    3 (A) A    3 (A) B      0.3594
     2 (A) A   2 (A) B    4 (A) A    4 (A) B     -0.1873
    -----------------------------------------------------
  ----------------------------------------------------------------------------


  Excited state 28 (singlet, A)                                    [converged]
  ----------------------------------------------------------------------------
  Term symbol:  19 (1) A                                    R^2 =  3.20185e-07

  Total energy:                                            -13.7440319703 a.u.
  Excitation energy:                                              23.467180 eV



  V1^2 = 0.0772, V2^2 = 0.9228

  Important amplitudes:
      occ i     occ j     vir a      vir b          v   
    -----------------------------------------------------
     2 (A) A   2 (A) B    3 (A) A    6 (A) B     -0.3303
     2 (A) A             17 (A) A                 0.1529
    -----------------------------------------------------
  ----------------------------------------------------------------------------


  Excited state 29 (singlet, A)                                    [converged]
  ----------------------------------------------------------------------------
  Term symbol:  20 (1) A                                    R^2 =  3.20171e-07

  Total energy:                                            -13.7440319700 a.u.
  Excitation energy:                                              23.467180 eV



  V1^2 = 0.0772, V2^2 = 0.9228

  Important amplitudes:
      occ i     occ j     vir a      vir b          v   
    -----------------------------------------------------
     2 (A) A   2 (A) B    4 (A) A    6 (A) B      0.3353
     2 (A) A             16 (A) A                 0.1420
    -----------------------------------------------------
  ----------------------------------------------------------------------------


  Excited state 30 (singlet, A)                                    [converged]
  ----------------------------------------------------------------------------
  Term symbol:  21 (1) A                                    R^2 =  3.20177e-07

  Total energy:                                            -13.7440319700 a.u.
  Excitation energy:                                              23.467180 eV



  V1^2 = 0.0772, V2^2 = 0.9228

  Important amplitudes:
      occ i     occ j     vir a      vir b          v   
    -----------------------------------------------------
     2 (A) A   2 (A) B    5 (A) A    6 (A) B      0.3302
     2 (A) A             15 (A) A                -0.1420
    -----------------------------------------------------
  ----------------------------------------------------------------------------


----
----
----
----
--------------------------------------------------------------------------------
