 iter         e1e         e2e        etot       scf_error  n_eprob_it
    1   -19.24813    4.687222   -14.56091       0.1533518           1
    2   -19.10486    4.532517   -14.57234      0.03042588           1
                  ****    Turning on DIIS   ****
    3   -19.07267    4.499825   -14.57284     0.006883921           1
    4   -19.06482     4.49195   -14.57287     0.001694686           1
    5   -19.06217    4.489301   -14.57287    4.396505e-05           1
    6   -19.06211    4.489233   -14.57287    2.542399e-07           1
    7   -19.06211    4.489233   -14.57287    2.109484e-08           1

SCF converged after
          7  iterations
          0  matrix applies

Final SCF errors:
      Pulay error norm  =  2.1094836e-08
      Final ΔE_1e       =  4.419401e-07
      Final ΔE_total    =  4.7961635e-14

Final energies:
      coulomb             =     7.156170975
      exchange            =    -2.666938425
      kinetic             =     14.57287649
      nuclear_attraction  =    -33.63498251
      nuclear_repulsion   =               0

      E_1e                =    -19.06210602
      E_2e                =      4.48923255
      E electronic        =    -14.57287347

      E_pot               =    -29.14574996
      E_kin               =     14.57287649
      virial ratio        =     1.999999793

      E_total             =     -14.572873468247

Orbital occupation:
      a                        b
      *     -4.732566          *
      *   -0.30925446          *
          0.049954039           
          0.049954039           
          0.049954039           
           0.18568725           
           0.25295211           
           0.25295211           
           0.25295211           
            0.4725217           
            0.4725217           
            0.4725217           
            0.4725217           
            0.4725217           
            1.0010733           
            1.0010733           
            1.0010733           
            1.3017621           
            1.3017621           
            1.3017621           
            1.3017621           
            1.3017621           
            1.3017621           
            1.3017621           
            1.3819143           
            1.3819143           
            1.3819143           
            1.3819143           
            1.3819143           
            1.4654828           


--------------------------------------------------------------------------------
                                 MP(2) Summary                                  
--------------------------------------------------------------------------------
  MP energy contribution:                                   -0.0335615286 a.u.
  Total energy:                                            -14.6064349968 a.u.
--------------------------------------------------------------------------------
  Starting Davidson ... 
--------------------------------------------------------------------------------
   It NVec Conv  Avg. Norm  Max. Norm  Conv. states           Remark
--------------------------------------------------------------------------------
         5    0  8.618e-02  2.113e-01  0.2194 n n n n n       Guess.
    1   10    0  1.025e-02  3.077e-02  0.1927 n n n n n       
    2   15    0  1.701e-03  5.791e-03  0.1926 n n n n n       
    3   20    0  3.585e-04  1.263e-03  0.1926 n n n n n       
    4   25    0  6.664e-05  2.356e-04  0.1926 n n n n n       
    5   10    3  5.993e-06  2.118e-05  0.1926 y n n y y       Subspace collapsed.
    6   15    3  8.189e-07  3.126e-06  0.1926 y n n y y       
    7   20    3  3.532e-07  1.285e-06  0.1926 y n n y y       
    8   25    3  3.358e-07  1.282e-06  0.1926 y n n y y       
    9   10    3  3.427e-07  1.274e-06  0.1926 y n n y y       Subspace collapsed.
   10   15    5  7.745e-08  3.162e-07  0.1926 y y y y y       Converged.
--------------------------------------------------------------------------------
  Davidson Summary: 
 ------------------------------------------------------------
  State  0: excitation energy =   0.1926 a.u.   (converged)
  State  1: excitation energy =   0.1926 a.u.   (converged)
  State  2: excitation energy =   0.1926 a.u.   (converged)
  State  3: excitation energy =   0.3302 a.u.   (converged)
  State  4: excitation energy =   0.3488 a.u.   (converged)
 ------------------------------------------------------------


--------------------------------------------------------------------------------
                             Excited State Summary
--------------------------------------------------------------------------------
--------------------------------------------------------------------------------

  Excited state 1 (singlet, A)                                     [converged]
  ----------------------------------------------------------------------------
  Term symbol:  2 (1) A                                     R^2 =  9.28659e-09

  Total energy:                                            -14.4138198435 a.u.
  Excitation energy:                                               5.241325 eV



  V1^2 = 0.9780, V2^2 = 0.0220

  Important amplitudes:
      occ i     occ j     vir a      vir b          v   
    -----------------------------------------------------
     2 (A) A              4 (A) A                 0.6793
     2 (A) A              8 (A) A                -0.1205
    -----------------------------------------------------
  ----------------------------------------------------------------------------


  Excited state 2 (singlet, A)                                     [converged]
  ----------------------------------------------------------------------------
  Term symbol:  3 (1) A                                     R^2 =  3.16245e-07

  Total energy:                                            -14.4138198435 a.u.
  Excitation energy:                                               5.241325 eV



  V1^2 = 0.9780, V2^2 = 0.0220

  Important amplitudes:
      occ i     occ j     vir a      vir b          v   
    -----------------------------------------------------
     2 (A) A              5 (A) A                 0.6685
     2 (A) A              3 (A) A                -0.1403
    -----------------------------------------------------
  ----------------------------------------------------------------------------


  Excited state 3 (singlet, A)                                     [converged]
  ----------------------------------------------------------------------------
  Term symbol:  4 (1) A                                     R^2 =  2.23262e-07

  Total energy:                                            -14.4138198433 a.u.
  Excitation energy:                                               5.241325 eV



  V1^2 = 0.9780, V2^2 = 0.0220

  Important amplitudes:
      occ i     occ j     vir a      vir b          v   
    -----------------------------------------------------
     2 (A) A              3 (A) A                 0.6719
     2 (A) A              5 (A) A                 0.1319
    -----------------------------------------------------
  ----------------------------------------------------------------------------


  Excited state 4 (singlet, A)                                     [converged]
  ----------------------------------------------------------------------------
  Term symbol:  5 (1) A                                     R^2 =  2.71525e-10

  Total energy:                                            -14.2762408897 a.u.
  Excitation energy:                                               8.985039 eV



  V1^2 = 0.9676, V2^2 = 0.0324

  Important amplitudes:
      occ i     occ j     vir a      vir b          v   
    -----------------------------------------------------
     2 (A) A              6 (A) A                 0.6954
     2 (A) A   2 (A) B    6 (A) A    6 (A) B      0.0417
    -----------------------------------------------------
  ----------------------------------------------------------------------------


  Excited state 5 (singlet, A)                                     [converged]
  ----------------------------------------------------------------------------
  Term symbol:  6 (1) A                                     R^2 =  9.36881e-10

  Total energy:                                            -14.2576691111 a.u.
  Excitation energy:                                               9.490402 eV



  V1^2 = 0.9675, V2^2 = 0.0325

  Important amplitudes:
      occ i     occ j     vir a      vir b          v   
    -----------------------------------------------------
     2 (A) A              8 (A) A                -0.6813
     2 (A) A              4 (A) A                -0.1210
    -----------------------------------------------------
  ----------------------------------------------------------------------------


==========================================================================
     molsturm out   ...   and now for something completely different
==========================================================================
Lord Cyril Cleeve: [rummaging through the scrolls] Where's the treasure?
Angus MacGyver:    I think you're looking at it.
--------------------------------------------------------------------------------
